nohup: ignoring input
2025-12-07 00:30:03,659 | INFO | Logger initialized. Log file: ./tsp_nls/survey_results_last_without_ls/20251207_003003_test_TSPLIB_Survey.log
2025-12-07 00:30:06,813 | INFO | checkpoint: ./pretrained/tsp_nls/200/tsp200_sd0/50.pt
2025-12-07 00:30:06,814 | INFO | instances: 228, dim range: 29–100000 (median 2163)
2025-12-07 00:30:06,814 | INFO | device: cuda:0+cpu
2025-12-07 00:30:06,814 | INFO | n_ants: 100
2025-12-07 00:30:06,814 | INFO | n_iter: 100
2025-12-07 00:30:06,814 | INFO | k_sparse_factor: 10
2025-12-07 00:30:06,814 | INFO | guided_exploration: True
2025-12-07 00:30:06,814 | INFO | seed: 0
2025-12-07 00:30:07,436 | INFO | Model loaded successfully.
Testing instance wi29, dim=29 ...
2025-12-07 00:30:14,644 | INFO | Instance wi29, dim=29, length=28779, optimal=27603, gap=4.260%, time=7.2080s
Testing instance dj38, dim=38 ...
2025-12-07 00:30:25,974 | INFO | Instance dj38, dim=38, length=6656, optimal=6656, gap=0.000%, time=11.3289s
Testing instance eil51, dim=51 ...
2025-12-07 00:30:45,402 | INFO | Instance eil51, dim=51, length=452, optimal=426, gap=6.103%, time=19.4077s
Testing instance berlin52, dim=52 ...
2025-12-07 00:31:01,330 | INFO | Instance berlin52, dim=52, length=7542, optimal=7542, gap=0.000%, time=15.9250s
Testing instance st70, dim=70 ...
2025-12-07 00:31:25,335 | INFO | Instance st70, dim=70, length=765, optimal=675, gap=13.333%, time=23.9615s
Testing instance eil76, dim=76 ...
2025-12-07 00:31:49,273 | INFO | Instance eil76, dim=76, length=581, optimal=538, gap=7.993%, time=23.9162s
Testing instance pr76, dim=76 ...
2025-12-07 00:32:13,375 | INFO | Instance pr76, dim=76, length=120451, optimal=108159, gap=11.365%, time=24.0816s
Testing instance rat99, dim=99 ...
2025-12-07 00:32:37,581 | INFO | Instance rat99, dim=99, length=1291, optimal=1211, gap=6.606%, time=24.1966s
Testing instance kroA100, dim=100 ...
2025-12-07 00:33:03,655 | INFO | Instance kroA100, dim=100, length=24356, optimal=21282, gap=14.444%, time=26.0520s
Testing instance kroB100, dim=100 ...
2025-12-07 00:33:29,305 | INFO | Instance kroB100, dim=100, length=24380, optimal=22141, gap=10.112%, time=25.6295s
Testing instance kroC100, dim=100 ...
2025-12-07 00:33:55,181 | INFO | Instance kroC100, dim=100, length=24425, optimal=20749, gap=17.717%, time=25.8554s
Testing instance kroD100, dim=100 ...
2025-12-07 00:34:21,412 | INFO | Instance kroD100, dim=100, length=24480, optimal=21294, gap=14.962%, time=26.2103s
Testing instance kroE100, dim=100 ...
2025-12-07 00:34:47,698 | INFO | Instance kroE100, dim=100, length=24182, optimal=22068, gap=9.579%, time=26.2651s
Testing instance rd100, dim=100 ...
2025-12-07 00:35:14,395 | INFO | Instance rd100, dim=100, length=9242, optimal=7910, gap=16.839%, time=26.6759s
Testing instance eil101, dim=101 ...
2025-12-07 00:35:40,572 | INFO | Instance eil101, dim=101, length=725, optimal=629, gap=15.262%, time=26.1560s
Testing instance lin105, dim=105 ...
2025-12-07 00:36:07,424 | INFO | Instance lin105, dim=105, length=15266, optimal=14379, gap=6.169%, time=26.8311s
Testing instance pr107, dim=107 ...
2025-12-07 00:36:34,319 | INFO | Instance pr107, dim=107, length=50934, optimal=44303, gap=14.967%, time=26.8742s
Testing instance pr124, dim=124 ...
2025-12-07 00:37:04,290 | INFO | Instance pr124, dim=124, length=62291, optimal=59030, gap=5.524%, time=29.9504s
Testing instance bier127, dim=127 ...
2025-12-07 00:37:34,565 | INFO | Instance bier127, dim=127, length=126507, optimal=118282, gap=6.954%, time=30.2521s
Testing instance ch130, dim=130 ...
2025-12-07 00:38:06,101 | INFO | Instance ch130, dim=130, length=7211, optimal=6110, gap=18.020%, time=31.5145s
Testing instance xqf131, dim=131 ...
2025-12-07 00:38:36,927 | INFO | Instance xqf131, dim=131, length=696, optimal=564, gap=23.404%, time=30.8048s
Testing instance pr136, dim=136 ...
2025-12-07 00:39:07,690 | INFO | Instance pr136, dim=136, length=123889, optimal=96772, gap=28.022%, time=30.7405s
Testing instance pr144, dim=144 ...
2025-12-07 00:39:41,278 | INFO | Instance pr144, dim=144, length=61864, optimal=58537, gap=5.684%, time=33.5671s
Testing instance ch150, dim=150 ...
2025-12-07 00:40:15,359 | INFO | Instance ch150, dim=150, length=7092, optimal=6528, gap=8.640%, time=34.0596s
Testing instance kroA150, dim=150 ...
2025-12-07 00:40:49,396 | INFO | Instance kroA150, dim=150, length=34405, optimal=26524, gap=29.713%, time=34.0145s
Testing instance kroB150, dim=150 ...
2025-12-07 00:41:23,575 | INFO | Instance kroB150, dim=150, length=31395, optimal=26130, gap=20.149%, time=34.1566s
Testing instance pr152, dim=152 ...
2025-12-07 00:41:59,170 | INFO | Instance pr152, dim=152, length=76875, optimal=73682, gap=4.333%, time=35.5737s
Testing instance u159, dim=159 ...
2025-12-07 00:42:35,327 | INFO | Instance u159, dim=159, length=47424, optimal=42080, gap=12.700%, time=36.1357s
Testing instance qa194, dim=194 ...
2025-12-07 00:43:34,333 | INFO | Instance qa194, dim=194, length=13091, optimal=9352, gap=39.981%, time=58.9790s
Testing instance rat195, dim=195 ...
2025-12-07 00:44:28,708 | INFO | Instance rat195, dim=195, length=2787, optimal=2323, gap=19.974%, time=54.3518s
Testing instance d198, dim=198 ...
2025-12-07 00:45:33,275 | INFO | Instance d198, dim=198, length=19240, optimal=15780, gap=21.926%, time=64.5452s
Testing instance kroA200, dim=200 ...
2025-12-07 00:46:36,786 | INFO | Instance kroA200, dim=200, length=36969, optimal=29368, gap=25.882%, time=63.4881s
Testing instance kroB200, dim=200 ...
2025-12-07 00:47:40,350 | INFO | Instance kroB200, dim=200, length=38226, optimal=29437, gap=29.857%, time=63.5409s
Testing instance ts225, dim=225 ...
2025-12-07 00:48:44,039 | INFO | Instance ts225, dim=225, length=129985, optimal=126643, gap=2.639%, time=63.6663s
Testing instance tsp225, dim=225 ...
2025-12-07 00:49:51,566 | INFO | Instance tsp225, dim=225, length=4880, optimal=3916, gap=24.617%, time=67.5038s
Testing instance pr226, dim=226 ...
2025-12-07 00:51:02,123 | INFO | Instance pr226, dim=226, length=104080, optimal=80369, gap=29.503%, time=70.5349s
Testing instance xqg237, dim=237 ...
2025-12-07 00:52:16,472 | INFO | Instance xqg237, dim=237, length=1296, optimal=1019, gap=27.184%, time=74.3245s
Testing instance gil262, dim=262 ...
2025-12-07 00:53:40,258 | INFO | Instance gil262, dim=262, length=2951, optimal=2378, gap=24.096%, time=83.7637s
Testing instance pr264, dim=264 ...
2025-12-07 00:55:05,084 | INFO | Instance pr264, dim=264, length=61058, optimal=49135, gap=24.266%, time=84.8023s
Testing instance a280, dim=280 ...
2025-12-07 00:56:30,832 | INFO | Instance a280, dim=280, length=3478, optimal=2579, gap=34.858%, time=85.7241s
Testing instance pr299, dim=299 ...
2025-12-07 00:58:12,125 | INFO | Instance pr299, dim=299, length=68518, optimal=48191, gap=42.180%, time=101.2687s
Testing instance lin318, dim=318 ...
2025-12-07 01:00:08,373 | INFO | Instance lin318, dim=318, length=58571, optimal=42029, gap=39.359%, time=116.2286s
Testing instance pma343, dim=343 ...
2025-12-07 01:02:28,281 | INFO | Instance pma343, dim=343, length=2273, optimal=1368, gap=66.155%, time=139.8825s
Testing instance pka379, dim=379 ...
2025-12-07 01:05:12,812 | INFO | Instance pka379, dim=379, length=2298, optimal=1332, gap=72.523%, time=164.5040s
Testing instance bcl380, dim=380 ...
2025-12-07 01:07:43,570 | INFO | Instance bcl380, dim=380, length=1966, optimal=1621, gap=21.283%, time=150.7308s
Testing instance pbl395, dim=395 ...
2025-12-07 01:10:28,734 | INFO | Instance pbl395, dim=395, length=1777, optimal=1281, gap=38.720%, time=165.1383s
Testing instance rd400, dim=400 ...
2025-12-07 01:13:13,669 | INFO | Instance rd400, dim=400, length=22308, optimal=15281, gap=45.985%, time=164.9079s
Testing instance pbk411, dim=411 ...
2025-12-07 01:16:10,026 | INFO | Instance pbk411, dim=411, length=1899, optimal=1343, gap=41.400%, time=176.3298s
Testing instance fl417, dim=417 ...
2025-12-07 01:19:15,182 | INFO | Instance fl417, dim=417, length=27125, optimal=11861, gap=128.691%, time=185.1280s
Testing instance pbn423, dim=423 ...
2025-12-07 01:22:14,994 | INFO | Instance pbn423, dim=423, length=1932, optimal=1365, gap=41.538%, time=179.7852s
Testing instance pbm436, dim=436 ...
2025-12-07 01:25:22,512 | INFO | Instance pbm436, dim=436, length=2091, optimal=1443, gap=44.906%, time=187.4909s
Testing instance pr439, dim=439 ...
2025-12-07 01:28:32,166 | INFO | Instance pr439, dim=439, length=150987, optimal=107217, gap=40.824%, time=189.6268s
Testing instance pcb442, dim=442 ...
2025-12-07 01:31:39,075 | INFO | Instance pcb442, dim=442, length=78681, optimal=50778, gap=54.951%, time=186.8820s
Testing instance d493, dim=493 ...
2025-12-07 01:35:37,931 | INFO | Instance d493, dim=493, length=52387, optimal=35002, gap=49.669%, time=238.8284s
Testing instance u574, dim=574 ...
2025-12-07 01:40:58,915 | INFO | Instance u574, dim=574, length=59895, optimal=36905, gap=62.295%, time=320.9545s
Testing instance rat575, dim=575 ...
2025-12-07 01:45:52,815 | INFO | Instance rat575, dim=575, length=11414, optimal=6773, gap=68.522%, time=293.8699s
Testing instance p654, dim=654 ...
2025-12-07 01:53:26,280 | INFO | Instance p654, dim=654, length=116322, optimal=34643, gap=235.773%, time=453.4339s
Testing instance d657, dim=657 ...
2025-12-07 02:00:30,851 | INFO | Instance d657, dim=657, length=74981, optimal=48912, gap=53.298%, time=424.5416s
Testing instance xql662, dim=662 ...
2025-12-07 02:07:21,500 | INFO | Instance xql662, dim=662, length=3809, optimal=2513, gap=51.572%, time=410.6179s
Testing instance rbx711, dim=711 ...
2025-12-07 02:14:58,551 | INFO | Instance rbx711, dim=711, length=4559, optimal=3115, gap=46.356%, time=457.0171s
Testing instance u724, dim=724 ...
2025-12-07 02:23:11,419 | INFO | Instance u724, dim=724, length=67333, optimal=41910, gap=60.661%, time=492.8317s
Testing instance uy734, dim=734 ...
2025-12-07 02:32:31,354 | INFO | Instance uy734, dim=734, length=151938, optimal=79114, gap=92.049%, time=559.9040s
Testing instance rbu737, dim=737 ...
2025-12-07 02:40:50,868 | INFO | Instance rbu737, dim=737, length=5555, optimal=3314, gap=67.622%, time=499.4821s
Testing instance rat783, dim=783 ...
2025-12-07 02:50:04,676 | INFO | Instance rat783, dim=783, length=14989, optimal=8806, gap=70.213%, time=553.7759s
Testing instance dkg813, dim=813 ...
2025-12-07 03:00:05,639 | INFO | Instance dkg813, dim=813, length=5656, optimal=3199, gap=76.805%, time=600.9298s
Testing instance zi929, dim=929 ...
2025-12-07 03:15:22,394 | INFO | Instance zi929, dim=929, length=172623, optimal=95345, gap=81.051%, time=916.7216s
Testing instance lim963, dim=963 ...
2025-12-07 03:29:54,719 | INFO | Instance lim963, dim=963, length=4349, optimal=2789, gap=55.934%, time=872.2904s
Testing instance lu980, dim=980 ...
2025-12-07 03:50:20,007 | INFO | Instance lu980, dim=980, length=24835, optimal=11340, gap=119.004%, time=1225.2533s
Testing instance pbd984, dim=984 ...
2025-12-07 04:04:51,183 | INFO | Instance pbd984, dim=984, length=4602, optimal=2797, gap=64.533%, time=871.1416s
Testing instance portcgen-1000-1000, dim=1000 ...
2025-12-07 04:24:17,507 | INFO | Instance portcgen-1000-1000, dim=1000, length=31282910, optimal=11387430, gap=174.714%, time=1166.2884s
Testing instance portcgen-1000-10001, dim=1000 ...
2025-12-07 04:43:36,412 | INFO | Instance portcgen-1000-10001, dim=1000, length=28512746, optimal=11376735, gap=150.623%, time=1158.8702s
Testing instance portcgen-1000-10002, dim=1000 ...
2025-12-07 05:02:52,493 | INFO | Instance portcgen-1000-10002, dim=1000, length=29247505, optimal=10855033, gap=169.437%, time=1156.0462s
Testing instance portcgen-1000-10003, dim=1000 ...
2025-12-07 05:22:26,537 | INFO | Instance portcgen-1000-10003, dim=1000, length=35571090, optimal=11886457, gap=199.257%, time=1174.0088s
Testing instance portcgen-1000-10004, dim=1000 ...
2025-12-07 05:41:12,848 | INFO | Instance portcgen-1000-10004, dim=1000, length=29679067, optimal=11499958, gap=158.080%, time=1126.2767s
Testing instance portcgen-1000-10005, dim=1000 ...
2025-12-07 06:00:33,915 | INFO | Instance portcgen-1000-10005, dim=1000, length=27429548, optimal=11394911, gap=140.718%, time=1161.0323s
Testing instance portcgen-1000-10006, dim=1000 ...
2025-12-07 06:19:30,347 | INFO | Instance portcgen-1000-10006, dim=1000, length=24491826, optimal=10166701, gap=140.902%, time=1136.3964s
Testing instance portcgen-1000-10007, dim=1000 ...
2025-12-07 06:38:28,998 | INFO | Instance portcgen-1000-10007, dim=1000, length=26969923, optimal=10664660, gap=152.891%, time=1138.6090s
Testing instance portcgen-1000-10008, dim=1000 ...
2025-12-07 06:58:45,659 | INFO | Instance portcgen-1000-10008, dim=1000, length=32551988, optimal=11605723, gap=180.482%, time=1216.6253s
Testing instance portcgen-1000-10009, dim=1000 ...
2025-12-07 07:18:33,520 | INFO | Instance portcgen-1000-10009, dim=1000, length=27571345, optimal=10906997, gap=152.786%, time=1187.8257s
Testing instance dsj1000, dim=1000 ...
2025-12-07 07:37:13,767 | INFO | Instance dsj1000, dim=1000, length=37356195, optimal=18660188, gap=100.192%, time=1120.2128s
Testing instance pr1002, dim=1002 ...
2025-12-07 07:54:41,808 | INFO | Instance pr1002, dim=1002, length=486137, optimal=259045, gap=87.665%, time=1048.0062s
Testing instance u1060, dim=1060 ...
2025-12-07 08:14:56,269 | INFO | Instance u1060, dim=1060, length=441196, optimal=224094, gap=96.880%, time=1214.4254s
Testing instance xit1083, dim=1083 ...
2025-12-07 08:33:19,646 | INFO | Instance xit1083, dim=1083, length=6513, optimal=3558, gap=83.052%, time=1103.3413s
Testing instance vm1084, dim=1084 ...
2025-12-07 08:53:31,917 | INFO | Instance vm1084, dim=1084, length=460836, optimal=239297, gap=92.579%, time=1212.2345s
Testing instance pcb1173, dim=1173 ...
2025-12-07 09:17:54,113 | INFO | Instance pcb1173, dim=1173, length=107922, optimal=56892, gap=89.696%, time=1462.1584s
Testing instance d1291, dim=1291 ...
2025-12-07 09:43:09,595 | INFO | Instance d1291, dim=1291, length=85261, optimal=50801, gap=67.833%, time=1515.4424s
Testing instance rl1304, dim=1304 ...
2025-12-07 10:11:37,327 | INFO | Instance rl1304, dim=1304, length=463715, optimal=252948, gap=83.324%, time=1707.6921s
Testing instance rl1323, dim=1323 ...
2025-12-07 10:40:42,266 | INFO | Instance rl1323, dim=1323, length=427335, optimal=270199, gap=58.156%, time=1744.8988s
Testing instance dka1376, dim=1376 ...
2025-12-07 11:13:49,267 | INFO | Instance dka1376, dim=1376, length=8583, optimal=4666, gap=83.948%, time=1986.9610s
Testing instance nrw1379, dim=1379 ...
2025-12-07 11:52:23,703 | INFO | Instance nrw1379, dim=1379, length=116922, optimal=56638, gap=106.437%, time=2314.3948s
Testing instance dca1389, dim=1389 ...
2025-12-07 12:26:48,839 | INFO | Instance dca1389, dim=1389, length=9526, optimal=5085, gap=87.335%, time=2065.0951s
Testing instance fl1400, dim=1400 ...
2025-12-07 13:13:15,103 | INFO | Instance fl1400, dim=1400, length=91986, optimal=20127, gap=357.028%, time=2786.2225s
Testing instance u1432, dim=1432 ...
2025-12-07 13:50:57,250 | INFO | Instance u1432, dim=1432, length=295952, optimal=152970, gap=93.471%, time=2262.1062s
Testing instance dja1436, dim=1436 ...
2025-12-07 14:29:35,791 | INFO | Instance dja1436, dim=1436, length=10056, optimal=5257, gap=91.288%, time=2318.4988s
Testing instance icw1483, dim=1483 ...
2025-12-07 15:11:06,307 | INFO | Instance icw1483, dim=1483, length=8646, optimal=4416, gap=95.788%, time=2490.4737s
Testing instance fra1488, dim=1488 ...
2025-12-07 15:55:23,351 | INFO | Instance fra1488, dim=1488, length=9073, optimal=4264, gap=112.781%, time=2657.0017s
Testing instance fl1577, dim=1577 ...
2025-12-07 16:42:29,730 | INFO | Instance fl1577, dim=1577, length=54757, optimal=22249, gap=146.110%, time=2826.3256s
Testing instance rbv1583, dim=1583 ...
2025-12-07 17:30:54,236 | INFO | Instance rbv1583, dim=1583, length=10080, optimal=5387, gap=87.117%, time=2904.4629s
Testing instance rby1599, dim=1599 ...
2025-12-07 18:20:17,894 | INFO | Instance rby1599, dim=1599, length=10262, optimal=5533, gap=85.469%, time=2963.6135s
Testing instance fnb1615, dim=1615 ...
2025-12-07 19:13:00,776 | INFO | Instance fnb1615, dim=1615, length=9730, optimal=4956, gap=96.328%, time=3162.8376s
Testing instance rw1621, dim=1621 ...
2025-12-07 20:30:20,816 | INFO | Instance rw1621, dim=1621, length=70987, optimal=26051, gap=172.492%, time=4639.9958s
Testing instance d1655, dim=1655 ...
2025-12-07 21:24:24,300 | INFO | Instance d1655, dim=1655, length=121471, optimal=62128, gap=95.517%, time=3243.4386s
Testing instance vm1748, dim=1748 ...
2025-12-07 22:30:14,921 | INFO | Instance vm1748, dim=1748, length=731850, optimal=336556, gap=117.453%, time=3950.5713s
Testing instance djc1785, dim=1785 ...
2025-12-07 23:37:07,890 | INFO | Instance djc1785, dim=1785, length=11714, optimal=6115, gap=91.562%, time=4012.9219s
Testing instance u1817, dim=1817 ...
2025-12-08 00:39:36,573 | INFO | Instance u1817, dim=1817, length=107939, optimal=57201, gap=88.701%, time=3748.6350s
Testing instance rl1889, dim=1889 ...
2025-12-08 01:55:07,615 | INFO | Instance rl1889, dim=1889, length=652896, optimal=316536, gap=106.263%, time=4530.9930s
Testing instance dcc1911, dim=1911 ...
2025-12-08 03:13:42,309 | INFO | Instance dcc1911, dim=1911, length=12784, optimal=6396, gap=99.875%, time=4714.6441s
Testing instance dkd1973, dim=1973 ...
2025-12-08 04:51:45,479 | INFO | Instance dkd1973, dim=1973, length=17963, optimal=6421, gap=179.754%, time=5883.1183s
Testing instance mu1979, dim=1979 ...
2025-12-08 06:52:40,886 | INFO | Instance mu1979, dim=1979, length=299126, optimal=86891, gap=244.254%, time=7255.3573s
Testing instance djb2036, dim=2036 ...
2025-12-08 08:23:52,618 | INFO | Instance djb2036, dim=2036, length=12073, optimal=6197, gap=94.820%, time=5471.6783s
Testing instance dcb2086, dim=2086 ...
2025-12-08 10:03:56,458 | INFO | Instance dcb2086, dim=2086, length=13779, optimal=6600, gap=108.773%, time=6003.7878s
Testing instance d2103, dim=2103 ...
2025-12-08 11:25:07,898 | INFO | Instance d2103, dim=2103, length=127588, optimal=80450, gap=58.593%, time=4871.3837s
Testing instance bva2144, dim=2144 ...
2025-12-08 13:17:29,080 | INFO | Instance bva2144, dim=2144, length=14429, optimal=6304, gap=128.886%, time=6741.1293s
Testing instance u2152, dim=2152 ...
2025-12-08 15:02:25,376 | INFO | Instance u2152, dim=2152, length=132435, optimal=64253, gap=106.115%, time=6296.2436s
Testing instance xqc2175, dim=2175 ...
2025-12-08 16:49:04,326 | INFO | Instance xqc2175, dim=2175, length=13960, optimal=6830, gap=104.392%, time=6398.8948s
Testing instance bck2217, dim=2217 ...
2025-12-08 18:46:04,597 | INFO | Instance bck2217, dim=2217, length=13982, optimal=6764, gap=106.712%, time=7020.2168s
Testing instance xpr2308, dim=2308 ...
2025-12-08 20:49:18,088 | INFO | Instance xpr2308, dim=2308, length=14919, optimal=7219, gap=106.663%, time=7393.4363s
Testing instance u2319, dim=2319 ...
2025-12-08 23:10:10,951 | INFO | Instance u2319, dim=2319, length=470636, optimal=234256, gap=100.907%, time=8452.8070s
Testing instance ley2323, dim=2323 ...
2025-12-09 01:10:30,011 | INFO | Instance ley2323, dim=2323, length=20971, optimal=8352, gap=151.090%, time=7219.0040s
Testing instance dea2382, dim=2382 ...
2025-12-09 03:45:56,626 | INFO | Instance dea2382, dim=2382, length=21406, optimal=8017, gap=167.008%, time=9326.5581s
Testing instance pr2392, dim=2392 ...
2025-12-09 06:28:10,020 | INFO | Instance pr2392, dim=2392, length=910536, optimal=378032, gap=140.862%, time=9733.3367s
Testing instance rbw2481, dim=2481 ...
2025-12-09 08:51:03,524 | INFO | Instance rbw2481, dim=2481, length=15644, optimal=7724, gap=102.538%, time=8573.4469s
Testing instance pds2566, dim=2566 ...
2025-12-09 11:41:15,908 | INFO | Instance pds2566, dim=2566, length=16410, optimal=7643, gap=114.706%, time=10212.3232s
Testing instance mlt2597, dim=2597 ...
2025-12-09 14:34:03,346 | INFO | Instance mlt2597, dim=2597, length=17321, optimal=8071, gap=114.608%, time=10367.3774s
Testing instance bch2762, dim=2762 ...
2025-12-09 18:01:59,031 | INFO | Instance bch2762, dim=2762, length=17652, optimal=8234, gap=114.379%, time=12475.6223s
Testing instance irw2802, dim=2802 ...
2025-12-09 21:35:39,068 | INFO | Instance irw2802, dim=2802, length=19124, optimal=8423, gap=127.045%, time=12819.9731s
Testing instance lsm2854, dim=2854 ...
2025-12-10 01:30:29,908 | INFO | Instance lsm2854, dim=2854, length=17160, optimal=8014, gap=114.125%, time=14090.7763s
Testing instance dbj2924, dim=2924 ...
2025-12-10 05:42:52,369 | INFO | Instance dbj2924, dim=2924, length=22615, optimal=10128, gap=123.292%, time=15142.3956s
Testing instance xva2993, dim=2993 ...
2025-12-10 10:07:45,069 | INFO | Instance xva2993, dim=2993, length=17918, optimal=8492, gap=110.999%, time=15892.6370s
Testing instance pcb3038, dim=3038 ...
2025-12-10 15:32:12,548 | INFO | Instance pcb3038, dim=3038, length=348110, optimal=137694, gap=152.814%, time=19467.4119s
Testing instance pia3056, dim=3056 ...
2025-12-10 20:21:21,829 | INFO | Instance pia3056, dim=3056, length=19258, optimal=8258, gap=133.204%, time=17349.2133s
Testing instance dke3097, dim=3097 ...
2025-12-11 01:14:39,800 | INFO | Instance dke3097, dim=3097, length=23020, optimal=10539, gap=118.427%, time=17597.9021s
Testing instance lsn3119, dim=3119 ...
2025-12-11 06:27:29,920 | INFO | Instance lsn3119, dim=3119, length=20907, optimal=9114, gap=129.394%, time=18770.0275s
Testing instance lta3140, dim=3140 ...
2025-12-11 11:44:11,673 | INFO | Instance lta3140, dim=3140, length=21249, optimal=9517, gap=123.274%, time=19001.6840s
Testing instance portcgen-3162-3162, dim=3162 ...
2025-12-11 20:53:28,574 | INFO | Instance portcgen-3162-3162, dim=3162, length=85431369, optimal=19198258, gap=344.995%, time=32956.8319s
Testing instance portcgen-3162-31621, dim=3162 ...
2025-12-12 06:12:00,079 | INFO | Instance portcgen-3162-31621, dim=3162, length=86662252, optimal=19017805, gap=355.690%, time=33511.4354s
Testing instance portcgen-3162-31622, dim=3162 ...
2025-12-12 15:27:32,196 | INFO | Instance portcgen-3162-31622, dim=3162, length=96173185, optimal=19547551, gap=391.996%, time=33332.0474s
Testing instance portcgen-3162-31623, dim=3162 ...
2025-12-13 00:31:53,378 | INFO | Instance portcgen-3162-31623, dim=3162, length=87618416, optimal=19108508, gap=358.531%, time=32661.1128s
Testing instance portcgen-3162-31624, dim=3162 ...
2025-12-13 09:31:07,971 | INFO | Instance portcgen-3162-31624, dim=3162, length=84640958, optimal=18864046, gap=348.689%, time=32354.5220s
Testing instance fdp3256, dim=3256 ...
2025-12-13 15:32:39,309 | INFO | Instance fdp3256, dim=3256, length=24516, optimal=10008, gap=144.964%, time=21691.2674s
Testing instance beg3293, dim=3293 ...
2025-12-13 21:06:38,134 | INFO | Instance beg3293, dim=3293, length=22480, optimal=9772, gap=130.045%, time=20038.7533s
Testing instance dhb3386, dim=3386 ...
2025-12-14 03:02:38,349 | INFO | Instance dhb3386, dim=3386, length=25369, optimal=11137, gap=127.790%, time=21360.1423s
Testing instance nu3496, dim=3496 ...
2025-12-14 14:22:48,252 | INFO | Instance nu3496, dim=3496, length=310801, optimal=96132, gap=223.306%, time=40809.8290s
Testing instance fjs3649, dim=3649 ...
