nohup: ignoring input
2025-12-07 00:33:45,753 | INFO | Logger initialized. Log file: ./tsp_nls/survey_results_last_without_ls/20251207_003345_test_TSPLIB_Survey.log
2025-12-07 00:33:50,247 | INFO | checkpoint: ./pretrained/tsp_nls//500/tsp500_sd0/50.pt
2025-12-07 00:33:50,248 | INFO | instances: 228, dim range: 29–100000 (median 2163)
2025-12-07 00:33:50,248 | INFO | device: cuda:0+cpu
2025-12-07 00:33:50,248 | INFO | n_ants: 100
2025-12-07 00:33:50,248 | INFO | n_iter: 100
2025-12-07 00:33:50,248 | INFO | k_sparse_factor: 10
2025-12-07 00:33:50,248 | INFO | guided_exploration: True
2025-12-07 00:33:50,248 | INFO | seed: 0
2025-12-07 00:33:50,978 | INFO | Model loaded successfully.
Testing instance wi29, dim=29 ...
2025-12-07 00:34:00,268 | INFO | Instance wi29, dim=29, length=31697, optimal=27603, gap=14.832%, time=9.2894s
Testing instance dj38, dim=38 ...
2025-12-07 00:34:11,397 | INFO | Instance dj38, dim=38, length=6656, optimal=6656, gap=0.000%, time=11.1282s
Testing instance eil51, dim=51 ...
2025-12-07 00:34:33,778 | INFO | Instance eil51, dim=51, length=498, optimal=426, gap=16.901%, time=22.3601s
Testing instance berlin52, dim=52 ...
2025-12-07 00:34:57,862 | INFO | Instance berlin52, dim=52, length=8170, optimal=7542, gap=8.327%, time=24.0637s
Testing instance st70, dim=70 ...
2025-12-07 00:35:24,273 | INFO | Instance st70, dim=70, length=809, optimal=675, gap=19.852%, time=26.3914s
Testing instance eil76, dim=76 ...
2025-12-07 00:35:51,760 | INFO | Instance eil76, dim=76, length=635, optimal=538, gap=18.030%, time=27.4665s
Testing instance pr76, dim=76 ...
2025-12-07 00:36:19,220 | INFO | Instance pr76, dim=76, length=119380, optimal=108159, gap=10.375%, time=27.4395s
Testing instance rat99, dim=99 ...
2025-12-07 00:36:49,492 | INFO | Instance rat99, dim=99, length=1311, optimal=1211, gap=8.258%, time=30.2515s
Testing instance kroA100, dim=100 ...
2025-12-07 00:37:20,957 | INFO | Instance kroA100, dim=100, length=24622, optimal=21282, gap=15.694%, time=31.4435s
Testing instance kroB100, dim=100 ...
2025-12-07 00:37:52,489 | INFO | Instance kroB100, dim=100, length=26741, optimal=22141, gap=20.776%, time=31.5107s
Testing instance kroC100, dim=100 ...
2025-12-07 00:38:24,179 | INFO | Instance kroC100, dim=100, length=24967, optimal=20749, gap=20.329%, time=31.6693s
Testing instance kroD100, dim=100 ...
2025-12-07 00:38:55,772 | INFO | Instance kroD100, dim=100, length=26291, optimal=21294, gap=23.467%, time=31.5718s
Testing instance kroE100, dim=100 ...
2025-12-07 00:39:27,299 | INFO | Instance kroE100, dim=100, length=26210, optimal=22068, gap=18.769%, time=31.5059s
Testing instance rd100, dim=100 ...
2025-12-07 00:39:59,595 | INFO | Instance rd100, dim=100, length=9943, optimal=7910, gap=25.702%, time=32.2744s
Testing instance eil101, dim=101 ...
2025-12-07 00:40:31,575 | INFO | Instance eil101, dim=101, length=780, optimal=629, gap=24.006%, time=31.9589s
Testing instance lin105, dim=105 ...
2025-12-07 00:41:04,218 | INFO | Instance lin105, dim=105, length=16713, optimal=14379, gap=16.232%, time=32.6224s
Testing instance pr107, dim=107 ...
2025-12-07 00:41:32,934 | INFO | Instance pr107, dim=107, length=45566, optimal=44303, gap=2.851%, time=28.6952s
Testing instance pr124, dim=124 ...
2025-12-07 00:42:09,363 | INFO | Instance pr124, dim=124, length=64847, optimal=59030, gap=9.854%, time=36.4071s
Testing instance bier127, dim=127 ...
2025-12-07 00:42:47,131 | INFO | Instance bier127, dim=127, length=139548, optimal=118282, gap=17.979%, time=37.7454s
Testing instance ch130, dim=130 ...
2025-12-07 00:43:26,007 | INFO | Instance ch130, dim=130, length=7798, optimal=6110, gap=27.627%, time=38.8541s
Testing instance xqf131, dim=131 ...
2025-12-07 00:44:03,432 | INFO | Instance xqf131, dim=131, length=658, optimal=564, gap=16.667%, time=37.4032s
Testing instance pr136, dim=136 ...
2025-12-07 00:44:42,262 | INFO | Instance pr136, dim=136, length=126824, optimal=96772, gap=31.054%, time=38.8085s
Testing instance pr144, dim=144 ...
2025-12-07 00:45:24,074 | INFO | Instance pr144, dim=144, length=73127, optimal=58537, gap=24.924%, time=41.7909s
Testing instance ch150, dim=150 ...
2025-12-07 00:46:09,190 | INFO | Instance ch150, dim=150, length=8568, optimal=6528, gap=31.250%, time=45.0936s
Testing instance kroA150, dim=150 ...
2025-12-07 00:46:52,630 | INFO | Instance kroA150, dim=150, length=33589, optimal=26524, gap=26.636%, time=43.4187s
Testing instance kroB150, dim=150 ...
2025-12-07 00:47:36,640 | INFO | Instance kroB150, dim=150, length=32206, optimal=26130, gap=23.253%, time=43.9816s
Testing instance pr152, dim=152 ...
2025-12-07 00:48:19,016 | INFO | Instance pr152, dim=152, length=79024, optimal=73682, gap=7.250%, time=42.3543s
Testing instance u159, dim=159 ...
2025-12-07 00:49:03,831 | INFO | Instance u159, dim=159, length=54088, optimal=42080, gap=28.536%, time=44.7928s
Testing instance qa194, dim=194 ...
2025-12-07 00:50:12,965 | INFO | Instance qa194, dim=194, length=13887, optimal=9352, gap=48.492%, time=69.1104s
Testing instance rat195, dim=195 ...
2025-12-07 00:51:16,634 | INFO | Instance rat195, dim=195, length=2806, optimal=2323, gap=20.792%, time=63.6458s
Testing instance d198, dim=198 ...
2025-12-07 00:52:30,767 | INFO | Instance d198, dim=198, length=19312, optimal=15780, gap=22.383%, time=74.1098s
Testing instance kroA200, dim=200 ...
2025-12-07 00:53:45,458 | INFO | Instance kroA200, dim=200, length=39036, optimal=29368, gap=32.920%, time=74.6694s
Testing instance kroB200, dim=200 ...
2025-12-07 00:54:59,123 | INFO | Instance kroB200, dim=200, length=38228, optimal=29437, gap=29.864%, time=73.6428s
Testing instance ts225, dim=225 ...
2025-12-07 00:56:16,610 | INFO | Instance ts225, dim=225, length=154702, optimal=126643, gap=22.156%, time=77.4645s
Testing instance tsp225, dim=225 ...
2025-12-07 00:57:37,483 | INFO | Instance tsp225, dim=225, length=5556, optimal=3916, gap=41.879%, time=80.8492s
Testing instance pr226, dim=226 ...
2025-12-07 00:58:58,618 | INFO | Instance pr226, dim=226, length=105541, optimal=80369, gap=31.321%, time=81.1110s
Testing instance xqg237, dim=237 ...
2025-12-07 01:00:25,445 | INFO | Instance xqg237, dim=237, length=1316, optimal=1019, gap=29.146%, time=86.8039s
Testing instance gil262, dim=262 ...
2025-12-07 01:02:07,408 | INFO | Instance gil262, dim=262, length=3194, optimal=2378, gap=34.315%, time=101.9390s
Testing instance pr264, dim=264 ...
2025-12-07 01:03:46,440 | INFO | Instance pr264, dim=264, length=62972, optimal=49135, gap=28.161%, time=99.0076s
Testing instance a280, dim=280 ...
2025-12-07 01:05:21,876 | INFO | Instance a280, dim=280, length=3495, optimal=2579, gap=35.518%, time=95.4118s
Testing instance pr299, dim=299 ...
2025-12-07 01:07:17,920 | INFO | Instance pr299, dim=299, length=69154, optimal=48191, gap=43.500%, time=116.0196s
Testing instance lin318, dim=318 ...
2025-12-07 01:09:38,980 | INFO | Instance lin318, dim=318, length=56972, optimal=42029, gap=35.554%, time=141.0356s
Testing instance pma343, dim=343 ...
2025-12-07 01:12:05,322 | INFO | Instance pma343, dim=343, length=2369, optimal=1368, gap=73.173%, time=146.3174s
Testing instance pka379, dim=379 ...
2025-12-07 01:14:58,402 | INFO | Instance pka379, dim=379, length=2243, optimal=1332, gap=68.393%, time=173.0540s
Testing instance bcl380, dim=380 ...
2025-12-07 01:17:56,684 | INFO | Instance bcl380, dim=380, length=2175, optimal=1621, gap=34.176%, time=178.2553s
Testing instance pbl395, dim=395 ...
2025-12-07 01:21:08,608 | INFO | Instance pbl395, dim=395, length=1737, optimal=1281, gap=35.597%, time=191.8952s
Testing instance rd400, dim=400 ...
2025-12-07 01:24:36,722 | INFO | Instance rd400, dim=400, length=22786, optimal=15281, gap=49.113%, time=208.0867s
Testing instance pbk411, dim=411 ...
2025-12-07 01:28:02,150 | INFO | Instance pbk411, dim=411, length=2071, optimal=1343, gap=54.207%, time=205.4021s
Testing instance fl417, dim=417 ...
2025-12-07 01:31:42,992 | INFO | Instance fl417, dim=417, length=29815, optimal=11861, gap=151.370%, time=220.8141s
Testing instance pbn423, dim=423 ...
2025-12-07 01:35:17,156 | INFO | Instance pbn423, dim=423, length=1960, optimal=1365, gap=43.590%, time=214.1364s
Testing instance pbm436, dim=436 ...
2025-12-07 01:39:04,725 | INFO | Instance pbm436, dim=436, length=2184, optimal=1443, gap=51.351%, time=227.5400s
Testing instance pr439, dim=439 ...
2025-12-07 01:42:56,772 | INFO | Instance pr439, dim=439, length=155323, optimal=107217, gap=44.868%, time=232.0191s
Testing instance pcb442, dim=442 ...
2025-12-07 01:46:48,183 | INFO | Instance pcb442, dim=442, length=77643, optimal=50778, gap=52.907%, time=231.3811s
Testing instance d493, dim=493 ...
2025-12-07 01:51:34,140 | INFO | Instance d493, dim=493, length=51373, optimal=35002, gap=46.772%, time=285.9259s
Testing instance u574, dim=574 ...
2025-12-07 01:57:38,568 | INFO | Instance u574, dim=574, length=61125, optimal=36905, gap=65.628%, time=364.3985s
Testing instance rat575, dim=575 ...
2025-12-07 02:03:15,993 | INFO | Instance rat575, dim=575, length=11168, optimal=6773, gap=64.890%, time=337.3952s
Testing instance p654, dim=654 ...
2025-12-07 02:11:46,505 | INFO | Instance p654, dim=654, length=102870, optimal=34643, gap=196.943%, time=510.4775s
Testing instance d657, dim=657 ...
2025-12-07 02:19:44,263 | INFO | Instance d657, dim=657, length=77483, optimal=48912, gap=58.413%, time=477.7270s
Testing instance xql662, dim=662 ...
2025-12-07 02:27:12,697 | INFO | Instance xql662, dim=662, length=3875, optimal=2513, gap=54.198%, time=448.4029s
Testing instance rbx711, dim=711 ...
2025-12-07 02:36:08,111 | INFO | Instance rbx711, dim=711, length=4626, optimal=3115, gap=48.507%, time=535.3824s
Testing instance u724, dim=724 ...
2025-12-07 02:45:38,725 | INFO | Instance u724, dim=724, length=69924, optimal=41910, gap=66.843%, time=570.5813s
Testing instance uy734, dim=734 ...
2025-12-07 02:57:11,564 | INFO | Instance uy734, dim=734, length=160317, optimal=79114, gap=102.640%, time=692.8035s
Testing instance rbu737, dim=737 ...
2025-12-07 03:06:41,445 | INFO | Instance rbu737, dim=737, length=6042, optimal=3314, gap=82.317%, time=569.8494s
Testing instance rat783, dim=783 ...
2025-12-07 03:17:38,332 | INFO | Instance rat783, dim=783, length=15041, optimal=8806, gap=70.804%, time=656.8529s
Testing instance dkg813, dim=813 ...
2025-12-07 03:29:52,972 | INFO | Instance dkg813, dim=813, length=5686, optimal=3199, gap=77.743%, time=734.6064s
Testing instance zi929, dim=929 ...
2025-12-07 03:49:26,923 | INFO | Instance zi929, dim=929, length=193985, optimal=95345, gap=103.456%, time=1173.9103s
Testing instance lim963, dim=963 ...
2025-12-07 04:06:18,273 | INFO | Instance lim963, dim=963, length=4542, optimal=2789, gap=62.854%, time=1011.3139s
Testing instance lu980, dim=980 ...
2025-12-07 04:27:30,580 | INFO | Instance lu980, dim=980, length=23674, optimal=11340, gap=108.765%, time=1272.2721s
Testing instance pbd984, dim=984 ...
2025-12-07 04:45:32,633 | INFO | Instance pbd984, dim=984, length=4810, optimal=2797, gap=71.970%, time=1082.0177s
Testing instance portcgen-1000-1000, dim=1000 ...
2025-12-07 05:08:15,332 | INFO | Instance portcgen-1000-1000, dim=1000, length=31870671, optimal=11387430, gap=179.876%, time=1362.6604s
Testing instance portcgen-1000-10001, dim=1000 ...
2025-12-07 05:30:09,115 | INFO | Instance portcgen-1000-10001, dim=1000, length=28776912, optimal=11376735, gap=152.945%, time=1313.7475s
Testing instance portcgen-1000-10002, dim=1000 ...
2025-12-07 05:52:33,253 | INFO | Instance portcgen-1000-10002, dim=1000, length=29711380, optimal=10855033, gap=173.711%, time=1344.0959s
Testing instance portcgen-1000-10003, dim=1000 ...
2025-12-07 06:15:27,911 | INFO | Instance portcgen-1000-10003, dim=1000, length=34822578, optimal=11886457, gap=192.960%, time=1374.6220s
Testing instance portcgen-1000-10004, dim=1000 ...
2025-12-07 06:37:37,185 | INFO | Instance portcgen-1000-10004, dim=1000, length=30834598, optimal=11499958, gap=168.128%, time=1329.2366s
Testing instance portcgen-1000-10005, dim=1000 ...
2025-12-07 07:00:30,526 | INFO | Instance portcgen-1000-10005, dim=1000, length=26414872, optimal=11394911, gap=131.813%, time=1373.3048s
Testing instance portcgen-1000-10006, dim=1000 ...
2025-12-07 07:22:47,240 | INFO | Instance portcgen-1000-10006, dim=1000, length=24542107, optimal=10166701, gap=141.397%, time=1336.6746s
Testing instance portcgen-1000-10007, dim=1000 ...
2025-12-07 07:45:51,279 | INFO | Instance portcgen-1000-10007, dim=1000, length=27105935, optimal=10664660, gap=154.166%, time=1384.0020s
Testing instance portcgen-1000-10008, dim=1000 ...
2025-12-07 08:09:52,864 | INFO | Instance portcgen-1000-10008, dim=1000, length=30658826, optimal=11605723, gap=164.170%, time=1441.5500s
Testing instance portcgen-1000-10009, dim=1000 ...
2025-12-07 08:33:13,595 | INFO | Instance portcgen-1000-10009, dim=1000, length=27763615, optimal=10906997, gap=154.549%, time=1400.6875s
Testing instance dsj1000, dim=1000 ...
2025-12-07 08:56:19,892 | INFO | Instance dsj1000, dim=1000, length=39626569, optimal=18660188, gap=112.359%, time=1386.2611s
Testing instance pr1002, dim=1002 ...
2025-12-07 09:16:36,952 | INFO | Instance pr1002, dim=1002, length=504221, optimal=259045, gap=94.646%, time=1217.0162s
Testing instance u1060, dim=1060 ...
2025-12-07 09:39:58,072 | INFO | Instance u1060, dim=1060, length=444799, optimal=224094, gap=98.488%, time=1401.0838s
Testing instance xit1083, dim=1083 ...
2025-12-07 10:01:17,734 | INFO | Instance xit1083, dim=1083, length=6500, optimal=3558, gap=82.687%, time=1279.6251s
Testing instance vm1084, dim=1084 ...
2025-12-07 10:24:34,165 | INFO | Instance vm1084, dim=1084, length=471433, optimal=239297, gap=97.007%, time=1396.3866s
Testing instance pcb1173, dim=1173 ...
2025-12-07 10:53:03,015 | INFO | Instance pcb1173, dim=1173, length=112563, optimal=56892, gap=97.854%, time=1708.8103s
Testing instance d1291, dim=1291 ...
2025-12-07 11:24:49,797 | INFO | Instance d1291, dim=1291, length=84540, optimal=50801, gap=66.414%, time=1906.7383s
Testing instance rl1304, dim=1304 ...
2025-12-07 11:58:14,902 | INFO | Instance rl1304, dim=1304, length=472088, optimal=252948, gap=86.634%, time=2005.0571s
Testing instance rl1323, dim=1323 ...
2025-12-07 12:31:15,550 | INFO | Instance rl1323, dim=1323, length=446608, optimal=270199, gap=65.289%, time=1980.6060s
Testing instance dka1376, dim=1376 ...
2025-12-07 13:11:42,261 | INFO | Instance dka1376, dim=1376, length=8521, optimal=4666, gap=82.619%, time=2426.6694s
Testing instance nrw1379, dim=1379 ...
2025-12-07 13:59:31,443 | INFO | Instance nrw1379, dim=1379, length=121902, optimal=56638, gap=115.230%, time=2869.1396s
Testing instance dca1389, dim=1389 ...
2025-12-07 14:42:14,826 | INFO | Instance dca1389, dim=1389, length=10030, optimal=5085, gap=97.247%, time=2563.3406s
Testing instance fl1400, dim=1400 ...
2025-12-07 15:44:47,171 | INFO | Instance fl1400, dim=1400, length=96907, optimal=20127, gap=381.478%, time=3752.2930s
Testing instance u1432, dim=1432 ...
2025-12-07 16:29:13,848 | INFO | Instance u1432, dim=1432, length=318020, optimal=152970, gap=107.897%, time=2666.6334s
Testing instance dja1436, dim=1436 ...
2025-12-07 17:13:32,762 | INFO | Instance dja1436, dim=1436, length=10433, optimal=5257, gap=98.459%, time=2658.8697s
Testing instance icw1483, dim=1483 ...
2025-12-07 18:02:26,043 | INFO | Instance icw1483, dim=1483, length=8329, optimal=4416, gap=88.610%, time=2933.2367s
Testing instance fra1488, dim=1488 ...
2025-12-07 18:50:09,206 | INFO | Instance fra1488, dim=1488, length=8845, optimal=4264, gap=107.434%, time=2863.1186s
Testing instance fl1577, dim=1577 ...
2025-12-07 19:49:59,339 | INFO | Instance fl1577, dim=1577, length=61134, optimal=22249, gap=174.772%, time=3590.0867s
Testing instance rbv1583, dim=1583 ...
2025-12-07 20:45:55,309 | INFO | Instance rbv1583, dim=1583, length=10341, optimal=5387, gap=91.962%, time=3355.9230s
Testing instance rby1599, dim=1599 ...
2025-12-07 21:45:58,199 | INFO | Instance rby1599, dim=1599, length=11261, optimal=5533, gap=103.524%, time=3602.8429s
Testing instance fnb1615, dim=1615 ...
2025-12-07 22:46:00,118 | INFO | Instance fnb1615, dim=1615, length=10063, optimal=4956, gap=103.047%, time=3601.8735s
Testing instance rw1621, dim=1621 ...
2025-12-08 00:24:54,252 | INFO | Instance rw1621, dim=1621, length=69925, optimal=26051, gap=168.416%, time=5934.0868s
Testing instance d1655, dim=1655 ...
2025-12-08 01:32:51,982 | INFO | Instance d1655, dim=1655, length=116559, optimal=62128, gap=87.611%, time=4077.6781s
Testing instance vm1748, dim=1748 ...
2025-12-08 02:56:46,601 | INFO | Instance vm1748, dim=1748, length=769311, optimal=336556, gap=128.583%, time=5034.5693s
Testing instance djc1785, dim=1785 ...
2025-12-08 04:18:02,688 | INFO | Instance djc1785, dim=1785, length=12681, optimal=6115, gap=107.375%, time=4876.0355s
Testing instance u1817, dim=1817 ...
2025-12-08 05:36:13,847 | INFO | Instance u1817, dim=1817, length=109104, optimal=57201, gap=90.738%, time=4691.0987s
Testing instance rl1889, dim=1889 ...
2025-12-08 07:10:25,319 | INFO | Instance rl1889, dim=1889, length=639543, optimal=316536, gap=102.044%, time=5651.4185s
Testing instance dcc1911, dim=1911 ...
2025-12-08 08:43:09,975 | INFO | Instance dcc1911, dim=1911, length=13380, optimal=6396, gap=109.193%, time=5564.6061s
Testing instance dkd1973, dim=1973 ...
2025-12-08 10:30:22,766 | INFO | Instance dkd1973, dim=1973, length=17431, optimal=6421, gap=171.469%, time=6432.7382s
Testing instance mu1979, dim=1979 ...
2025-12-08 13:49:26,708 | INFO | Instance mu1979, dim=1979, length=331617, optimal=86891, gap=281.647%, time=11943.8745s
Testing instance djb2036, dim=2036 ...
2025-12-08 15:46:23,542 | INFO | Instance djb2036, dim=2036, length=13145, optimal=6197, gap=112.119%, time=7016.7813s
Testing instance dcb2086, dim=2086 ...
2025-12-08 17:42:36,618 | INFO | Instance dcb2086, dim=2086, length=14348, optimal=6600, gap=117.394%, time=6973.0041s
Testing instance d2103, dim=2103 ...
2025-12-08 19:19:59,910 | INFO | Instance d2103, dim=2103, length=126023, optimal=80450, gap=56.648%, time=5843.2370s
Testing instance bva2144, dim=2144 ...
2025-12-08 21:24:29,089 | INFO | Instance bva2144, dim=2144, length=13899, optimal=6304, gap=120.479%, time=7469.1107s
Testing instance u2152, dim=2152 ...
2025-12-08 23:28:12,849 | INFO | Instance u2152, dim=2152, length=138155, optimal=64253, gap=115.017%, time=7423.7032s
Testing instance xqc2175, dim=2175 ...
2025-12-09 01:39:15,261 | INFO | Instance xqc2175, dim=2175, length=14607, optimal=6830, gap=113.865%, time=7862.3557s
Testing instance bck2217, dim=2217 ...
2025-12-09 03:55:47,626 | INFO | Instance bck2217, dim=2217, length=13886, optimal=6764, gap=105.293%, time=8192.3099s
Testing instance xpr2308, dim=2308 ...
2025-12-09 06:36:36,010 | INFO | Instance xpr2308, dim=2308, length=15251, optimal=7219, gap=111.262%, time=9648.3276s
Testing instance u2319, dim=2319 ...
2025-12-09 09:17:31,814 | INFO | Instance u2319, dim=2319, length=521625, optimal=234256, gap=122.673%, time=9655.7237s
Testing instance ley2323, dim=2323 ...
2025-12-09 11:47:39,895 | INFO | Instance ley2323, dim=2323, length=20123, optimal=8352, gap=140.936%, time=9008.0044s
Testing instance dea2382, dim=2382 ...
2025-12-09 14:53:17,215 | INFO | Instance dea2382, dim=2382, length=22144, optimal=8017, gap=176.213%, time=11137.2420s
Testing instance pr2392, dim=2392 ...
2025-12-09 18:22:05,517 | INFO | Instance pr2392, dim=2392, length=940234, optimal=378032, gap=148.718%, time=12528.2395s
Testing instance rbw2481, dim=2481 ...
2025-12-09 21:30:19,279 | INFO | Instance rbw2481, dim=2481, length=16730, optimal=7724, gap=116.598%, time=11293.6987s
Testing instance pds2566, dim=2566 ...
2025-12-10 00:48:06,774 | INFO | Instance pds2566, dim=2566, length=15541, optimal=7643, gap=103.336%, time=11867.4354s
Testing instance mlt2597, dim=2597 ...
2025-12-10 04:27:29,901 | INFO | Instance mlt2597, dim=2597, length=17763, optimal=8071, gap=120.084%, time=13163.0664s
Testing instance bch2762, dim=2762 ...
2025-12-10 08:51:29,719 | INFO | Instance bch2762, dim=2762, length=17896, optimal=8234, gap=117.343%, time=15839.7531s
Testing instance irw2802, dim=2802 ...
2025-12-10 13:24:34,868 | INFO | Instance irw2802, dim=2802, length=19720, optimal=8423, gap=134.121%, time=16385.0828s
Testing instance lsm2854, dim=2854 ...
2025-12-10 18:29:42,037 | INFO | Instance lsm2854, dim=2854, length=18117, optimal=8014, gap=126.067%, time=18307.0977s
Testing instance dbj2924, dim=2924 ...
2025-12-10 23:57:19,154 | INFO | Instance dbj2924, dim=2924, length=22675, optimal=10128, gap=123.884%, time=19657.0483s
Testing instance xva2993, dim=2993 ...
2025-12-11 05:35:38,992 | INFO | Instance xva2993, dim=2993, length=18897, optimal=8492, gap=122.527%, time=20299.7686s
Testing instance pcb3038, dim=3038 ...
2025-12-11 12:26:47,905 | INFO | Instance pcb3038, dim=3038, length=367334, optimal=137694, gap=166.776%, time=24668.8175s
Testing instance pia3056, dim=3056 ...
2025-12-11 18:02:27,589 | INFO | Instance pia3056, dim=3056, length=19364, optimal=8258, gap=134.488%, time=20139.6097s
Testing instance dke3097, dim=3097 ...
2025-12-11 23:54:11,599 | INFO | Instance dke3097, dim=3097, length=23945, optimal=10539, gap=127.204%, time=21103.9365s
Testing instance lsn3119, dim=3119 ...
2025-12-12 06:45:16,678 | INFO | Instance lsn3119, dim=3119, length=21649, optimal=9114, gap=137.536%, time=24665.0075s
Testing instance lta3140, dim=3140 ...
2025-12-12 13:13:53,573 | INFO | Instance lta3140, dim=3140, length=22455, optimal=9517, gap=135.946%, time=23316.7989s
Testing instance portcgen-3162-3162, dim=3162 ...
2025-12-13 01:24:41,542 | INFO | Instance portcgen-3162-3162, dim=3162, length=85418021, optimal=19198258, gap=344.926%, time=43847.8932s
Testing instance portcgen-3162-31621, dim=3162 ...
2025-12-13 14:43:21,877 | INFO | Instance portcgen-3162-31621, dim=3162, length=88290229, optimal=19017805, gap=364.250%, time=47920.2614s
Testing instance portcgen-3162-31622, dim=3162 ...
