nohup: ignoring input
2025-12-07 00:20:32,030 | INFO | Logger initialized. Log file: ./tsp_nls/survey_results/20251207_002032_test_TSPLIB_Survey.log
2025-12-07 00:20:35,210 | INFO | checkpoint: ./pretrained/tsp_nls/200/tsp200_sd0/50.pt
2025-12-07 00:20:35,210 | INFO | instances: 228, dim range: 29–100000 (median 2163)
2025-12-07 00:20:35,210 | INFO | device: cuda:0+cpu
2025-12-07 00:20:35,211 | INFO | n_ants: 100
2025-12-07 00:20:35,211 | INFO | n_iter: 100
2025-12-07 00:20:35,211 | INFO | k_sparse_factor: 10
2025-12-07 00:20:35,211 | INFO | guided_exploration: True
2025-12-07 00:20:35,211 | INFO | seed: 0
2025-12-07 00:20:35,825 | INFO | Model loaded successfully.
Testing instance wi29, dim=29 ...
2025-12-07 00:20:42,927 | INFO | Instance wi29, dim=29, length=27603, optimal=27603, gap=0.000%, time=7.1019s
Testing instance dj38, dim=38 ...
2025-12-07 00:20:49,654 | INFO | Instance dj38, dim=38, length=6656, optimal=6656, gap=0.000%, time=6.7260s
Testing instance eil51, dim=51 ...
2025-12-07 00:21:08,308 | INFO | Instance eil51, dim=51, length=426, optimal=426, gap=0.000%, time=18.6344s
Testing instance berlin52, dim=52 ...
2025-12-07 00:21:23,867 | INFO | Instance berlin52, dim=52, length=7542, optimal=7542, gap=0.000%, time=15.5557s
Testing instance st70, dim=70 ...
2025-12-07 00:21:47,499 | INFO | Instance st70, dim=70, length=675, optimal=675, gap=0.000%, time=23.6109s
Testing instance eil76, dim=76 ...
2025-12-07 00:22:11,279 | INFO | Instance eil76, dim=76, length=538, optimal=538, gap=0.000%, time=23.7608s
Testing instance pr76, dim=76 ...
2025-12-07 00:22:35,090 | INFO | Instance pr76, dim=76, length=108159, optimal=108159, gap=0.000%, time=23.7907s
Testing instance rat99, dim=99 ...
2025-12-07 00:22:58,697 | INFO | Instance rat99, dim=99, length=1211, optimal=1211, gap=0.000%, time=23.5863s
Testing instance kroA100, dim=100 ...
2025-12-07 00:23:24,170 | INFO | Instance kroA100, dim=100, length=21282, optimal=21282, gap=0.000%, time=25.4510s
Testing instance kroB100, dim=100 ...
2025-12-07 00:23:49,431 | INFO | Instance kroB100, dim=100, length=22141, optimal=22141, gap=0.000%, time=25.2398s
Testing instance kroC100, dim=100 ...
2025-12-07 00:24:14,862 | INFO | Instance kroC100, dim=100, length=20749, optimal=20749, gap=0.000%, time=25.4104s
Testing instance kroD100, dim=100 ...
2025-12-07 00:24:40,213 | INFO | Instance kroD100, dim=100, length=21294, optimal=21294, gap=0.000%, time=25.3302s
Testing instance kroE100, dim=100 ...
2025-12-07 00:25:05,605 | INFO | Instance kroE100, dim=100, length=22073, optimal=22068, gap=0.023%, time=25.3708s
Testing instance rd100, dim=100 ...
2025-12-07 00:25:31,496 | INFO | Instance rd100, dim=100, length=7910, optimal=7910, gap=0.000%, time=25.8697s
Testing instance eil101, dim=101 ...
2025-12-07 00:25:57,176 | INFO | Instance eil101, dim=101, length=629, optimal=629, gap=0.000%, time=25.6585s
Testing instance lin105, dim=105 ...
2025-12-07 00:26:22,897 | INFO | Instance lin105, dim=105, length=14379, optimal=14379, gap=0.000%, time=25.7007s
Testing instance pr107, dim=107 ...
2025-12-07 00:26:48,859 | INFO | Instance pr107, dim=107, length=44303, optimal=44303, gap=0.000%, time=25.9400s
Testing instance pr124, dim=124 ...
2025-12-07 00:27:17,375 | INFO | Instance pr124, dim=124, length=59030, optimal=59030, gap=0.000%, time=28.4955s
Testing instance bier127, dim=127 ...
2025-12-07 00:27:46,536 | INFO | Instance bier127, dim=127, length=118282, optimal=118282, gap=0.000%, time=29.1398s
Testing instance ch130, dim=130 ...
2025-12-07 00:28:16,525 | INFO | Instance ch130, dim=130, length=6117, optimal=6110, gap=0.115%, time=29.9683s
Testing instance xqf131, dim=131 ...
2025-12-07 00:28:46,203 | INFO | Instance xqf131, dim=131, length=564, optimal=564, gap=0.000%, time=29.6559s
Testing instance pr136, dim=136 ...
2025-12-07 00:29:15,703 | INFO | Instance pr136, dim=136, length=97060, optimal=96772, gap=0.298%, time=29.4793s
Testing instance pr144, dim=144 ...
2025-12-07 00:29:47,817 | INFO | Instance pr144, dim=144, length=58537, optimal=58537, gap=0.000%, time=32.0933s
Testing instance ch150, dim=150 ...
2025-12-07 00:30:20,828 | INFO | Instance ch150, dim=150, length=6528, optimal=6528, gap=0.000%, time=32.9834s
Testing instance kroA150, dim=150 ...
2025-12-07 00:30:53,279 | INFO | Instance kroA150, dim=150, length=26524, optimal=26524, gap=0.000%, time=32.4293s
Testing instance kroB150, dim=150 ...
2025-12-07 00:31:25,859 | INFO | Instance kroB150, dim=150, length=26132, optimal=26130, gap=0.008%, time=32.5578s
Testing instance pr152, dim=152 ...
2025-12-07 00:31:59,702 | INFO | Instance pr152, dim=152, length=73682, optimal=73682, gap=0.000%, time=33.8226s
Testing instance u159, dim=159 ...
2025-12-07 00:32:33,826 | INFO | Instance u159, dim=159, length=42080, optimal=42080, gap=0.000%, time=34.1026s
Testing instance qa194, dim=194 ...
2025-12-07 00:33:30,158 | INFO | Instance qa194, dim=194, length=9394, optimal=9352, gap=0.449%, time=56.3094s
Testing instance rat195, dim=195 ...
2025-12-07 00:34:21,865 | INFO | Instance rat195, dim=195, length=2329, optimal=2323, gap=0.258%, time=51.6855s
Testing instance d198, dim=198 ...
2025-12-07 00:35:23,817 | INFO | Instance d198, dim=198, length=15799, optimal=15780, gap=0.120%, time=61.9302s
Testing instance kroA200, dim=200 ...
2025-12-07 00:36:23,716 | INFO | Instance kroA200, dim=200, length=29417, optimal=29368, gap=0.167%, time=59.8759s
Testing instance kroB200, dim=200 ...
2025-12-07 00:37:23,280 | INFO | Instance kroB200, dim=200, length=29502, optimal=29437, gap=0.221%, time=59.5422s
Testing instance ts225, dim=225 ...
2025-12-07 00:38:23,310 | INFO | Instance ts225, dim=225, length=126937, optimal=126643, gap=0.232%, time=60.0076s
Testing instance tsp225, dim=225 ...
2025-12-07 00:39:27,033 | INFO | Instance tsp225, dim=225, length=3925, optimal=3916, gap=0.230%, time=63.7008s
Testing instance pr226, dim=226 ...
2025-12-07 00:40:34,633 | INFO | Instance pr226, dim=226, length=80418, optimal=80369, gap=0.061%, time=67.5767s
Testing instance xqg237, dim=237 ...
2025-12-07 00:41:46,134 | INFO | Instance xqg237, dim=237, length=1023, optimal=1019, gap=0.393%, time=71.4783s
Testing instance gil262, dim=262 ...
2025-12-07 00:43:06,337 | INFO | Instance gil262, dim=262, length=2386, optimal=2378, gap=0.336%, time=80.1796s
Testing instance pr264, dim=264 ...
2025-12-07 00:44:25,880 | INFO | Instance pr264, dim=264, length=49135, optimal=49135, gap=0.000%, time=79.5204s
Testing instance a280, dim=280 ...
2025-12-07 00:45:48,046 | INFO | Instance a280, dim=280, length=2582, optimal=2579, gap=0.116%, time=82.1419s
Testing instance pr299, dim=299 ...
2025-12-07 00:47:24,850 | INFO | Instance pr299, dim=299, length=48440, optimal=48191, gap=0.517%, time=96.7794s
Testing instance lin318, dim=318 ...
2025-12-07 00:49:16,022 | INFO | Instance lin318, dim=318, length=42438, optimal=42029, gap=0.973%, time=111.1478s
Testing instance pma343, dim=343 ...
2025-12-07 00:51:31,702 | INFO | Instance pma343, dim=343, length=1378, optimal=1368, gap=0.731%, time=135.6548s
Testing instance pka379, dim=379 ...
2025-12-07 00:54:11,667 | INFO | Instance pka379, dim=379, length=1345, optimal=1332, gap=0.976%, time=159.9349s
Testing instance bcl380, dim=380 ...
2025-12-07 00:56:37,668 | INFO | Instance bcl380, dim=380, length=1629, optimal=1621, gap=0.494%, time=145.9756s
Testing instance pbl395, dim=395 ...
2025-12-07 00:59:17,964 | INFO | Instance pbl395, dim=395, length=1293, optimal=1281, gap=0.937%, time=160.2699s
Testing instance rd400, dim=400 ...
2025-12-07 01:01:58,403 | INFO | Instance rd400, dim=400, length=15448, optimal=15281, gap=1.093%, time=160.4126s
Testing instance pbk411, dim=411 ...
2025-12-07 01:04:46,242 | INFO | Instance pbk411, dim=411, length=1361, optimal=1343, gap=1.340%, time=167.8126s
Testing instance fl417, dim=417 ...
2025-12-07 01:07:45,795 | INFO | Instance fl417, dim=417, length=11918, optimal=11861, gap=0.481%, time=179.5272s
Testing instance pbn423, dim=423 ...
2025-12-07 01:10:39,167 | INFO | Instance pbn423, dim=423, length=1378, optimal=1365, gap=0.952%, time=173.3448s
Testing instance pbm436, dim=436 ...
2025-12-07 01:13:38,494 | INFO | Instance pbm436, dim=436, length=1451, optimal=1443, gap=0.554%, time=179.3007s
Testing instance pr439, dim=439 ...
2025-12-07 01:16:42,125 | INFO | Instance pr439, dim=439, length=107862, optimal=107217, gap=0.602%, time=183.6043s
Testing instance pcb442, dim=442 ...
2025-12-07 01:19:41,166 | INFO | Instance pcb442, dim=442, length=51476, optimal=50778, gap=1.375%, time=179.0140s
Testing instance d493, dim=493 ...
2025-12-07 01:23:29,190 | INFO | Instance d493, dim=493, length=35656, optimal=35002, gap=1.868%, time=227.9971s
Testing instance u574, dim=574 ...
2025-12-07 01:28:36,763 | INFO | Instance u574, dim=574, length=37606, optimal=36905, gap=1.899%, time=307.5440s
Testing instance rat575, dim=575 ...
2025-12-07 01:33:17,127 | INFO | Instance rat575, dim=575, length=6909, optimal=6773, gap=2.008%, time=280.3354s
Testing instance p654, dim=654 ...
2025-12-07 01:40:23,061 | INFO | Instance p654, dim=654, length=34801, optimal=34643, gap=0.456%, time=425.9041s
Testing instance d657, dim=657 ...
2025-12-07 01:47:02,280 | INFO | Instance d657, dim=657, length=49712, optimal=48912, gap=1.636%, time=399.1889s
Testing instance xql662, dim=662 ...
2025-12-07 01:53:28,239 | INFO | Instance xql662, dim=662, length=2552, optimal=2513, gap=1.552%, time=385.9293s
Testing instance rbx711, dim=711 ...
2025-12-07 02:00:36,433 | INFO | Instance rbx711, dim=711, length=3167, optimal=3115, gap=1.669%, time=428.1632s
Testing instance u724, dim=724 ...
2025-12-07 02:08:18,180 | INFO | Instance u724, dim=724, length=42721, optimal=41910, gap=1.935%, time=461.7156s
Testing instance uy734, dim=734 ...
2025-12-07 02:16:58,126 | INFO | Instance uy734, dim=734, length=81668, optimal=79114, gap=3.228%, time=519.9147s
Testing instance rbu737, dim=737 ...
2025-12-07 02:24:46,396 | INFO | Instance rbu737, dim=737, length=3389, optimal=3314, gap=2.263%, time=468.2389s
Testing instance rat783, dim=783 ...
2025-12-07 02:33:18,562 | INFO | Instance rat783, dim=783, length=9005, optimal=8806, gap=2.260%, time=512.1352s
Testing instance dkg813, dim=813 ...
2025-12-07 02:42:33,333 | INFO | Instance dkg813, dim=813, length=3292, optimal=3199, gap=2.907%, time=554.7384s
Testing instance zi929, dim=929 ...
2025-12-07 02:56:30,236 | INFO | Instance zi929, dim=929, length=97391, optimal=95345, gap=2.146%, time=836.8686s
Testing instance lim963, dim=963 ...
2025-12-07 03:09:43,253 | INFO | Instance lim963, dim=963, length=2868, optimal=2789, gap=2.833%, time=792.9829s
Testing instance lu980, dim=980 ...
2025-12-07 03:27:48,033 | INFO | Instance lu980, dim=980, length=11842, optimal=11340, gap=4.427%, time=1084.7461s
Testing instance pbd984, dim=984 ...
2025-12-07 03:40:58,276 | INFO | Instance pbd984, dim=984, length=2872, optimal=2797, gap=2.681%, time=790.2079s
Testing instance portcgen-1000-1000, dim=1000 ...
2025-12-07 03:58:09,702 | INFO | Instance portcgen-1000-1000, dim=1000, length=11665828, optimal=11387430, gap=2.445%, time=1031.3915s
Testing instance portcgen-1000-10001, dim=1000 ...
2025-12-07 04:15:11,493 | INFO | Instance portcgen-1000-10001, dim=1000, length=11719911, optimal=11376735, gap=3.016%, time=1021.7560s
Testing instance portcgen-1000-10002, dim=1000 ...
2025-12-07 04:32:11,204 | INFO | Instance portcgen-1000-10002, dim=1000, length=11185909, optimal=10855033, gap=3.048%, time=1019.6777s
Testing instance portcgen-1000-10003, dim=1000 ...
2025-12-07 04:49:28,897 | INFO | Instance portcgen-1000-10003, dim=1000, length=12175164, optimal=11886457, gap=2.429%, time=1037.6515s
Testing instance portcgen-1000-10004, dim=1000 ...
2025-12-07 05:06:03,687 | INFO | Instance portcgen-1000-10004, dim=1000, length=11822513, optimal=11499958, gap=2.805%, time=994.7559s
Testing instance portcgen-1000-10005, dim=1000 ...
2025-12-07 05:23:08,506 | INFO | Instance portcgen-1000-10005, dim=1000, length=11723925, optimal=11394911, gap=2.887%, time=1024.7839s
Testing instance portcgen-1000-10006, dim=1000 ...
2025-12-07 05:39:54,161 | INFO | Instance portcgen-1000-10006, dim=1000, length=10481732, optimal=10166701, gap=3.099%, time=1005.6206s
Testing instance portcgen-1000-10007, dim=1000 ...
2025-12-07 05:56:36,116 | INFO | Instance portcgen-1000-10007, dim=1000, length=10973748, optimal=10664660, gap=2.898%, time=1001.9201s
Testing instance portcgen-1000-10008, dim=1000 ...
2025-12-07 06:14:33,057 | INFO | Instance portcgen-1000-10008, dim=1000, length=11953858, optimal=11605723, gap=3.000%, time=1076.9073s
Testing instance portcgen-1000-10009, dim=1000 ...
2025-12-07 06:31:55,403 | INFO | Instance portcgen-1000-10009, dim=1000, length=11246655, optimal=10906997, gap=3.114%, time=1042.3104s
Testing instance dsj1000, dim=1000 ...
2025-12-07 06:48:22,387 | INFO | Instance dsj1000, dim=1000, length=19257904, optimal=18660188, gap=3.203%, time=986.9496s
Testing instance pr1002, dim=1002 ...
2025-12-07 07:04:06,124 | INFO | Instance pr1002, dim=1002, length=266928, optimal=259045, gap=3.043%, time=943.7019s
Testing instance u1060, dim=1060 ...
2025-12-07 07:22:17,633 | INFO | Instance u1060, dim=1060, length=230509, optimal=224094, gap=2.863%, time=1091.4741s
Testing instance xit1083, dim=1083 ...
2025-12-07 07:38:45,587 | INFO | Instance xit1083, dim=1083, length=3655, optimal=3558, gap=2.726%, time=987.9178s
Testing instance vm1084, dim=1084 ...
2025-12-07 07:56:26,143 | INFO | Instance vm1084, dim=1084, length=245331, optimal=239297, gap=2.522%, time=1060.5196s
Testing instance pcb1173, dim=1173 ...
2025-12-07 08:18:04,499 | INFO | Instance pcb1173, dim=1173, length=58506, optimal=56892, gap=2.837%, time=1298.3190s
Testing instance d1291, dim=1291 ...
2025-12-07 08:40:32,273 | INFO | Instance d1291, dim=1291, length=51842, optimal=50801, gap=2.049%, time=1347.7355s
Testing instance rl1304, dim=1304 ...
2025-12-07 09:05:21,444 | INFO | Instance rl1304, dim=1304, length=258162, optimal=252948, gap=2.061%, time=1489.1313s
Testing instance rl1323, dim=1323 ...
2025-12-07 09:30:34,641 | INFO | Instance rl1323, dim=1323, length=275064, optimal=270199, gap=1.801%, time=1513.1565s
Testing instance dka1376, dim=1376 ...
2025-12-07 09:59:53,448 | INFO | Instance dka1376, dim=1376, length=4810, optimal=4666, gap=3.086%, time=1758.7657s
Testing instance nrw1379, dim=1379 ...
2025-12-07 10:33:56,210 | INFO | Instance nrw1379, dim=1379, length=59262, optimal=56638, gap=4.633%, time=2042.7214s
Testing instance dca1389, dim=1389 ...
2025-12-07 11:04:04,656 | INFO | Instance dca1389, dim=1389, length=5240, optimal=5085, gap=3.048%, time=1808.4031s
Testing instance fl1400, dim=1400 ...
2025-12-07 11:44:31,350 | INFO | Instance fl1400, dim=1400, length=20352, optimal=20127, gap=1.118%, time=2426.6487s
Testing instance u1432, dim=1432 ...
2025-12-07 12:17:45,223 | INFO | Instance u1432, dim=1432, length=158591, optimal=152970, gap=3.675%, time=1993.8320s
Testing instance dja1436, dim=1436 ...
2025-12-07 12:51:33,428 | INFO | Instance dja1436, dim=1436, length=5428, optimal=5257, gap=3.253%, time=2028.1629s
Testing instance icw1483, dim=1483 ...
2025-12-07 13:27:25,937 | INFO | Instance icw1483, dim=1483, length=4559, optimal=4416, gap=3.238%, time=2152.4666s
Testing instance fra1488, dim=1488 ...
2025-12-07 14:06:11,375 | INFO | Instance fra1488, dim=1488, length=4434, optimal=4264, gap=3.987%, time=2325.3955s
Testing instance fl1577, dim=1577 ...
2025-12-07 14:47:20,223 | INFO | Instance fl1577, dim=1577, length=22568, optimal=22249, gap=1.434%, time=2468.8041s
Testing instance rbv1583, dim=1583 ...
2025-12-07 15:29:04,228 | INFO | Instance rbv1583, dim=1583, length=5586, optimal=5387, gap=3.694%, time=2503.9610s
Testing instance rby1599, dim=1599 ...
2025-12-07 16:11:21,904 | INFO | Instance rby1599, dim=1599, length=5715, optimal=5533, gap=3.289%, time=2537.6314s
Testing instance fnb1615, dim=1615 ...
2025-12-07 16:56:54,415 | INFO | Instance fnb1615, dim=1615, length=5151, optimal=4956, gap=3.935%, time=2732.4668s
Testing instance rw1621, dim=1621 ...
2025-12-07 18:01:31,075 | INFO | Instance rw1621, dim=1621, length=27155, optimal=26051, gap=4.238%, time=3876.6150s
Testing instance d1655, dim=1655 ...
2025-12-07 18:48:00,108 | INFO | Instance d1655, dim=1655, length=64338, optimal=62128, gap=3.557%, time=2788.9877s
Testing instance vm1748, dim=1748 ...
2025-12-07 19:42:14,596 | INFO | Instance vm1748, dim=1748, length=348183, optimal=336556, gap=3.455%, time=3254.4420s
Testing instance djc1785, dim=1785 ...
2025-12-07 20:39:01,968 | INFO | Instance djc1785, dim=1785, length=6331, optimal=6115, gap=3.532%, time=3407.3220s
Testing instance u1817, dim=1817 ...
2025-12-07 21:32:25,510 | INFO | Instance u1817, dim=1817, length=58884, optimal=57201, gap=2.942%, time=3203.4903s
Testing instance rl1889, dim=1889 ...
2025-12-07 22:34:57,161 | INFO | Instance rl1889, dim=1889, length=324449, optimal=316536, gap=2.500%, time=3751.6031s
Testing instance dcc1911, dim=1911 ...
2025-12-07 23:41:44,387 | INFO | Instance dcc1911, dim=1911, length=6639, optimal=6396, gap=3.799%, time=4007.1767s
Testing instance dkd1973, dim=1973 ...
2025-12-08 01:04:13,923 | INFO | Instance dkd1973, dim=1973, length=6741, optimal=6421, gap=4.984%, time=4949.4865s
Testing instance mu1979, dim=1979 ...
2025-12-08 02:44:54,860 | INFO | Instance mu1979, dim=1979, length=89493, optimal=86891, gap=2.995%, time=6040.8877s
Testing instance djb2036, dim=2036 ...
2025-12-08 04:00:29,524 | INFO | Instance djb2036, dim=2036, length=6436, optimal=6197, gap=3.857%, time=4534.6122s
Testing instance dcb2086, dim=2086 ...
2025-12-08 05:22:03,803 | INFO | Instance dcb2086, dim=2086, length=6834, optimal=6600, gap=3.545%, time=4894.2276s
Testing instance d2103, dim=2103 ...
2025-12-08 06:28:51,836 | INFO | Instance d2103, dim=2103, length=81563, optimal=80450, gap=1.383%, time=4007.9817s
Testing instance bva2144, dim=2144 ...
2025-12-08 08:01:30,594 | INFO | Instance bva2144, dim=2144, length=6566, optimal=6304, gap=4.156%, time=5558.7057s
Testing instance u2152, dim=2152 ...
2025-12-08 09:27:49,831 | INFO | Instance u2152, dim=2152, length=67090, optimal=64253, gap=4.415%, time=5179.1840s
Testing instance xqc2175, dim=2175 ...
2025-12-08 10:56:26,412 | INFO | Instance xqc2175, dim=2175, length=7111, optimal=6830, gap=4.114%, time=5316.5283s
Testing instance bck2217, dim=2217 ...
2025-12-08 12:32:04,503 | INFO | Instance bck2217, dim=2217, length=7041, optimal=6764, gap=4.095%, time=5738.0376s
Testing instance xpr2308, dim=2308 ...
2025-12-08 14:12:15,210 | INFO | Instance xpr2308, dim=2308, length=7495, optimal=7219, gap=3.823%, time=6010.6522s
Testing instance u2319, dim=2319 ...
2025-12-08 16:03:22,988 | INFO | Instance u2319, dim=2319, length=239939, optimal=234256, gap=2.426%, time=6667.7208s
Testing instance ley2323, dim=2323 ...
2025-12-08 17:39:41,359 | INFO | Instance ley2323, dim=2323, length=8624, optimal=8352, gap=3.257%, time=5778.3161s
Testing instance dea2382, dim=2382 ...
2025-12-08 19:41:40,179 | INFO | Instance dea2382, dim=2382, length=8330, optimal=8017, gap=3.904%, time=7318.7638s
Testing instance pr2392, dim=2392 ...
2025-12-08 21:53:39,945 | INFO | Instance pr2392, dim=2392, length=394069, optimal=378032, gap=4.242%, time=7919.7095s
Testing instance rbw2481, dim=2481 ...
2025-12-08 23:50:19,403 | INFO | Instance rbw2481, dim=2481, length=7971, optimal=7724, gap=3.198%, time=6999.4008s
Testing instance pds2566, dim=2566 ...
2025-12-09 02:07:06,872 | INFO | Instance pds2566, dim=2566, length=7949, optimal=7643, gap=4.004%, time=8207.4097s
Testing instance mlt2597, dim=2597 ...
2025-12-09 04:24:09,073 | INFO | Instance mlt2597, dim=2597, length=8353, optimal=8071, gap=3.494%, time=8222.1415s
Testing instance bch2762, dim=2762 ...
2025-12-09 07:12:30,406 | INFO | Instance bch2762, dim=2762, length=8598, optimal=8234, gap=4.421%, time=10101.2700s
Testing instance irw2802, dim=2802 ...
2025-12-09 10:01:47,620 | INFO | Instance irw2802, dim=2802, length=8760, optimal=8423, gap=4.001%, time=10157.1513s
Testing instance lsm2854, dim=2854 ...
2025-12-09 13:08:06,286 | INFO | Instance lsm2854, dim=2854, length=8381, optimal=8014, gap=4.579%, time=11178.6018s
Testing instance dbj2924, dim=2924 ...
2025-12-09 16:28:49,059 | INFO | Instance dbj2924, dim=2924, length=10584, optimal=10128, gap=4.502%, time=12042.7088s
Testing instance xva2993, dim=2993 ...
2025-12-09 20:00:23,147 | INFO | Instance xva2993, dim=2993, length=8901, optimal=8492, gap=4.816%, time=12694.0218s
Testing instance pcb3038, dim=3038 ...
2025-12-10 00:15:01,424 | INFO | Instance pcb3038, dim=3038, length=144340, optimal=137694, gap=4.827%, time=15278.2109s
Testing instance pia3056, dim=3056 ...
2025-12-10 04:02:30,334 | INFO | Instance pia3056, dim=3056, length=8631, optimal=8258, gap=4.517%, time=13648.8430s
Testing instance dke3097, dim=3097 ...
2025-12-10 07:51:39,379 | INFO | Instance dke3097, dim=3097, length=10970, optimal=10539, gap=4.090%, time=13748.9776s
Testing instance lsn3119, dim=3119 ...
2025-12-10 11:53:20,690 | INFO | Instance lsn3119, dim=3119, length=9552, optimal=9114, gap=4.806%, time=14501.2394s
Testing instance lta3140, dim=3140 ...
2025-12-10 15:57:44,645 | INFO | Instance lta3140, dim=3140, length=9938, optimal=9517, gap=4.424%, time=14663.8868s
Testing instance portcgen-3162-3162, dim=3162 ...
2025-12-10 22:13:16,063 | INFO | Instance portcgen-3162-3162, dim=3162, length=20087337, optimal=19198258, gap=4.631%, time=22531.3491s
Testing instance portcgen-3162-31621, dim=3162 ...
2025-12-11 04:40:55,916 | INFO | Instance portcgen-3162-31621, dim=3162, length=19913892, optimal=19017805, gap=4.712%, time=23259.7846s
Testing instance portcgen-3162-31622, dim=3162 ...
2025-12-11 11:13:55,412 | INFO | Instance portcgen-3162-31622, dim=3162, length=20469583, optimal=19547551, gap=4.717%, time=23579.4273s
Testing instance portcgen-3162-31623, dim=3162 ...
2025-12-11 17:41:26,609 | INFO | Instance portcgen-3162-31623, dim=3162, length=20034810, optimal=19108508, gap=4.848%, time=23251.1236s
Testing instance portcgen-3162-31624, dim=3162 ...
2025-12-12 00:00:48,428 | INFO | Instance portcgen-3162-31624, dim=3162, length=19800189, optimal=18864046, gap=4.963%, time=22761.7507s
Testing instance fdp3256, dim=3256 ...
2025-12-12 04:40:26,684 | INFO | Instance fdp3256, dim=3256, length=10480, optimal=10008, gap=4.716%, time=16778.1863s
Testing instance beg3293, dim=3293 ...
2025-12-12 09:00:58,898 | INFO | Instance beg3293, dim=3293, length=10182, optimal=9772, gap=4.196%, time=15632.1438s
Testing instance dhb3386, dim=3386 ...
2025-12-12 13:54:22,307 | INFO | Instance dhb3386, dim=3386, length=11658, optimal=11137, gap=4.678%, time=17603.3364s
Testing instance nu3496, dim=3496 ...
2025-12-12 23:41:14,656 | INFO | Instance nu3496, dim=3496, length=102422, optimal=96132, gap=6.543%, time=35212.2751s
Testing instance fjs3649, dim=3649 ...
2025-12-13 08:39:24,370 | INFO | Instance fjs3649, dim=3649, length=9899, optimal=9272, gap=6.762%, time=32289.6378s
Testing instance fjr3672, dim=3672 ...
2025-12-13 17:58:06,139 | INFO | Instance fjr3672, dim=3672, length=10269, optimal=9601, gap=6.958%, time=33521.6924s
Testing instance dlb3694, dim=3694 ...
2025-12-14 00:38:38,072 | INFO | Instance dlb3694, dim=3694, length=11506, optimal=10959, gap=4.991%, time=24031.8570s
Testing instance ltb3729, dim=3729 ...
2025-12-14 07:57:18,768 | INFO | Instance ltb3729, dim=3729, length=12502, optimal=11821, gap=5.761%, time=26320.6177s
Testing instance fl3795, dim=3795 ...
2025-12-14 15:10:12,335 | INFO | Instance fl3795, dim=3795, length=29360, optimal=28772, gap=2.044%, time=25973.4897s
Testing instance xqe3891, dim=3891 ...
2025-12-14 22:28:04,791 | INFO | Instance xqe3891, dim=3891, length=12537, optimal=11995, gap=4.519%, time=26272.3698s
Testing instance xua3937, dim=3937 ...
2025-12-15 05:41:03,264 | INFO | Instance xua3937, dim=3937, length=11793, optimal=11239, gap=4.929%, time=25978.3928s
Testing instance dkc3938, dim=3938 ...
2025-12-15 14:17:03,013 | INFO | Instance dkc3938, dim=3938, length=13195, optimal=12503, gap=5.535%, time=30959.6686s
Testing instance dkf3954, dim=3954 ...
2025-12-15 22:28:45,880 | INFO | Instance dkf3954, dim=3954, length=13196, optimal=12538, gap=5.248%, time=29502.7864s
Testing instance bgb4355, dim=4355 ...
2025-12-16 08:59:34,797 | INFO | Instance bgb4355, dim=4355, length=13378, optimal=12723, gap=5.148%, time=37848.8292s
Testing instance bgd4396, dim=4396 ...
2025-12-16 20:02:26,829 | INFO | Instance bgd4396, dim=4396, length=13739, optimal=13009, gap=5.611%, time=39771.9442s
Testing instance frv4410, dim=4410 ...
