nohup: ignoring input
2025-12-07 00:35:12,923 | INFO | Logger initialized. Log file: ./tsp_nls/survey_results_last_without_ls/20251207_003512_test_TSPLIB_Survey.log
2025-12-07 00:35:16,128 | INFO | checkpoint: ./pretrained/tsp_nls/1000/tsp1000_sd0_fromckpt-500_tsp500_sd0_50/20.pt
2025-12-07 00:35:16,128 | INFO | instances: 228, dim range: 29–100000 (median 2163)
2025-12-07 00:35:16,128 | INFO | device: cuda:0+cpu
2025-12-07 00:35:16,128 | INFO | n_ants: 100
2025-12-07 00:35:16,128 | INFO | n_iter: 100
2025-12-07 00:35:16,129 | INFO | k_sparse_factor: 10
2025-12-07 00:35:16,129 | INFO | guided_exploration: True
2025-12-07 00:35:16,129 | INFO | seed: 0
2025-12-07 00:35:16,749 | INFO | Model loaded successfully.
Testing instance wi29, dim=29 ...
2025-12-07 00:35:23,981 | INFO | Instance wi29, dim=29, length=27884, optimal=27603, gap=1.018%, time=7.2306s
Testing instance dj38, dim=38 ...
2025-12-07 00:35:42,728 | INFO | Instance dj38, dim=38, length=6656, optimal=6656, gap=0.000%, time=18.7294s
Testing instance eil51, dim=51 ...
2025-12-07 00:36:05,329 | INFO | Instance eil51, dim=51, length=505, optimal=426, gap=18.545%, time=22.5813s
Testing instance berlin52, dim=52 ...
2025-12-07 00:36:29,507 | INFO | Instance berlin52, dim=52, length=8488, optimal=7542, gap=12.543%, time=24.1577s
Testing instance st70, dim=70 ...
2025-12-07 00:36:54,452 | INFO | Instance st70, dim=70, length=858, optimal=675, gap=27.111%, time=24.9243s
Testing instance eil76, dim=76 ...
2025-12-07 00:37:19,887 | INFO | Instance eil76, dim=76, length=724, optimal=538, gap=34.572%, time=25.4141s
Testing instance pr76, dim=76 ...
2025-12-07 00:37:45,163 | INFO | Instance pr76, dim=76, length=128295, optimal=108159, gap=18.617%, time=25.2557s
Testing instance rat99, dim=99 ...
2025-12-07 00:38:13,320 | INFO | Instance rat99, dim=99, length=1633, optimal=1211, gap=34.847%, time=28.1368s
Testing instance kroA100, dim=100 ...
2025-12-07 00:38:41,843 | INFO | Instance kroA100, dim=100, length=27511, optimal=21282, gap=29.269%, time=28.5023s
Testing instance kroB100, dim=100 ...
2025-12-07 00:39:10,952 | INFO | Instance kroB100, dim=100, length=29462, optimal=22141, gap=33.065%, time=29.0864s
Testing instance kroC100, dim=100 ...
2025-12-07 00:39:39,652 | INFO | Instance kroC100, dim=100, length=24003, optimal=20749, gap=15.683%, time=28.6805s
Testing instance kroD100, dim=100 ...
2025-12-07 00:40:08,211 | INFO | Instance kroD100, dim=100, length=30063, optimal=21294, gap=41.181%, time=28.5375s
Testing instance kroE100, dim=100 ...
2025-12-07 00:40:36,778 | INFO | Instance kroE100, dim=100, length=27593, optimal=22068, gap=25.036%, time=28.5461s
Testing instance rd100, dim=100 ...
2025-12-07 00:41:05,405 | INFO | Instance rd100, dim=100, length=11236, optimal=7910, gap=42.048%, time=28.6052s
Testing instance eil101, dim=101 ...
2025-12-07 00:41:33,899 | INFO | Instance eil101, dim=101, length=864, optimal=629, gap=37.361%, time=28.4724s
Testing instance lin105, dim=105 ...
2025-12-07 00:42:02,918 | INFO | Instance lin105, dim=105, length=16715, optimal=14379, gap=16.246%, time=28.9922s
Testing instance pr107, dim=107 ...
2025-12-07 00:42:32,089 | INFO | Instance pr107, dim=107, length=55046, optimal=44303, gap=24.249%, time=29.1493s
Testing instance pr124, dim=124 ...
2025-12-07 00:43:04,474 | INFO | Instance pr124, dim=124, length=64689, optimal=59030, gap=9.587%, time=32.3638s
Testing instance bier127, dim=127 ...
2025-12-07 00:43:37,831 | INFO | Instance bier127, dim=127, length=146670, optimal=118282, gap=24.000%, time=33.3353s
Testing instance ch130, dim=130 ...
2025-12-07 00:44:12,440 | INFO | Instance ch130, dim=130, length=8254, optimal=6110, gap=35.090%, time=34.5868s
Testing instance xqf131, dim=131 ...
2025-12-07 00:44:46,226 | INFO | Instance xqf131, dim=131, length=699, optimal=564, gap=23.936%, time=33.7644s
Testing instance pr136, dim=136 ...
2025-12-07 00:45:21,597 | INFO | Instance pr136, dim=136, length=142927, optimal=96772, gap=47.695%, time=35.3494s
Testing instance pr144, dim=144 ...
2025-12-07 00:45:57,546 | INFO | Instance pr144, dim=144, length=71340, optimal=58537, gap=21.872%, time=35.9269s
Testing instance ch150, dim=150 ...
2025-12-07 00:46:36,492 | INFO | Instance ch150, dim=150, length=9530, optimal=6528, gap=45.987%, time=38.9244s
Testing instance kroA150, dim=150 ...
2025-12-07 00:47:15,585 | INFO | Instance kroA150, dim=150, length=33891, optimal=26524, gap=27.775%, time=39.0706s
Testing instance kroB150, dim=150 ...
2025-12-07 00:47:54,614 | INFO | Instance kroB150, dim=150, length=34815, optimal=26130, gap=33.238%, time=39.0081s
Testing instance pr152, dim=152 ...
2025-12-07 00:48:30,614 | INFO | Instance pr152, dim=152, length=91473, optimal=73682, gap=24.146%, time=35.9716s
Testing instance u159, dim=159 ...
2025-12-07 00:49:10,489 | INFO | Instance u159, dim=159, length=55286, optimal=42080, gap=31.383%, time=39.8541s
Testing instance qa194, dim=194 ...
2025-12-07 00:50:14,775 | INFO | Instance qa194, dim=194, length=14713, optimal=9352, gap=57.325%, time=64.2630s
Testing instance rat195, dim=195 ...
2025-12-07 00:51:20,546 | INFO | Instance rat195, dim=195, length=2829, optimal=2323, gap=21.782%, time=65.7490s
Testing instance d198, dim=198 ...
2025-12-07 00:52:28,729 | INFO | Instance d198, dim=198, length=19206, optimal=15780, gap=21.711%, time=68.1604s
Testing instance kroA200, dim=200 ...
2025-12-07 00:53:41,293 | INFO | Instance kroA200, dim=200, length=42198, optimal=29368, gap=43.687%, time=72.5419s
Testing instance kroB200, dim=200 ...
2025-12-07 00:54:52,247 | INFO | Instance kroB200, dim=200, length=41384, optimal=29437, gap=40.585%, time=70.9309s
Testing instance ts225, dim=225 ...
2025-12-07 00:56:09,632 | INFO | Instance ts225, dim=225, length=160908, optimal=126643, gap=27.056%, time=77.3617s
Testing instance tsp225, dim=225 ...
2025-12-07 00:57:28,947 | INFO | Instance tsp225, dim=225, length=5713, optimal=3916, gap=45.889%, time=79.2931s
Testing instance pr226, dim=226 ...
2025-12-07 00:58:46,130 | INFO | Instance pr226, dim=226, length=105245, optimal=80369, gap=30.952%, time=77.1598s
Testing instance xqg237, dim=237 ...
2025-12-07 01:00:09,977 | INFO | Instance xqg237, dim=237, length=1409, optimal=1019, gap=38.273%, time=83.8242s
Testing instance gil262, dim=262 ...
2025-12-07 01:01:47,001 | INFO | Instance gil262, dim=262, length=3375, optimal=2378, gap=41.926%, time=97.0008s
Testing instance pr264, dim=264 ...
2025-12-07 01:03:19,871 | INFO | Instance pr264, dim=264, length=65478, optimal=49135, gap=33.261%, time=92.8442s
Testing instance a280, dim=280 ...
2025-12-07 01:05:01,772 | INFO | Instance a280, dim=280, length=4052, optimal=2579, gap=57.115%, time=101.8772s
Testing instance pr299, dim=299 ...
2025-12-07 01:06:53,190 | INFO | Instance pr299, dim=299, length=73279, optimal=48191, gap=52.060%, time=111.3950s
Testing instance lin318, dim=318 ...
2025-12-07 01:09:11,403 | INFO | Instance lin318, dim=318, length=60174, optimal=42029, gap=43.173%, time=138.1883s
Testing instance pma343, dim=343 ...
2025-12-07 01:11:29,407 | INFO | Instance pma343, dim=343, length=2310, optimal=1368, gap=68.860%, time=137.9791s
Testing instance pka379, dim=379 ...
2025-12-07 01:14:10,401 | INFO | Instance pka379, dim=379, length=2272, optimal=1332, gap=70.571%, time=160.9691s
Testing instance bcl380, dim=380 ...
2025-12-07 01:16:57,638 | INFO | Instance bcl380, dim=380, length=2219, optimal=1621, gap=36.891%, time=167.2083s
Testing instance pbl395, dim=395 ...
2025-12-07 01:20:07,047 | INFO | Instance pbl395, dim=395, length=1831, optimal=1281, gap=42.935%, time=189.3825s
Testing instance rd400, dim=400 ...
2025-12-07 01:23:30,107 | INFO | Instance rd400, dim=400, length=23459, optimal=15281, gap=53.517%, time=203.0337s
Testing instance pbk411, dim=411 ...
2025-12-07 01:26:54,305 | INFO | Instance pbk411, dim=411, length=2010, optimal=1343, gap=49.665%, time=204.1713s
Testing instance fl417, dim=417 ...
2025-12-07 01:30:32,053 | INFO | Instance fl417, dim=417, length=30102, optimal=11861, gap=153.790%, time=217.7213s
Testing instance pbn423, dim=423 ...
2025-12-07 01:34:04,282 | INFO | Instance pbn423, dim=423, length=2255, optimal=1365, gap=65.201%, time=212.2022s
Testing instance pbm436, dim=436 ...
2025-12-07 01:37:46,687 | INFO | Instance pbm436, dim=436, length=2261, optimal=1443, gap=56.687%, time=222.3778s
Testing instance pr439, dim=439 ...
2025-12-07 01:41:24,441 | INFO | Instance pr439, dim=439, length=155258, optimal=107217, gap=44.807%, time=217.7277s
Testing instance pcb442, dim=442 ...
2025-12-07 01:45:02,973 | INFO | Instance pcb442, dim=442, length=75167, optimal=50778, gap=48.031%, time=218.5048s
Testing instance d493, dim=493 ...
2025-12-07 01:49:48,382 | INFO | Instance d493, dim=493, length=49976, optimal=35002, gap=42.780%, time=285.3820s
Testing instance u574, dim=574 ...
2025-12-07 01:55:58,515 | INFO | Instance u574, dim=574, length=66570, optimal=36905, gap=80.382%, time=370.1039s
Testing instance rat575, dim=575 ...
2025-12-07 02:01:52,498 | INFO | Instance rat575, dim=575, length=12051, optimal=6773, gap=77.927%, time=353.9543s
Testing instance p654, dim=654 ...
2025-12-07 02:10:42,366 | INFO | Instance p654, dim=654, length=120367, optimal=34643, gap=247.450%, time=529.8361s
Testing instance d657, dim=657 ...
2025-12-07 02:19:02,651 | INFO | Instance d657, dim=657, length=78759, optimal=48912, gap=61.022%, time=500.2552s
Testing instance xql662, dim=662 ...
2025-12-07 02:26:47,397 | INFO | Instance xql662, dim=662, length=4187, optimal=2513, gap=66.614%, time=464.7164s
Testing instance rbx711, dim=711 ...
2025-12-07 02:36:05,549 | INFO | Instance rbx711, dim=711, length=4792, optimal=3115, gap=53.836%, time=558.1209s
Testing instance u724, dim=724 ...
2025-12-07 02:45:57,859 | INFO | Instance u724, dim=724, length=79184, optimal=41910, gap=88.938%, time=592.2786s
Testing instance uy734, dim=734 ...
2025-12-07 02:59:25,606 | INFO | Instance uy734, dim=734, length=167649, optimal=79114, gap=111.908%, time=807.7151s
Testing instance rbu737, dim=737 ...
2025-12-07 03:08:52,765 | INFO | Instance rbu737, dim=737, length=6464, optimal=3314, gap=95.051%, time=567.1271s
Testing instance rat783, dim=783 ...
2025-12-07 03:20:09,203 | INFO | Instance rat783, dim=783, length=15622, optimal=8806, gap=77.402%, time=676.4053s
Testing instance dkg813, dim=813 ...
2025-12-07 03:32:26,652 | INFO | Instance dkg813, dim=813, length=5979, optimal=3199, gap=86.902%, time=737.4157s
Testing instance zi929, dim=929 ...
2025-12-07 03:53:57,795 | INFO | Instance zi929, dim=929, length=199604, optimal=95345, gap=109.349%, time=1291.1088s
Testing instance lim963, dim=963 ...
2025-12-07 04:11:39,069 | INFO | Instance lim963, dim=963, length=4568, optimal=2789, gap=63.786%, time=1061.2399s
Testing instance lu980, dim=980 ...
2025-12-07 04:32:25,832 | INFO | Instance lu980, dim=980, length=23724, optimal=11340, gap=109.206%, time=1246.7288s
Testing instance pbd984, dim=984 ...
2025-12-07 04:50:22,994 | INFO | Instance pbd984, dim=984, length=4715, optimal=2797, gap=68.573%, time=1077.1271s
Testing instance portcgen-1000-1000, dim=1000 ...
2025-12-07 05:14:25,164 | INFO | Instance portcgen-1000-1000, dim=1000, length=34121836, optimal=11387430, gap=199.645%, time=1442.1348s
Testing instance portcgen-1000-10001, dim=1000 ...
2025-12-07 05:37:10,015 | INFO | Instance portcgen-1000-10001, dim=1000, length=31207484, optimal=11376735, gap=174.310%, time=1364.8164s
Testing instance portcgen-1000-10002, dim=1000 ...
2025-12-07 05:59:07,835 | INFO | Instance portcgen-1000-10002, dim=1000, length=29568633, optimal=10855033, gap=172.396%, time=1317.7846s
Testing instance portcgen-1000-10003, dim=1000 ...
2025-12-07 06:23:45,017 | INFO | Instance portcgen-1000-10003, dim=1000, length=36609118, optimal=11886457, gap=207.990%, time=1477.1415s
Testing instance portcgen-1000-10004, dim=1000 ...
2025-12-07 06:46:25,276 | INFO | Instance portcgen-1000-10004, dim=1000, length=34018931, optimal=11499958, gap=195.818%, time=1360.2247s
Testing instance portcgen-1000-10005, dim=1000 ...
2025-12-07 07:08:40,607 | INFO | Instance portcgen-1000-10005, dim=1000, length=28554757, optimal=11394911, gap=150.592%, time=1335.2955s
Testing instance portcgen-1000-10006, dim=1000 ...
2025-12-07 07:31:23,334 | INFO | Instance portcgen-1000-10006, dim=1000, length=26861759, optimal=10166701, gap=164.213%, time=1362.6923s
Testing instance portcgen-1000-10007, dim=1000 ...
2025-12-07 07:54:48,061 | INFO | Instance portcgen-1000-10007, dim=1000, length=25274105, optimal=10664660, gap=136.989%, time=1404.6924s
Testing instance portcgen-1000-10008, dim=1000 ...
2025-12-07 08:18:44,230 | INFO | Instance portcgen-1000-10008, dim=1000, length=34191615, optimal=11605723, gap=194.610%, time=1436.1401s
Testing instance portcgen-1000-10009, dim=1000 ...
2025-12-07 08:41:59,464 | INFO | Instance portcgen-1000-10009, dim=1000, length=29989474, optimal=10906997, gap=174.956%, time=1395.1991s
Testing instance dsj1000, dim=1000 ...
2025-12-07 09:05:10,697 | INFO | Instance dsj1000, dim=1000, length=43343914, optimal=18660188, gap=132.280%, time=1391.1979s
Testing instance pr1002, dim=1002 ...
2025-12-07 09:26:54,572 | INFO | Instance pr1002, dim=1002, length=547773, optimal=259045, gap=111.459%, time=1303.8406s
Testing instance u1060, dim=1060 ...
2025-12-07 09:51:20,401 | INFO | Instance u1060, dim=1060, length=505859, optimal=224094, gap=125.735%, time=1465.7932s
Testing instance xit1083, dim=1083 ...
2025-12-07 10:12:29,624 | INFO | Instance xit1083, dim=1083, length=6984, optimal=3558, gap=96.290%, time=1269.1868s
Testing instance vm1084, dim=1084 ...
2025-12-07 10:35:18,206 | INFO | Instance vm1084, dim=1084, length=471970, optimal=239297, gap=97.232%, time=1368.5415s
Testing instance pcb1173, dim=1173 ...
2025-12-07 11:04:11,442 | INFO | Instance pcb1173, dim=1173, length=121285, optimal=56892, gap=113.185%, time=1733.1978s
Testing instance d1291, dim=1291 ...
2025-12-07 11:34:08,367 | INFO | Instance d1291, dim=1291, length=77324, optimal=50801, gap=52.210%, time=1796.8857s
Testing instance rl1304, dim=1304 ...
2025-12-07 12:06:44,425 | INFO | Instance rl1304, dim=1304, length=458975, optimal=252948, gap=81.450%, time=1956.0180s
Testing instance rl1323, dim=1323 ...
2025-12-07 12:39:38,976 | INFO | Instance rl1323, dim=1323, length=467099, optimal=270199, gap=72.872%, time=1974.5114s
Testing instance dka1376, dim=1376 ...
2025-12-07 13:20:36,336 | INFO | Instance dka1376, dim=1376, length=9175, optimal=4666, gap=96.635%, time=2457.3149s
Testing instance nrw1379, dim=1379 ...
2025-12-07 14:14:49,027 | INFO | Instance nrw1379, dim=1379, length=129773, optimal=56638, gap=129.127%, time=3252.6505s
Testing instance dca1389, dim=1389 ...
2025-12-07 14:59:05,189 | INFO | Instance dca1389, dim=1389, length=10157, optimal=5085, gap=99.744%, time=2656.1207s
Testing instance fl1400, dim=1400 ...
2025-12-07 16:01:05,348 | INFO | Instance fl1400, dim=1400, length=101267, optimal=20127, gap=403.140%, time=3720.1175s
Testing instance u1432, dim=1432 ...
2025-12-07 16:45:55,217 | INFO | Instance u1432, dim=1432, length=312234, optimal=152970, gap=104.115%, time=2689.8271s
Testing instance dja1436, dim=1436 ...
2025-12-07 17:28:52,563 | INFO | Instance dja1436, dim=1436, length=11043, optimal=5257, gap=110.063%, time=2577.3044s
Testing instance icw1483, dim=1483 ...
2025-12-07 18:20:08,711 | INFO | Instance icw1483, dim=1483, length=8927, optimal=4416, gap=102.151%, time=3076.1023s
Testing instance fra1488, dim=1488 ...
2025-12-07 19:06:49,092 | INFO | Instance fra1488, dim=1488, length=9364, optimal=4264, gap=119.606%, time=2800.3377s
Testing instance fl1577, dim=1577 ...
2025-12-07 20:05:28,310 | INFO | Instance fl1577, dim=1577, length=62430, optimal=22249, gap=180.597%, time=3519.1742s
Testing instance rbv1583, dim=1583 ...
2025-12-07 21:04:36,768 | INFO | Instance rbv1583, dim=1583, length=10898, optimal=5387, gap=102.302%, time=3548.4037s
Testing instance rby1599, dim=1599 ...
2025-12-07 22:05:28,576 | INFO | Instance rby1599, dim=1599, length=10991, optimal=5533, gap=98.644%, time=3651.7537s
Testing instance fnb1615, dim=1615 ...
2025-12-07 23:02:50,187 | INFO | Instance fnb1615, dim=1615, length=10444, optimal=4956, gap=110.734%, time=3441.5656s
Testing instance rw1621, dim=1621 ...
2025-12-08 00:38:56,502 | INFO | Instance rw1621, dim=1621, length=80453, optimal=26051, gap=208.829%, time=5766.2691s
Testing instance d1655, dim=1655 ...
2025-12-08 01:42:49,430 | INFO | Instance d1655, dim=1655, length=128112, optimal=62128, gap=106.207%, time=3832.8833s
Testing instance vm1748, dim=1748 ...
2025-12-08 03:09:28,688 | INFO | Instance vm1748, dim=1748, length=793098, optimal=336556, gap=135.651%, time=5199.2115s
Testing instance djc1785, dim=1785 ...
2025-12-08 04:31:29,149 | INFO | Instance djc1785, dim=1785, length=12955, optimal=6115, gap=111.856%, time=4920.4130s
Testing instance u1817, dim=1817 ...
2025-12-08 05:45:17,893 | INFO | Instance u1817, dim=1817, length=118718, optimal=57201, gap=107.545%, time=4428.6953s
Testing instance rl1889, dim=1889 ...
2025-12-08 07:11:39,109 | INFO | Instance rl1889, dim=1889, length=631672, optimal=316536, gap=99.558%, time=5181.1543s
Testing instance dcc1911, dim=1911 ...
2025-12-08 08:44:31,281 | INFO | Instance dcc1911, dim=1911, length=13867, optimal=6396, gap=116.807%, time=5572.1224s
Testing instance dkd1973, dim=1973 ...
2025-12-08 10:25:04,811 | INFO | Instance dkd1973, dim=1973, length=17013, optimal=6421, gap=164.959%, time=6033.4794s
Testing instance mu1979, dim=1979 ...
2025-12-08 13:46:48,455 | INFO | Instance mu1979, dim=1979, length=353595, optimal=86891, gap=306.941%, time=12103.5941s
Testing instance djb2036, dim=2036 ...
2025-12-08 15:47:09,657 | INFO | Instance djb2036, dim=2036, length=13774, optimal=6197, gap=122.269%, time=7221.1397s
Testing instance dcb2086, dim=2086 ...
2025-12-08 17:50:33,838 | INFO | Instance dcb2086, dim=2086, length=14785, optimal=6600, gap=124.015%, time=7404.1275s
Testing instance d2103, dim=2103 ...
2025-12-08 19:19:51,696 | INFO | Instance d2103, dim=2103, length=124050, optimal=80450, gap=54.195%, time=5357.8053s
Testing instance bva2144, dim=2144 ...
2025-12-08 21:20:41,547 | INFO | Instance bva2144, dim=2144, length=15221, optimal=6304, gap=141.450%, time=7249.7979s
Testing instance u2152, dim=2152 ...
2025-12-08 23:21:38,603 | INFO | Instance u2152, dim=2152, length=139965, optimal=64253, gap=117.834%, time=7257.0021s
Testing instance xqc2175, dim=2175 ...
2025-12-09 01:29:32,194 | INFO | Instance xqc2175, dim=2175, length=14882, optimal=6830, gap=117.892%, time=7673.5363s
Testing instance bck2217, dim=2217 ...
2025-12-09 03:37:48,508 | INFO | Instance bck2217, dim=2217, length=14377, optimal=6764, gap=112.552%, time=7696.2574s
Testing instance xpr2308, dim=2308 ...
2025-12-09 06:16:47,456 | INFO | Instance xpr2308, dim=2308, length=15438, optimal=7219, gap=113.852%, time=9538.8872s
Testing instance u2319, dim=2319 ...
2025-12-09 08:57:36,753 | INFO | Instance u2319, dim=2319, length=528224, optimal=234256, gap=125.490%, time=9649.2421s
Testing instance ley2323, dim=2323 ...
2025-12-09 11:42:48,166 | INFO | Instance ley2323, dim=2323, length=21734, optimal=8352, gap=160.225%, time=9911.3566s
Testing instance dea2382, dim=2382 ...
2025-12-09 14:55:19,828 | INFO | Instance dea2382, dim=2382, length=24370, optimal=8017, gap=203.979%, time=11551.6050s
Testing instance pr2392, dim=2392 ...
2025-12-09 18:25:41,742 | INFO | Instance pr2392, dim=2392, length=1013227, optimal=378032, gap=168.027%, time=12621.8560s
Testing instance rbw2481, dim=2481 ...
2025-12-09 21:34:25,693 | INFO | Instance rbw2481, dim=2481, length=16765, optimal=7724, gap=117.051%, time=11323.8757s
Testing instance pds2566, dim=2566 ...
2025-12-10 00:43:21,335 | INFO | Instance pds2566, dim=2566, length=16852, optimal=7643, gap=120.489%, time=11335.5817s
Testing instance mlt2597, dim=2597 ...
2025-12-10 04:31:12,389 | INFO | Instance mlt2597, dim=2597, length=18927, optimal=8071, gap=134.506%, time=13670.9691s
Testing instance bch2762, dim=2762 ...
2025-12-10 08:45:54,969 | INFO | Instance bch2762, dim=2762, length=18542, optimal=8234, gap=125.188%, time=15282.5163s
Testing instance irw2802, dim=2802 ...
2025-12-10 13:22:03,168 | INFO | Instance irw2802, dim=2802, length=20218, optimal=8423, gap=140.033%, time=16568.1337s
Testing instance lsm2854, dim=2854 ...
2025-12-10 18:25:36,493 | INFO | Instance lsm2854, dim=2854, length=18504, optimal=8014, gap=130.896%, time=18213.2592s
Testing instance dbj2924, dim=2924 ...
2025-12-10 23:47:11,386 | INFO | Instance dbj2924, dim=2924, length=23848, optimal=10128, gap=135.466%, time=19294.8277s
Testing instance xva2993, dim=2993 ...
2025-12-11 05:16:20,787 | INFO | Instance xva2993, dim=2993, length=20256, optimal=8492, gap=138.530%, time=19749.3344s
Testing instance pcb3038, dim=3038 ...
2025-12-11 11:50:18,417 | INFO | Instance pcb3038, dim=3038, length=386593, optimal=137694, gap=180.762%, time=23637.5624s
Testing instance pia3056, dim=3056 ...
2025-12-11 16:55:59,007 | INFO | Instance pia3056, dim=3056, length=18800, optimal=8258, gap=127.658%, time=18340.5213s
Testing instance dke3097, dim=3097 ...
2025-12-11 22:30:06,133 | INFO | Instance dke3097, dim=3097, length=22844, optimal=10539, gap=116.757%, time=20047.0581s
Testing instance lsn3119, dim=3119 ...
2025-12-12 05:43:07,629 | INFO | Instance lsn3119, dim=3119, length=22781, optimal=9114, gap=149.956%, time=25981.4275s
Testing instance lta3140, dim=3140 ...
2025-12-12 12:01:48,794 | INFO | Instance lta3140, dim=3140, length=21997, optimal=9517, gap=131.134%, time=22721.0674s
Testing instance portcgen-3162-3162, dim=3162 ...
2025-12-12 23:22:40,886 | INFO | Instance portcgen-3162-3162, dim=3162, length=88272439, optimal=19198258, gap=359.794%, time=40852.0220s
Testing instance portcgen-3162-31621, dim=3162 ...
2025-12-13 11:53:49,442 | INFO | Instance portcgen-3162-31621, dim=3162, length=89770252, optimal=19017805, gap=372.033%, time=45068.4871s
Testing instance portcgen-3162-31622, dim=3162 ...
2025-12-13 23:41:16,562 | INFO | Instance portcgen-3162-31622, dim=3162, length=104588032, optimal=19547551, gap=435.044%, time=42447.0504s
Testing instance portcgen-3162-31623, dim=3162 ...
