nohup: ignoring input
2025-12-07 00:21:31,431 | INFO | Logger initialized. Log file: ./tsp_nls/survey_results/20251207_002131_test_TSPLIB_Survey.log
2025-12-07 00:21:34,570 | INFO | checkpoint: ./pretrained/tsp_nls//500/tsp500_sd0/50.pt
2025-12-07 00:21:34,571 | INFO | instances: 228, dim range: 29–100000 (median 2163)
2025-12-07 00:21:34,571 | INFO | device: cuda:0+cpu
2025-12-07 00:21:34,571 | INFO | n_ants: 100
2025-12-07 00:21:34,571 | INFO | n_iter: 100
2025-12-07 00:21:34,571 | INFO | k_sparse_factor: 10
2025-12-07 00:21:34,571 | INFO | guided_exploration: True
2025-12-07 00:21:34,571 | INFO | seed: 0
2025-12-07 00:21:35,202 | INFO | Model loaded successfully.
Testing instance wi29, dim=29 ...
2025-12-07 00:21:42,517 | INFO | Instance wi29, dim=29, length=27603, optimal=27603, gap=0.000%, time=7.3147s
Testing instance dj38, dim=38 ...
2025-12-07 00:21:53,589 | INFO | Instance dj38, dim=38, length=6656, optimal=6656, gap=0.000%, time=11.0711s
Testing instance eil51, dim=51 ...
2025-12-07 00:22:14,716 | INFO | Instance eil51, dim=51, length=426, optimal=426, gap=0.000%, time=21.1071s
Testing instance berlin52, dim=52 ...
2025-12-07 00:22:36,354 | INFO | Instance berlin52, dim=52, length=7542, optimal=7542, gap=0.000%, time=21.6188s
Testing instance st70, dim=70 ...
2025-12-07 00:23:00,556 | INFO | Instance st70, dim=70, length=675, optimal=675, gap=0.000%, time=24.1817s
Testing instance eil76, dim=76 ...
2025-12-07 00:23:25,456 | INFO | Instance eil76, dim=76, length=539, optimal=538, gap=0.186%, time=24.8800s
Testing instance pr76, dim=76 ...
2025-12-07 00:23:50,433 | INFO | Instance pr76, dim=76, length=108159, optimal=108159, gap=0.000%, time=24.9552s
Testing instance rat99, dim=99 ...
2025-12-07 00:24:17,532 | INFO | Instance rat99, dim=99, length=1211, optimal=1211, gap=0.000%, time=27.0780s
Testing instance kroA100, dim=100 ...
2025-12-07 00:24:45,438 | INFO | Instance kroA100, dim=100, length=21282, optimal=21282, gap=0.000%, time=27.8857s
Testing instance kroB100, dim=100 ...
2025-12-07 00:25:13,424 | INFO | Instance kroB100, dim=100, length=22200, optimal=22141, gap=0.266%, time=27.9620s
Testing instance kroC100, dim=100 ...
2025-12-07 00:25:41,303 | INFO | Instance kroC100, dim=100, length=20749, optimal=20749, gap=0.000%, time=27.8579s
Testing instance kroD100, dim=100 ...
2025-12-07 00:26:09,244 | INFO | Instance kroD100, dim=100, length=21294, optimal=21294, gap=0.000%, time=27.9195s
Testing instance kroE100, dim=100 ...
2025-12-07 00:26:37,268 | INFO | Instance kroE100, dim=100, length=22079, optimal=22068, gap=0.050%, time=28.0036s
Testing instance rd100, dim=100 ...
2025-12-07 00:27:05,559 | INFO | Instance rd100, dim=100, length=7910, optimal=7910, gap=0.000%, time=28.2703s
Testing instance eil101, dim=101 ...
2025-12-07 00:27:33,680 | INFO | Instance eil101, dim=101, length=631, optimal=629, gap=0.318%, time=28.1010s
Testing instance lin105, dim=105 ...
2025-12-07 00:28:01,688 | INFO | Instance lin105, dim=105, length=14379, optimal=14379, gap=0.000%, time=27.9875s
Testing instance pr107, dim=107 ...
2025-12-07 00:28:27,258 | INFO | Instance pr107, dim=107, length=44303, optimal=44303, gap=0.000%, time=25.5493s
Testing instance pr124, dim=124 ...
2025-12-07 00:28:58,183 | INFO | Instance pr124, dim=124, length=59030, optimal=59030, gap=0.000%, time=30.9046s
Testing instance bier127, dim=127 ...
2025-12-07 00:29:30,464 | INFO | Instance bier127, dim=127, length=118356, optimal=118282, gap=0.063%, time=32.2593s
Testing instance ch130, dim=130 ...
2025-12-07 00:30:04,012 | INFO | Instance ch130, dim=130, length=6133, optimal=6110, gap=0.376%, time=33.5273s
Testing instance xqf131, dim=131 ...
2025-12-07 00:30:37,533 | INFO | Instance xqf131, dim=131, length=565, optimal=564, gap=0.177%, time=33.4996s
Testing instance pr136, dim=136 ...
2025-12-07 00:31:12,737 | INFO | Instance pr136, dim=136, length=97000, optimal=96772, gap=0.236%, time=35.1815s
Testing instance pr144, dim=144 ...
2025-12-07 00:31:49,184 | INFO | Instance pr144, dim=144, length=58537, optimal=58537, gap=0.000%, time=36.4261s
Testing instance ch150, dim=150 ...
2025-12-07 00:32:31,102 | INFO | Instance ch150, dim=150, length=6543, optimal=6528, gap=0.230%, time=41.8959s
Testing instance kroA150, dim=150 ...
2025-12-07 00:33:09,837 | INFO | Instance kroA150, dim=150, length=26525, optimal=26524, gap=0.004%, time=38.7128s
Testing instance kroB150, dim=150 ...
2025-12-07 00:33:48,891 | INFO | Instance kroB150, dim=150, length=26143, optimal=26130, gap=0.050%, time=39.0321s
Testing instance pr152, dim=152 ...
2025-12-07 00:34:30,751 | INFO | Instance pr152, dim=152, length=73682, optimal=73682, gap=0.000%, time=41.8375s
Testing instance u159, dim=159 ...
2025-12-07 00:35:14,266 | INFO | Instance u159, dim=159, length=42080, optimal=42080, gap=0.000%, time=43.4937s
Testing instance qa194, dim=194 ...
2025-12-07 00:36:22,057 | INFO | Instance qa194, dim=194, length=9391, optimal=9352, gap=0.417%, time=67.7673s
Testing instance rat195, dim=195 ...
2025-12-07 00:37:24,882 | INFO | Instance rat195, dim=195, length=2328, optimal=2323, gap=0.215%, time=62.8024s
Testing instance d198, dim=198 ...
2025-12-07 00:38:39,351 | INFO | Instance d198, dim=198, length=15793, optimal=15780, gap=0.082%, time=74.4461s
Testing instance kroA200, dim=200 ...
2025-12-07 00:39:52,989 | INFO | Instance kroA200, dim=200, length=29414, optimal=29368, gap=0.157%, time=73.6147s
Testing instance kroB200, dim=200 ...
2025-12-07 00:41:06,215 | INFO | Instance kroB200, dim=200, length=29534, optimal=29437, gap=0.330%, time=73.2035s
Testing instance ts225, dim=225 ...
2025-12-07 00:42:23,939 | INFO | Instance ts225, dim=225, length=126643, optimal=126643, gap=0.000%, time=77.7021s
Testing instance tsp225, dim=225 ...
2025-12-07 00:43:42,770 | INFO | Instance tsp225, dim=225, length=3932, optimal=3916, gap=0.409%, time=78.8072s
Testing instance pr226, dim=226 ...
2025-12-07 00:45:03,394 | INFO | Instance pr226, dim=226, length=80414, optimal=80369, gap=0.056%, time=80.6004s
Testing instance xqg237, dim=237 ...
2025-12-07 00:46:30,626 | INFO | Instance xqg237, dim=237, length=1024, optimal=1019, gap=0.491%, time=87.2078s
Testing instance gil262, dim=262 ...
2025-12-07 00:48:11,841 | INFO | Instance gil262, dim=262, length=2405, optimal=2378, gap=1.135%, time=101.1912s
Testing instance pr264, dim=264 ...
2025-12-07 00:49:50,475 | INFO | Instance pr264, dim=264, length=49135, optimal=49135, gap=0.000%, time=98.6163s
Testing instance a280, dim=280 ...
2025-12-07 00:51:23,294 | INFO | Instance a280, dim=280, length=2582, optimal=2579, gap=0.116%, time=92.7962s
Testing instance pr299, dim=299 ...
2025-12-07 00:53:17,773 | INFO | Instance pr299, dim=299, length=48399, optimal=48191, gap=0.432%, time=114.4552s
Testing instance lin318, dim=318 ...
2025-12-07 00:55:36,562 | INFO | Instance lin318, dim=318, length=42689, optimal=42029, gap=1.570%, time=138.7627s
Testing instance pma343, dim=343 ...
2025-12-07 00:58:00,186 | INFO | Instance pma343, dim=343, length=1379, optimal=1368, gap=0.804%, time=143.5994s
Testing instance pka379, dim=379 ...
2025-12-07 01:00:47,376 | INFO | Instance pka379, dim=379, length=1349, optimal=1332, gap=1.276%, time=167.1625s
Testing instance bcl380, dim=380 ...
2025-12-07 01:03:38,475 | INFO | Instance bcl380, dim=380, length=1634, optimal=1621, gap=0.802%, time=171.0724s
Testing instance pbl395, dim=395 ...
2025-12-07 01:06:44,104 | INFO | Instance pbl395, dim=395, length=1297, optimal=1281, gap=1.249%, time=185.6029s
Testing instance rd400, dim=400 ...
2025-12-07 01:10:04,506 | INFO | Instance rd400, dim=400, length=15518, optimal=15281, gap=1.551%, time=200.3735s
Testing instance pbk411, dim=411 ...
2025-12-07 01:13:21,512 | INFO | Instance pbk411, dim=411, length=1360, optimal=1343, gap=1.266%, time=196.9791s
Testing instance fl417, dim=417 ...
2025-12-07 01:16:54,264 | INFO | Instance fl417, dim=417, length=11924, optimal=11861, gap=0.531%, time=212.7242s
Testing instance pbn423, dim=423 ...
2025-12-07 01:20:17,167 | INFO | Instance pbn423, dim=423, length=1381, optimal=1365, gap=1.172%, time=202.8764s
Testing instance pbm436, dim=436 ...
2025-12-07 01:23:50,263 | INFO | Instance pbm436, dim=436, length=1454, optimal=1443, gap=0.762%, time=213.0688s
Testing instance pr439, dim=439 ...
2025-12-07 01:27:27,717 | INFO | Instance pr439, dim=439, length=107769, optimal=107217, gap=0.515%, time=217.4272s
Testing instance pcb442, dim=442 ...
2025-12-07 01:31:07,202 | INFO | Instance pcb442, dim=442, length=51352, optimal=50778, gap=1.130%, time=219.4545s
Testing instance d493, dim=493 ...
2025-12-07 01:35:31,508 | INFO | Instance d493, dim=493, length=35526, optimal=35002, gap=1.497%, time=264.2757s
Testing instance u574, dim=574 ...
2025-12-07 01:41:09,834 | INFO | Instance u574, dim=574, length=37593, optimal=36905, gap=1.864%, time=338.2964s
Testing instance rat575, dim=575 ...
2025-12-07 01:46:27,612 | INFO | Instance rat575, dim=575, length=6895, optimal=6773, gap=1.801%, time=317.7448s
Testing instance p654, dim=654 ...
2025-12-07 01:54:44,657 | INFO | Instance p654, dim=654, length=34791, optimal=34643, gap=0.427%, time=497.0147s
Testing instance d657, dim=657 ...
2025-12-07 02:02:29,410 | INFO | Instance d657, dim=657, length=49863, optimal=48912, gap=1.944%, time=464.7233s
Testing instance xql662, dim=662 ...
2025-12-07 02:09:46,022 | INFO | Instance xql662, dim=662, length=2562, optimal=2513, gap=1.950%, time=436.5812s
Testing instance rbx711, dim=711 ...
2025-12-07 02:18:18,484 | INFO | Instance rbx711, dim=711, length=3160, optimal=3115, gap=1.445%, time=512.4309s
Testing instance u724, dim=724 ...
2025-12-07 02:27:21,767 | INFO | Instance u724, dim=724, length=42749, optimal=41910, gap=2.002%, time=543.2523s
Testing instance uy734, dim=734 ...
2025-12-07 02:38:34,274 | INFO | Instance uy734, dim=734, length=82146, optimal=79114, gap=3.832%, time=672.4712s
Testing instance rbu737, dim=737 ...
2025-12-07 02:47:52,150 | INFO | Instance rbu737, dim=737, length=3393, optimal=3314, gap=2.384%, time=557.8399s
Testing instance rat783, dim=783 ...
2025-12-07 02:58:16,995 | INFO | Instance rat783, dim=783, length=9039, optimal=8806, gap=2.646%, time=624.8092s
Testing instance dkg813, dim=813 ...
2025-12-07 03:09:42,483 | INFO | Instance dkg813, dim=813, length=3294, optimal=3199, gap=2.970%, time=685.4498s
Testing instance zi929, dim=929 ...
2025-12-07 03:28:05,020 | INFO | Instance zi929, dim=929, length=97536, optimal=95345, gap=2.298%, time=1102.5038s
Testing instance lim963, dim=963 ...
2025-12-07 03:44:34,052 | INFO | Instance lim963, dim=963, length=2872, optimal=2789, gap=2.976%, time=988.9962s
Testing instance lu980, dim=980 ...
2025-12-07 04:04:35,153 | INFO | Instance lu980, dim=980, length=11798, optimal=11340, gap=4.039%, time=1201.0662s
Testing instance pbd984, dim=984 ...
2025-12-07 04:22:15,759 | INFO | Instance pbd984, dim=984, length=2868, optimal=2797, gap=2.538%, time=1060.5710s
Testing instance portcgen-1000-1000, dim=1000 ...
2025-12-07 04:43:58,697 | INFO | Instance portcgen-1000-1000, dim=1000, length=11664414, optimal=11387430, gap=2.432%, time=1302.8977s
Testing instance portcgen-1000-10001, dim=1000 ...
2025-12-07 05:05:11,336 | INFO | Instance portcgen-1000-10001, dim=1000, length=11647899, optimal=11376735, gap=2.383%, time=1272.6049s
Testing instance portcgen-1000-10002, dim=1000 ...
2025-12-07 05:26:36,422 | INFO | Instance portcgen-1000-10002, dim=1000, length=11173805, optimal=10855033, gap=2.937%, time=1285.0508s
Testing instance portcgen-1000-10003, dim=1000 ...
2025-12-07 05:48:39,298 | INFO | Instance portcgen-1000-10003, dim=1000, length=12237875, optimal=11886457, gap=2.956%, time=1322.8326s
Testing instance portcgen-1000-10004, dim=1000 ...
2025-12-07 06:09:59,617 | INFO | Instance portcgen-1000-10004, dim=1000, length=11862800, optimal=11499958, gap=3.155%, time=1280.2832s
Testing instance portcgen-1000-10005, dim=1000 ...
2025-12-07 06:32:07,894 | INFO | Instance portcgen-1000-10005, dim=1000, length=11749017, optimal=11394911, gap=3.108%, time=1328.2425s
Testing instance portcgen-1000-10006, dim=1000 ...
2025-12-07 06:53:48,993 | INFO | Instance portcgen-1000-10006, dim=1000, length=10483035, optimal=10166701, gap=3.111%, time=1301.0640s
Testing instance portcgen-1000-10007, dim=1000 ...
2025-12-07 07:16:02,105 | INFO | Instance portcgen-1000-10007, dim=1000, length=10991301, optimal=10664660, gap=3.063%, time=1333.0764s
Testing instance portcgen-1000-10008, dim=1000 ...
2025-12-07 07:39:16,789 | INFO | Instance portcgen-1000-10008, dim=1000, length=11902065, optimal=11605723, gap=2.553%, time=1394.6486s
Testing instance portcgen-1000-10009, dim=1000 ...
2025-12-07 08:01:59,073 | INFO | Instance portcgen-1000-10009, dim=1000, length=11215203, optimal=10906997, gap=2.826%, time=1362.2411s
Testing instance dsj1000, dim=1000 ...
2025-12-07 08:24:19,634 | INFO | Instance dsj1000, dim=1000, length=19237073, optimal=18660188, gap=3.092%, time=1340.5182s
Testing instance pr1002, dim=1002 ...
2025-12-07 08:43:46,722 | INFO | Instance pr1002, dim=1002, length=266456, optimal=259045, gap=2.861%, time=1167.0461s
Testing instance u1060, dim=1060 ...
2025-12-07 09:06:21,907 | INFO | Instance u1060, dim=1060, length=230791, optimal=224094, gap=2.988%, time=1355.1495s
Testing instance xit1083, dim=1083 ...
2025-12-07 09:26:51,420 | INFO | Instance xit1083, dim=1083, length=3658, optimal=3558, gap=2.811%, time=1229.4770s
Testing instance vm1084, dim=1084 ...
2025-12-07 09:49:26,798 | INFO | Instance vm1084, dim=1084, length=244285, optimal=239297, gap=2.084%, time=1355.3417s
Testing instance pcb1173, dim=1173 ...
2025-12-07 10:16:50,018 | INFO | Instance pcb1173, dim=1173, length=58963, optimal=56892, gap=3.640%, time=1643.1742s
Testing instance d1291, dim=1291 ...
2025-12-07 10:47:19,365 | INFO | Instance d1291, dim=1291, length=52028, optimal=50801, gap=2.415%, time=1829.3134s
Testing instance rl1304, dim=1304 ...
2025-12-07 11:19:21,328 | INFO | Instance rl1304, dim=1304, length=257251, optimal=252948, gap=1.701%, time=1921.9225s
Testing instance rl1323, dim=1323 ...
2025-12-07 11:50:46,134 | INFO | Instance rl1323, dim=1323, length=273078, optimal=270199, gap=1.066%, time=1884.7659s
Testing instance dka1376, dim=1376 ...
2025-12-07 12:28:16,327 | INFO | Instance dka1376, dim=1376, length=4800, optimal=4666, gap=2.872%, time=2250.1526s
Testing instance nrw1379, dim=1379 ...
2025-12-07 13:12:44,215 | INFO | Instance nrw1379, dim=1379, length=59260, optimal=56638, gap=4.629%, time=2667.8474s
Testing instance dca1389, dim=1389 ...
2025-12-07 13:53:38,168 | INFO | Instance dca1389, dim=1389, length=5241, optimal=5085, gap=3.068%, time=2453.8996s
Testing instance fl1400, dim=1400 ...
2025-12-07 14:53:20,890 | INFO | Instance fl1400, dim=1400, length=20399, optimal=20127, gap=1.351%, time=3582.6809s
Testing instance u1432, dim=1432 ...
2025-12-07 15:36:39,576 | INFO | Instance u1432, dim=1432, length=157872, optimal=152970, gap=3.205%, time=2598.6320s
Testing instance dja1436, dim=1436 ...
2025-12-07 16:19:14,636 | INFO | Instance dja1436, dim=1436, length=5422, optimal=5257, gap=3.139%, time=2555.0170s
Testing instance icw1483, dim=1483 ...
2025-12-07 17:06:00,293 | INFO | Instance icw1483, dim=1483, length=4568, optimal=4416, gap=3.442%, time=2805.6131s
Testing instance fra1488, dim=1488 ...
2025-12-07 17:51:14,553 | INFO | Instance fra1488, dim=1488, length=4430, optimal=4264, gap=3.893%, time=2714.2077s
Testing instance fl1577, dim=1577 ...
2025-12-07 18:47:48,978 | INFO | Instance fl1577, dim=1577, length=22613, optimal=22249, gap=1.636%, time=3394.3794s
Testing instance rbv1583, dim=1583 ...
2025-12-07 19:41:26,810 | INFO | Instance rbv1583, dim=1583, length=5569, optimal=5387, gap=3.379%, time=3217.7877s
Testing instance rby1599, dim=1599 ...
2025-12-07 20:38:25,807 | INFO | Instance rby1599, dim=1599, length=5710, optimal=5533, gap=3.199%, time=3418.9363s
Testing instance fnb1615, dim=1615 ...
2025-12-07 21:34:53,447 | INFO | Instance fnb1615, dim=1615, length=5135, optimal=4956, gap=3.612%, time=3387.5840s
Testing instance rw1621, dim=1621 ...
2025-12-07 23:07:35,940 | INFO | Instance rw1621, dim=1621, length=27239, optimal=26051, gap=4.560%, time=5562.4334s
Testing instance d1655, dim=1655 ...
2025-12-08 00:13:10,561 | INFO | Instance d1655, dim=1655, length=64014, optimal=62128, gap=3.036%, time=3934.5757s
Testing instance vm1748, dim=1748 ...
2025-12-08 01:32:49,443 | INFO | Instance vm1748, dim=1748, length=346083, optimal=336556, gap=2.831%, time=4778.8359s
Testing instance djc1785, dim=1785 ...
2025-12-08 02:49:42,801 | INFO | Instance djc1785, dim=1785, length=6336, optimal=6115, gap=3.614%, time=4613.2957s
Testing instance u1817, dim=1817 ...
2025-12-08 04:04:15,707 | INFO | Instance u1817, dim=1817, length=58907, optimal=57201, gap=2.982%, time=4472.8577s
Testing instance rl1889, dim=1889 ...
2025-12-08 05:33:02,244 | INFO | Instance rl1889, dim=1889, length=323868, optimal=316536, gap=2.316%, time=5326.4868s
Testing instance dcc1911, dim=1911 ...
2025-12-08 07:00:33,929 | INFO | Instance dcc1911, dim=1911, length=6639, optimal=6396, gap=3.799%, time=5251.6209s
Testing instance dkd1973, dim=1973 ...
2025-12-08 08:38:58,571 | INFO | Instance dkd1973, dim=1973, length=6692, optimal=6421, gap=4.221%, time=5904.5774s
Testing instance mu1979, dim=1979 ...
2025-12-08 11:43:45,554 | INFO | Instance mu1979, dim=1979, length=90020, optimal=86891, gap=3.601%, time=11086.9191s
Testing instance djb2036, dim=2036 ...
2025-12-08 13:38:03,249 | INFO | Instance djb2036, dim=2036, length=6429, optimal=6197, gap=3.744%, time=6857.6419s
Testing instance dcb2086, dim=2086 ...
2025-12-08 15:28:35,516 | INFO | Instance dcb2086, dim=2086, length=6814, optimal=6600, gap=3.242%, time=6632.1949s
Testing instance d2103, dim=2103 ...
2025-12-08 16:59:24,796 | INFO | Instance d2103, dim=2103, length=81617, optimal=80450, gap=1.451%, time=5449.2185s
Testing instance bva2144, dim=2144 ...
2025-12-08 18:56:01,585 | INFO | Instance bva2144, dim=2144, length=6570, optimal=6304, gap=4.220%, time=6996.7137s
Testing instance u2152, dim=2152 ...
2025-12-08 20:52:28,661 | INFO | Instance u2152, dim=2152, length=66640, optimal=64253, gap=3.715%, time=6987.0224s
Testing instance xqc2175, dim=2175 ...
2025-12-08 22:56:17,103 | INFO | Instance xqc2175, dim=2175, length=7120, optimal=6830, gap=4.246%, time=7428.3727s
Testing instance bck2217, dim=2217 ...
2025-12-09 01:02:04,413 | INFO | Instance bck2217, dim=2217, length=7012, optimal=6764, gap=3.666%, time=7547.2386s
Testing instance xpr2308, dim=2308 ...
2025-12-09 03:33:04,798 | INFO | Instance xpr2308, dim=2308, length=7478, optimal=7219, gap=3.588%, time=9060.3283s
Testing instance u2319, dim=2319 ...
2025-12-09 06:05:05,439 | INFO | Instance u2319, dim=2319, length=239704, optimal=234256, gap=2.326%, time=9120.5846s
Testing instance ley2323, dim=2323 ...
2025-12-09 08:24:44,785 | INFO | Instance ley2323, dim=2323, length=8596, optimal=8352, gap=2.921%, time=8379.2902s
Testing instance dea2382, dim=2382 ...
2025-12-09 11:16:50,630 | INFO | Instance dea2382, dim=2382, length=8270, optimal=8017, gap=3.156%, time=10325.7693s
Testing instance pr2392, dim=2392 ...
2025-12-09 14:33:53,654 | INFO | Instance pr2392, dim=2392, length=394703, optimal=378032, gap=4.410%, time=11822.9677s
Testing instance rbw2481, dim=2481 ...
2025-12-09 17:31:45,689 | INFO | Instance rbw2481, dim=2481, length=8011, optimal=7724, gap=3.716%, time=10671.9588s
Testing instance pds2566, dim=2566 ...
2025-12-09 20:38:57,824 | INFO | Instance pds2566, dim=2566, length=7914, optimal=7643, gap=3.546%, time=11232.0742s
Testing instance mlt2597, dim=2597 ...
2025-12-10 00:03:05,189 | INFO | Instance mlt2597, dim=2597, length=8384, optimal=8071, gap=3.878%, time=12247.3047s
Testing instance bch2762, dim=2762 ...
2025-12-10 04:13:22,533 | INFO | Instance bch2762, dim=2762, length=8574, optimal=8234, gap=4.129%, time=15017.2532s
Testing instance irw2802, dim=2802 ...
2025-12-10 08:33:07,366 | INFO | Instance irw2802, dim=2802, length=8725, optimal=8423, gap=3.585%, time=15584.7403s
Testing instance lsm2854, dim=2854 ...
2025-12-10 13:21:12,331 | INFO | Instance lsm2854, dim=2854, length=8372, optimal=8014, gap=4.467%, time=17284.8975s
Testing instance dbj2924, dim=2924 ...
2025-12-10 18:23:14,853 | INFO | Instance dbj2924, dim=2924, length=10565, optimal=10128, gap=4.315%, time=18122.4329s
Testing instance xva2993, dim=2993 ...
2025-12-10 23:42:57,601 | INFO | Instance xva2993, dim=2993, length=8894, optimal=8492, gap=4.734%, time=19182.6785s
Testing instance pcb3038, dim=3038 ...
2025-12-11 06:10:10,158 | INFO | Instance pcb3038, dim=3038, length=143804, optimal=137694, gap=4.437%, time=23232.4882s
Testing instance pia3056, dim=3056 ...
2025-12-11 11:30:16,217 | INFO | Instance pia3056, dim=3056, length=8646, optimal=8258, gap=4.698%, time=19205.9901s
Testing instance dke3097, dim=3097 ...
2025-12-11 17:03:39,196 | INFO | Instance dke3097, dim=3097, length=10960, optimal=10539, gap=3.995%, time=20002.9095s
Testing instance lsn3119, dim=3119 ...
2025-12-11 23:32:02,641 | INFO | Instance lsn3119, dim=3119, length=9589, optimal=9114, gap=5.212%, time=23303.3426s
Testing instance lta3140, dim=3140 ...
2025-12-12 05:41:06,644 | INFO | Instance lta3140, dim=3140, length=9928, optimal=9517, gap=4.319%, time=22143.9316s
Testing instance portcgen-3162-3162, dim=3162 ...
2025-12-12 16:54:51,029 | INFO | Instance portcgen-3162-3162, dim=3162, length=20112920, optimal=19198258, gap=4.764%, time=40424.3075s
Testing instance portcgen-3162-31621, dim=3162 ...
2025-12-13 05:07:42,845 | INFO | Instance portcgen-3162-31621, dim=3162, length=19920585, optimal=19017805, gap=4.747%, time=43971.7411s
Testing instance portcgen-3162-31622, dim=3162 ...
2025-12-13 17:27:48,754 | INFO | Instance portcgen-3162-31622, dim=3162, length=20552171, optimal=19547551, gap=5.139%, time=44405.8379s
Testing instance portcgen-3162-31623, dim=3162 ...
2025-12-14 04:26:41,279 | INFO | Instance portcgen-3162-31623, dim=3162, length=20063932, optimal=19108508, gap=5.000%, time=39532.4550s
Testing instance portcgen-3162-31624, dim=3162 ...
