nohup: ignoring input
[2025-11-01 20:24:17] test_survey.py(164) : use model ./result/finetuned, epoch 120
[2025-11-01 20:24:17] test_survey.py(166) : DEBUG_MODE: True
[2025-11-01 20:24:17] test_survey.py(167) : USE_CUDA: True, CUDA_DEVICE_NUM: 0
[2025-11-01 20:24:17] test_survey.py(168) : env_params{'mode': 'test', 'use_model': 'DRHG', 'load_way': 'tsplib', 'test_in_tsplib': True, 'data_path': None}
[2025-11-01 20:24:17] test_survey.py(168) : model_params{'mode': 'test', 'embedding_dim': 128, 'sqrt_embedding_dim': 11.313708498984761, 'encoder_layer_num': 6, 'qkv_dim': 16, 'head_num': 8, 'logit_clipping': 1, 'ff_hidden_dim': 512, 'eval_type': 'argmax'}
[2025-11-01 20:24:17] test_survey.py(168) : tester_params{'use_cuda': True, 'cuda_device_num': 0, 'model_load': {'path': './result/finetuned', 'epoch': 120}, 'destroy_mode': ['knn-location'], 'destroy_params': {'knn-location': {'center_type': 'equally', 'knn_k': [20, 1000]}}, 'iter_budget': 1000, 'coordinate_transform': True}
[2025-11-01 20:24:17] test_survey.py(168) : logger_params{'log_file': {'desc': 'test_tsp_tsplib_iter1000', 'filename': 'log.txt', 'filepath': './result_survey/20251101_202417_test_tsp_tsplib_iter1000'}}
[2025-11-01 20:24:18] TSPTester_tsplib.py(348) : problem size: 144
[2025-11-01 20:30:25] TSPTester_tsplib.py(241) : [pr144] score=58537.000, opt=58537.000, gap=0.000%, time=367.399s
[2025-11-01 20:30:25] TSPTester_tsplib.py(242) : ===============================================================
[2025-11-01 20:30:26] TSPTester_tsplib.py(348) : problem size: 379
[2025-11-01 20:44:52] TSPTester_tsplib.py(241) : [pka379] score=1335.000, opt=1332.000, gap=0.225%, time=866.500s
[2025-11-01 20:44:52] TSPTester_tsplib.py(242) : ===============================================================
[2025-11-01 20:44:52] TSPTester_tsplib.py(348) : problem size: 124
[2025-11-01 20:50:15] TSPTester_tsplib.py(241) : [pr124] score=59030.000, opt=59030.000, gap=0.000%, time=322.904s
[2025-11-01 20:50:15] TSPTester_tsplib.py(242) : ===============================================================
[2025-11-01 20:50:15] TSPTester_tsplib.py(348) : problem size: 100
[2025-11-01 20:54:45] TSPTester_tsplib.py(241) : [kroA100] score=21282.000, opt=21282.000, gap=0.000%, time=270.448s
[2025-11-01 20:54:45] TSPTester_tsplib.py(242) : ===============================================================
[2025-11-01 20:54:46] TSPTester_tsplib.py(348) : problem size: 493
[2025-11-01 21:12:54] TSPTester_tsplib.py(241) : [d493] score=35024.000, opt=35002.000, gap=0.063%, time=1088.472s
[2025-11-01 21:12:54] TSPTester_tsplib.py(242) : ===============================================================
[2025-11-01 21:12:54] TSPTester_tsplib.py(348) : problem size: 200
[2025-11-01 21:20:53] TSPTester_tsplib.py(241) : [kroA200] score=29368.000, opt=29368.000, gap=0.000%, time=479.514s
[2025-11-01 21:20:53] TSPTester_tsplib.py(242) : ===============================================================
[2025-11-01 21:20:54] TSPTester_tsplib.py(348) : problem size: 439
[2025-11-01 21:37:23] TSPTester_tsplib.py(241) : [pr439] score=107303.000, opt=107217.000, gap=0.080%, time=989.319s
[2025-11-01 21:37:23] TSPTester_tsplib.py(242) : ===============================================================
[2025-11-01 21:37:23] TSPTester_tsplib.py(348) : problem size: 38
[2025-11-01 21:39:43] TSPTester_tsplib.py(241) : [dj38] score=6656.000, opt=6656.000, gap=0.000%, time=139.547s
[2025-11-01 21:39:43] TSPTester_tsplib.py(242) : ===============================================================
[2025-11-01 21:39:43] TSPTester_tsplib.py(348) : problem size: 734
[2025-11-01 22:07:22] TSPTester_tsplib.py(241) : [uy734] score=79189.000, opt=79114.000, gap=0.095%, time=1659.926s
[2025-11-01 22:07:22] TSPTester_tsplib.py(242) : ===============================================================
[2025-11-01 22:07:23] TSPTester_tsplib.py(348) : problem size: 131
[2025-11-01 22:13:02] TSPTester_tsplib.py(241) : [xqf131] score=566.000, opt=564.000, gap=0.355%, time=339.461s
[2025-11-01 22:13:02] TSPTester_tsplib.py(242) : ===============================================================
[2025-11-01 22:13:02] TSPTester_tsplib.py(348) : problem size: 101
[2025-11-01 22:17:45] TSPTester_tsplib.py(241) : [eil101] score=629.000, opt=629.000, gap=0.000%, time=283.151s
[2025-11-01 22:17:45] TSPTester_tsplib.py(242) : ===============================================================
[2025-11-01 22:17:45] TSPTester_tsplib.py(348) : problem size: 107
[2025-11-01 22:22:25] TSPTester_tsplib.py(241) : [pr107] score=44303.000, opt=44303.000, gap=0.000%, time=279.768s
[2025-11-01 22:22:25] TSPTester_tsplib.py(242) : ===============================================================
[2025-11-01 22:22:25] TSPTester_tsplib.py(348) : problem size: 442
[2025-11-01 22:39:22] TSPTester_tsplib.py(241) : [pcb442] score=50778.000, opt=50778.000, gap=0.000%, time=1016.901s
[2025-11-01 22:39:22] TSPTester_tsplib.py(242) : ===============================================================
[2025-11-01 22:39:22] TSPTester_tsplib.py(348) : problem size: 411
[2025-11-01 22:54:55] TSPTester_tsplib.py(241) : [pbk411] score=1344.000, opt=1343.000, gap=0.074%, time=932.670s
[2025-11-01 22:54:55] TSPTester_tsplib.py(242) : ===============================================================
[2025-11-01 22:54:55] TSPTester_tsplib.py(348) : problem size: 280
[2025-11-01 23:05:44] TSPTester_tsplib.py(241) : [a280] score=2579.000, opt=2579.000, gap=0.000%, time=649.621s
[2025-11-01 23:05:44] TSPTester_tsplib.py(242) : ===============================================================
[2025-11-01 23:05:44] TSPTester_tsplib.py(348) : problem size: 150
[2025-11-01 23:11:58] TSPTester_tsplib.py(241) : [kroB150] score=26130.000, opt=26130.000, gap=0.000%, time=373.524s
[2025-11-01 23:11:58] TSPTester_tsplib.py(242) : ===============================================================
[2025-11-01 23:11:58] TSPTester_tsplib.py(348) : problem size: 200
[2025-11-01 23:20:04] TSPTester_tsplib.py(241) : [kroB200] score=29437.000, opt=29437.000, gap=0.000%, time=486.645s
[2025-11-01 23:20:04] TSPTester_tsplib.py(242) : ===============================================================
[2025-11-01 23:20:05] TSPTester_tsplib.py(348) : problem size: 76
[2025-11-01 23:23:48] TSPTester_tsplib.py(241) : [pr76] score=108159.000, opt=108159.000, gap=0.000%, time=223.090s
[2025-11-01 23:23:48] TSPTester_tsplib.py(242) : ===============================================================
[2025-11-01 23:23:48] TSPTester_tsplib.py(348) : problem size: 100
[2025-11-01 23:28:20] TSPTester_tsplib.py(241) : [kroC100] score=20749.000, opt=20749.000, gap=0.000%, time=272.658s
[2025-11-01 23:28:20] TSPTester_tsplib.py(242) : ===============================================================
[2025-11-01 23:28:20] TSPTester_tsplib.py(348) : problem size: 194
[2025-11-01 23:36:15] TSPTester_tsplib.py(241) : [qa194] score=9352.000, opt=9352.000, gap=0.000%, time=474.370s
[2025-11-01 23:36:15] TSPTester_tsplib.py(242) : ===============================================================
[2025-11-01 23:36:15] TSPTester_tsplib.py(348) : problem size: 395
[2025-11-01 23:51:24] TSPTester_tsplib.py(241) : [pbl395] score=1281.000, opt=1281.000, gap=0.000%, time=909.155s
[2025-11-01 23:51:24] TSPTester_tsplib.py(242) : ===============================================================
[2025-11-01 23:51:24] TSPTester_tsplib.py(348) : problem size: 127
[2025-11-01 23:57:10] TSPTester_tsplib.py(241) : [bier127] score=118282.000, opt=118282.000, gap=0.000%, time=346.072s
[2025-11-01 23:57:10] TSPTester_tsplib.py(242) : ===============================================================
[2025-11-01 23:57:11] TSPTester_tsplib.py(348) : problem size: 984
[2025-11-02 00:32:43] TSPTester_tsplib.py(241) : [pbd984] score=2802.000, opt=2797.000, gap=0.179%, time=2132.722s
[2025-11-02 00:32:43] TSPTester_tsplib.py(242) : ===============================================================
[2025-11-02 00:32:43] TSPTester_tsplib.py(348) : problem size: 400
[2025-11-02 00:48:23] TSPTester_tsplib.py(241) : [rd400] score=15281.000, opt=15281.000, gap=0.000%, time=940.182s
[2025-11-02 00:48:23] TSPTester_tsplib.py(242) : ===============================================================
[2025-11-02 00:48:23] TSPTester_tsplib.py(348) : problem size: 136
[2025-11-02 00:54:19] TSPTester_tsplib.py(241) : [pr136] score=96772.000, opt=96772.000, gap=0.000%, time=355.782s
[2025-11-02 00:54:19] TSPTester_tsplib.py(242) : ===============================================================
[2025-11-02 00:54:19] TSPTester_tsplib.py(348) : problem size: 195
[2025-11-02 01:02:17] TSPTester_tsplib.py(241) : [rat195] score=2324.000, opt=2323.000, gap=0.043%, time=477.896s
[2025-11-02 01:02:17] TSPTester_tsplib.py(242) : ===============================================================
[2025-11-02 01:02:17] TSPTester_tsplib.py(348) : problem size: 198
[2025-11-02 01:10:10] TSPTester_tsplib.py(241) : [d198] score=15784.000, opt=15780.000, gap=0.025%, time=472.682s
[2025-11-02 01:10:10] TSPTester_tsplib.py(242) : ===============================================================
[2025-11-02 01:10:10] TSPTester_tsplib.py(348) : problem size: 423
[2025-11-02 01:25:53] TSPTester_tsplib.py(241) : [pbn423] score=1365.000, opt=1365.000, gap=0.000%, time=943.180s
[2025-11-02 01:25:53] TSPTester_tsplib.py(242) : ===============================================================
[2025-11-02 01:25:53] TSPTester_tsplib.py(348) : problem size: 226
[2025-11-02 01:34:32] TSPTester_tsplib.py(241) : [pr226] score=80377.000, opt=80369.000, gap=0.010%, time=519.339s
[2025-11-02 01:34:32] TSPTester_tsplib.py(242) : ===============================================================
[2025-11-02 01:34:32] TSPTester_tsplib.py(348) : problem size: 100
[2025-11-02 01:39:10] TSPTester_tsplib.py(241) : [kroD100] score=21294.000, opt=21294.000, gap=0.000%, time=277.495s
[2025-11-02 01:39:10] TSPTester_tsplib.py(242) : ===============================================================
[2025-11-02 01:39:10] TSPTester_tsplib.py(348) : problem size: 225
[2025-11-02 01:48:23] TSPTester_tsplib.py(241) : [tsp225] score=3915.000, opt=3916.000, gap=-0.026%, time=553.244s
[2025-11-02 01:48:23] TSPTester_tsplib.py(242) : ===============================================================
[2025-11-02 01:48:23] TSPTester_tsplib.py(348) : problem size: 657
[2025-11-02 02:12:48] TSPTester_tsplib.py(241) : [d657] score=49007.000, opt=48912.000, gap=0.194%, time=1464.449s
[2025-11-02 02:12:48] TSPTester_tsplib.py(242) : ===============================================================
[2025-11-02 02:12:48] TSPTester_tsplib.py(348) : problem size: 711
[2025-11-02 02:38:39] TSPTester_tsplib.py(241) : [rbx711] score=3123.000, opt=3115.000, gap=0.257%, time=1551.788s
[2025-11-02 02:38:39] TSPTester_tsplib.py(242) : ===============================================================
[2025-11-02 02:38:40] TSPTester_tsplib.py(348) : problem size: 963
[2025-11-02 03:13:06] TSPTester_tsplib.py(241) : [lim963] score=2802.000, opt=2789.000, gap=0.466%, time=2066.300s
[2025-11-02 03:13:06] TSPTester_tsplib.py(242) : ===============================================================
[2025-11-02 03:13:06] TSPTester_tsplib.py(348) : problem size: 150
[2025-11-02 03:19:38] TSPTester_tsplib.py(241) : [ch150] score=6528.000, opt=6528.000, gap=0.000%, time=392.034s
[2025-11-02 03:19:38] TSPTester_tsplib.py(242) : ===============================================================
[2025-11-02 03:19:38] TSPTester_tsplib.py(348) : problem size: 100
[2025-11-02 03:24:19] TSPTester_tsplib.py(241) : [rd100] score=7910.000, opt=7910.000, gap=0.000%, time=280.924s
[2025-11-02 03:24:19] TSPTester_tsplib.py(242) : ===============================================================
[2025-11-02 03:24:19] TSPTester_tsplib.py(348) : problem size: 159
[2025-11-02 03:30:58] TSPTester_tsplib.py(241) : [u159] score=42080.000, opt=42080.000, gap=0.000%, time=399.673s
[2025-11-02 03:30:58] TSPTester_tsplib.py(242) : ===============================================================
[2025-11-02 03:30:58] TSPTester_tsplib.py(348) : problem size: 264
[2025-11-02 03:41:10] TSPTester_tsplib.py(241) : [pr264] score=49139.000, opt=49135.000, gap=0.008%, time=611.416s
[2025-11-02 03:41:10] TSPTester_tsplib.py(242) : ===============================================================
[2025-11-02 03:41:10] TSPTester_tsplib.py(348) : problem size: 343
[2025-11-02 03:54:36] TSPTester_tsplib.py(241) : [pma343] score=1371.000, opt=1368.000, gap=0.219%, time=805.680s
[2025-11-02 03:54:36] TSPTester_tsplib.py(242) : ===============================================================
[2025-11-02 03:54:36] TSPTester_tsplib.py(348) : problem size: 152
[2025-11-02 04:00:52] TSPTester_tsplib.py(241) : [pr152] score=73682.000, opt=73682.000, gap=0.000%, time=375.960s
[2025-11-02 04:00:52] TSPTester_tsplib.py(242) : ===============================================================
[2025-11-02 04:00:52] TSPTester_tsplib.py(348) : problem size: 783
[2025-11-02 04:29:35] TSPTester_tsplib.py(241) : [rat783] score=8829.000, opt=8806.000, gap=0.261%, time=1723.019s
[2025-11-02 04:29:35] TSPTester_tsplib.py(242) : ===============================================================
[2025-11-02 04:29:35] TSPTester_tsplib.py(348) : problem size: 318
[2025-11-02 04:42:02] TSPTester_tsplib.py(241) : [lin318] score=42050.000, opt=42029.000, gap=0.050%, time=746.729s
[2025-11-02 04:42:02] TSPTester_tsplib.py(242) : ===============================================================
[2025-11-02 04:42:02] TSPTester_tsplib.py(348) : problem size: 100
[2025-11-02 04:46:37] TSPTester_tsplib.py(241) : [kroB100] score=22141.000, opt=22141.000, gap=0.000%, time=275.655s
[2025-11-02 04:46:37] TSPTester_tsplib.py(242) : ===============================================================
[2025-11-02 04:46:38] TSPTester_tsplib.py(348) : problem size: 662
[2025-11-02 05:11:01] TSPTester_tsplib.py(241) : [xql662] score=2518.000, opt=2513.000, gap=0.199%, time=1463.664s
[2025-11-02 05:11:01] TSPTester_tsplib.py(242) : ===============================================================
[2025-11-02 05:11:01] TSPTester_tsplib.py(348) : problem size: 225
[2025-11-02 05:20:13] TSPTester_tsplib.py(241) : [ts225] score=126643.000, opt=126643.000, gap=0.000%, time=551.971s
[2025-11-02 05:20:13] TSPTester_tsplib.py(242) : ===============================================================
[2025-11-02 05:20:13] TSPTester_tsplib.py(348) : problem size: 51
[2025-11-02 05:23:09] TSPTester_tsplib.py(241) : [eil51] score=426.000, opt=426.000, gap=0.000%, time=176.138s
[2025-11-02 05:23:09] TSPTester_tsplib.py(242) : ===============================================================
[2025-11-02 05:23:10] TSPTester_tsplib.py(348) : problem size: 436
[2025-11-02 05:39:55] TSPTester_tsplib.py(241) : [pbm436] score=1444.000, opt=1443.000, gap=0.069%, time=1005.687s
[2025-11-02 05:39:55] TSPTester_tsplib.py(242) : ===============================================================
[2025-11-02 05:39:55] TSPTester_tsplib.py(348) : problem size: 70
[2025-11-02 05:43:32] TSPTester_tsplib.py(241) : [st70] score=675.000, opt=675.000, gap=0.000%, time=217.190s
[2025-11-02 05:43:32] TSPTester_tsplib.py(242) : ===============================================================
[2025-11-02 05:43:33] TSPTester_tsplib.py(348) : problem size: 417
[2025-11-02 05:59:03] TSPTester_tsplib.py(241) : [fl417] score=11886.000, opt=11861.000, gap=0.211%, time=930.176s
[2025-11-02 05:59:03] TSPTester_tsplib.py(242) : ===============================================================
[2025-11-02 05:59:03] TSPTester_tsplib.py(348) : problem size: 262
[2025-11-02 06:09:30] TSPTester_tsplib.py(241) : [gil262] score=2378.000, opt=2378.000, gap=0.000%, time=627.761s
[2025-11-02 06:09:30] TSPTester_tsplib.py(242) : ===============================================================
[2025-11-02 06:09:30] TSPTester_tsplib.py(348) : problem size: 150
[2025-11-02 06:15:54] TSPTester_tsplib.py(241) : [kroA150] score=26524.000, opt=26524.000, gap=0.000%, time=383.224s
[2025-11-02 06:15:54] TSPTester_tsplib.py(242) : ===============================================================
[2025-11-02 06:15:54] TSPTester_tsplib.py(348) : problem size: 76
[2025-11-02 06:19:44] TSPTester_tsplib.py(241) : [eil76] score=538.000, opt=538.000, gap=0.000%, time=230.687s
[2025-11-02 06:19:44] TSPTester_tsplib.py(242) : ===============================================================
[2025-11-02 06:19:44] TSPTester_tsplib.py(348) : problem size: 29
[2025-11-02 06:21:45] TSPTester_tsplib.py(241) : [wi29] score=27603.000, opt=27603.000, gap=0.000%, time=120.242s
[2025-11-02 06:21:45] TSPTester_tsplib.py(242) : ===============================================================
[2025-11-02 06:21:45] TSPTester_tsplib.py(348) : problem size: 100
[2025-11-02 06:26:21] TSPTester_tsplib.py(241) : [kroE100] score=22068.000, opt=22068.000, gap=0.000%, time=276.760s
[2025-11-02 06:26:21] TSPTester_tsplib.py(242) : ===============================================================
[2025-11-02 06:26:21] TSPTester_tsplib.py(348) : problem size: 237
[2025-11-02 06:36:06] TSPTester_tsplib.py(241) : [xqg237] score=1021.000, opt=1019.000, gap=0.196%, time=584.504s
[2025-11-02 06:36:06] TSPTester_tsplib.py(242) : ===============================================================
[2025-11-02 06:36:06] TSPTester_tsplib.py(348) : problem size: 52
[2025-11-02 06:39:01] TSPTester_tsplib.py(241) : [berlin52] score=7542.000, opt=7542.000, gap=0.000%, time=174.918s
[2025-11-02 06:39:01] TSPTester_tsplib.py(242) : ===============================================================
[2025-11-02 06:39:01] TSPTester_tsplib.py(348) : problem size: 980
[2025-11-02 07:14:09] TSPTester_tsplib.py(241) : [lu980] score=11407.000, opt=11340.000, gap=0.591%, time=2107.823s
[2025-11-02 07:14:09] TSPTester_tsplib.py(242) : ===============================================================
[2025-11-02 07:14:09] TSPTester_tsplib.py(348) : problem size: 380
[2025-11-02 07:28:49] TSPTester_tsplib.py(241) : [bcl380] score=1621.000, opt=1621.000, gap=0.000%, time=880.051s
[2025-11-02 07:28:49] TSPTester_tsplib.py(242) : ===============================================================
[2025-11-02 07:28:49] TSPTester_tsplib.py(348) : problem size: 299
[2025-11-02 07:40:29] TSPTester_tsplib.py(241) : [pr299] score=48195.000, opt=48191.000, gap=0.008%, time=700.594s
[2025-11-02 07:40:29] TSPTester_tsplib.py(242) : ===============================================================
[2025-11-02 07:40:29] TSPTester_tsplib.py(348) : problem size: 99
[2025-11-02 07:45:09] TSPTester_tsplib.py(241) : [rat99] score=1211.000, opt=1211.000, gap=0.000%, time=279.376s
[2025-11-02 07:45:09] TSPTester_tsplib.py(242) : ===============================================================
[2025-11-02 07:45:09] TSPTester_tsplib.py(348) : problem size: 574
[2025-11-02 08:06:27] TSPTester_tsplib.py(241) : [u574] score=36950.000, opt=36905.000, gap=0.122%, time=1278.577s
[2025-11-02 08:06:27] TSPTester_tsplib.py(242) : ===============================================================
[2025-11-02 08:06:28] TSPTester_tsplib.py(348) : problem size: 575
[2025-11-02 08:28:20] TSPTester_tsplib.py(241) : [rat575] score=6783.000, opt=6773.000, gap=0.148%, time=1312.743s
[2025-11-02 08:28:20] TSPTester_tsplib.py(242) : ===============================================================
[2025-11-02 08:28:20] TSPTester_tsplib.py(348) : problem size: 105
[2025-11-02 08:33:07] TSPTester_tsplib.py(241) : [lin105] score=14379.000, opt=14379.000, gap=0.000%, time=286.624s
[2025-11-02 08:33:07] TSPTester_tsplib.py(242) : ===============================================================
[2025-11-02 08:33:07] TSPTester_tsplib.py(348) : problem size: 929
[2025-11-02 09:06:13] TSPTester_tsplib.py(241) : [zi929] score=95603.000, opt=95345.000, gap=0.271%, time=1986.160s
[2025-11-02 09:06:13] TSPTester_tsplib.py(242) : ===============================================================
[2025-11-02 09:06:13] TSPTester_tsplib.py(348) : problem size: 813
[2025-11-02 09:36:01] TSPTester_tsplib.py(241) : [dkg813] score=3206.000, opt=3199.000, gap=0.219%, time=1787.918s
[2025-11-02 09:36:01] TSPTester_tsplib.py(242) : ===============================================================
[2025-11-02 09:36:01] TSPTester_tsplib.py(348) : problem size: 737
[2025-11-02 10:03:37] TSPTester_tsplib.py(241) : [rbu737] score=3332.000, opt=3314.000, gap=0.543%, time=1656.795s
[2025-11-02 10:03:37] TSPTester_tsplib.py(242) : ===============================================================
[2025-11-02 10:03:38] TSPTester_tsplib.py(348) : problem size: 130
[2025-11-02 10:09:21] TSPTester_tsplib.py(241) : [ch130] score=6110.000, opt=6110.000, gap=0.000%, time=343.390s
[2025-11-02 10:09:21] TSPTester_tsplib.py(242) : ===============================================================
[2025-11-02 10:09:21] TSPTester_tsplib.py(348) : problem size: 654
[2025-11-02 10:33:58] TSPTester_tsplib.py(241) : [p654] score=34663.000, opt=34643.000, gap=0.058%, time=1477.088s
[2025-11-02 10:33:58] TSPTester_tsplib.py(242) : ===============================================================
[2025-11-02 10:33:58] TSPTester_tsplib.py(348) : problem size: 724
[2025-11-02 11:00:20] TSPTester_tsplib.py(241) : [u724] score=41994.000, opt=41910.000, gap=0.200%, time=1581.555s
[2025-11-02 11:00:20] TSPTester_tsplib.py(242) : ===============================================================
[2025-11-02 11:00:20] TSPTester_tsplib.py(266) : [Range 0, 1000) done. solved 69/69, total 52561.81s, avg_throughput 761.77s/inst, avg_solved_only 761.72s/inst, avg_gap 0.078%
[2025-11-02 11:00:20] TSPTester_tsplib.py(271) : ===============================================================
[2025-11-02 11:00:22] TSPTester_tsplib.py(348) : problem size: 5087
[2025-11-02 11:50:18] TSPTester_tsplib.py(241) : [fqm5087] score=13384.000, opt=13029.000, gap=2.725%, time=2998.630s
[2025-11-02 11:50:18] TSPTester_tsplib.py(242) : ===============================================================
[2025-11-02 11:50:19] TSPTester_tsplib.py(348) : problem size: 2103
[2025-11-02 12:38:50] TSPTester_tsplib.py(241) : [d2103] score=81312.000, opt=80450.000, gap=1.071%, time=2911.680s
[2025-11-02 12:38:50] TSPTester_tsplib.py(242) : ===============================================================
[2025-11-02 12:38:54] TSPTester_tsplib.py(348) : problem size: 8197
[2025-11-02 13:28:11] TSPTester_tsplib.py(241) : [ida8197] score=22723.000, opt=22338.000, gap=1.724%, time=2960.567s
[2025-11-02 13:28:11] TSPTester_tsplib.py(242) : ===============================================================
[2025-11-02 13:28:12] TSPTester_tsplib.py(348) : problem size: 2566
[2025-11-02 14:17:37] TSPTester_tsplib.py(241) : [pds2566] score=7686.000, opt=7643.000, gap=0.563%, time=2966.423s
[2025-11-02 14:17:37] TSPTester_tsplib.py(242) : ===============================================================
[2025-11-02 14:17:38] TSPTester_tsplib.py(348) : problem size: 2175
[2025-11-02 15:07:40] TSPTester_tsplib.py(241) : [xqc2175] score=6876.000, opt=6830.000, gap=0.673%, time=3002.823s
[2025-11-02 15:07:40] TSPTester_tsplib.py(242) : ===============================================================
[2025-11-02 15:07:41] TSPTester_tsplib.py(348) : problem size: 1379
[2025-11-02 15:56:11] TSPTester_tsplib.py(241) : [nrw1379] score=56924.000, opt=56638.000, gap=0.505%, time=2911.026s
[2025-11-02 15:56:11] TSPTester_tsplib.py(242) : ===============================================================
[2025-11-02 15:56:16] TSPTester_tsplib.py(348) : problem size: 9847
[2025-11-02 16:45:51] TSPTester_tsplib.py(241) : [ja9847] score=507881.000, opt=491924.000, gap=3.244%, time=2979.941s
[2025-11-02 16:45:51] TSPTester_tsplib.py(242) : ===============================================================
[2025-11-02 16:45:52] TSPTester_tsplib.py(348) : problem size: 1389
[2025-11-02 17:35:43] TSPTester_tsplib.py(241) : [dca1389] score=5133.000, opt=5085.000, gap=0.944%, time=2992.327s
[2025-11-02 17:35:43] TSPTester_tsplib.py(242) : ===============================================================
[2025-11-02 17:35:44] TSPTester_tsplib.py(348) : problem size: 1060
[2025-11-02 18:13:24] TSPTester_tsplib.py(241) : [u1060] score=224795.000, opt=224094.000, gap=0.313%, time=2260.610s
[2025-11-02 18:13:24] TSPTester_tsplib.py(242) : ===============================================================
[2025-11-02 18:13:25] TSPTester_tsplib.py(348) : problem size: 3140
[2025-11-02 19:03:57] TSPTester_tsplib.py(241) : [lta3140] score=9622.000, opt=9517.000, gap=1.103%, time=3033.238s
[2025-11-02 19:03:57] TSPTester_tsplib.py(242) : ===============================================================
[2025-11-02 19:03:58] TSPTester_tsplib.py(348) : problem size: 1436
[2025-11-02 19:52:25] TSPTester_tsplib.py(241) : [dja1436] score=5284.000, opt=5257.000, gap=0.514%, time=2907.545s
[2025-11-02 19:52:25] TSPTester_tsplib.py(242) : ===============================================================
[2025-11-02 19:52:26] TSPTester_tsplib.py(348) : problem size: 1432
[2025-11-02 20:43:44] TSPTester_tsplib.py(241) : [u1432] score=153510.000, opt=152970.000, gap=0.353%, time=3079.567s
[2025-11-02 20:43:44] TSPTester_tsplib.py(242) : ===============================================================
[2025-11-02 20:43:45] TSPTester_tsplib.py(348) : problem size: 1376
[2025-11-02 21:33:51] TSPTester_tsplib.py(241) : [dka1376] score=4710.000, opt=4666.000, gap=0.943%, time=3006.424s
[2025-11-02 21:33:51] TSPTester_tsplib.py(242) : ===============================================================
[2025-11-02 21:33:52] TSPTester_tsplib.py(348) : problem size: 1599
[2025-11-02 22:23:29] TSPTester_tsplib.py(241) : [rby1599] score=5574.000, opt=5533.000, gap=0.741%, time=2978.152s
[2025-11-02 22:23:29] TSPTester_tsplib.py(242) : ===============================================================
[2025-11-02 22:23:30] TSPTester_tsplib.py(348) : problem size: 2152
[2025-11-02 23:13:44] TSPTester_tsplib.py(241) : [u2152] score=64992.000, opt=64253.000, gap=1.150%, time=3014.818s
[2025-11-02 23:13:44] TSPTester_tsplib.py(242) : ===============================================================
[2025-11-02 23:13:45] TSPTester_tsplib.py(348) : problem size: 1173
[2025-11-02 23:57:21] TSPTester_tsplib.py(241) : [pcb1173] score=57063.000, opt=56892.000, gap=0.301%, time=2617.100s
[2025-11-02 23:57:21] TSPTester_tsplib.py(242) : ===============================================================
[2025-11-02 23:57:22] TSPTester_tsplib.py(348) : problem size: 1002
[2025-11-03 00:35:39] TSPTester_tsplib.py(241) : [pr1002] score=259860.000, opt=259045.000, gap=0.315%, time=2298.292s
[2025-11-03 00:35:39] TSPTester_tsplib.py(242) : ===============================================================
[2025-11-03 00:35:40] TSPTester_tsplib.py(348) : problem size: 1889
[2025-11-03 01:24:24] TSPTester_tsplib.py(241) : [rl1889] score=319121.000, opt=316536.000, gap=0.817%, time=2924.794s
[2025-11-03 01:24:24] TSPTester_tsplib.py(242) : ===============================================================
[2025-11-03 01:24:25] TSPTester_tsplib.py(348) : problem size: 2036
[2025-11-03 02:12:57] TSPTester_tsplib.py(241) : [djb2036] score=6268.000, opt=6197.000, gap=1.146%, time=2912.422s
[2025-11-03 02:12:57] TSPTester_tsplib.py(242) : ===============================================================
[2025-11-03 02:12:57] TSPTester_tsplib.py(348) : problem size: 1291
[2025-11-03 03:00:20] TSPTester_tsplib.py(241) : [d1291] score=51114.000, opt=50801.000, gap=0.616%, time=2843.312s
[2025-11-03 03:00:20] TSPTester_tsplib.py(242) : ===============================================================
[2025-11-03 03:00:21] TSPTester_tsplib.py(348) : problem size: 2854
[2025-11-03 03:49:49] TSPTester_tsplib.py(241) : [lsm2854] score=8087.000, opt=8014.000, gap=0.911%, time=2968.491s
[2025-11-03 03:49:49] TSPTester_tsplib.py(242) : ===============================================================
[2025-11-03 03:49:49] TSPTester_tsplib.py(348) : problem size: 1000
[2025-11-03 04:25:37] TSPTester_tsplib.py(241) : [portcgen-1000-10008] score=11674068.000, opt=11605723.000, gap=0.589%, time=2148.257s
[2025-11-03 04:25:37] TSPTester_tsplib.py(242) : ===============================================================
[2025-11-03 04:25:38] TSPTester_tsplib.py(348) : problem size: 1748
[2025-11-03 05:14:44] TSPTester_tsplib.py(241) : [vm1748] score=337829.000, opt=336556.000, gap=0.378%, time=2947.437s
[2025-11-03 05:14:44] TSPTester_tsplib.py(242) : ===============================================================
[2025-11-03 05:14:47] TSPTester_tsplib.py(348) : problem size: 4966
[2025-11-03 06:05:40] TSPTester_tsplib.py(241) : [xqd4966] score=15681.000, opt=15316.000, gap=2.383%, time=3055.479s
[2025-11-03 06:05:40] TSPTester_tsplib.py(242) : ===============================================================
[2025-11-03 06:05:40] TSPTester_tsplib.py(348) : problem size: 1000
[2025-11-03 06:43:41] TSPTester_tsplib.py(241) : [dsj1000] score=18709756.000, opt=18660188.000, gap=0.266%, time=2281.445s
[2025-11-03 06:43:41] TSPTester_tsplib.py(242) : ===============================================================
[2025-11-03 06:43:42] TSPTester_tsplib.py(348) : problem size: 1000
[2025-11-03 07:20:55] TSPTester_tsplib.py(241) : [portcgen-1000-10005] score=11451687.000, opt=11394911.000, gap=0.498%, time=2233.574s
[2025-11-03 07:20:55] TSPTester_tsplib.py(242) : ===============================================================
[2025-11-03 07:20:56] TSPTester_tsplib.py(348) : problem size: 1488
[2025-11-03 08:10:10] TSPTester_tsplib.py(241) : [fra1488] score=4299.000, opt=4264.000, gap=0.821%, time=2954.711s
[2025-11-03 08:10:10] TSPTester_tsplib.py(242) : ===============================================================
[2025-11-03 08:10:10] TSPTester_tsplib.py(348) : problem size: 1000
[2025-11-03 08:47:03] TSPTester_tsplib.py(241) : [portcgen-1000-10002] score=10949893.000, opt=10855033.000, gap=0.874%, time=2213.357s
[2025-11-03 08:47:03] TSPTester_tsplib.py(242) : ===============================================================
[2025-11-03 08:47:04] TSPTester_tsplib.py(348) : problem size: 1577
[2025-11-03 09:35:21] TSPTester_tsplib.py(241) : [fl1577] score=22372.000, opt=22249.000, gap=0.553%, time=2897.754s
[2025-11-03 09:35:21] TSPTester_tsplib.py(242) : ===============================================================
[2025-11-03 09:35:21] TSPTester_tsplib.py(348) : problem size: 1000
[2025-11-03 10:13:14] TSPTester_tsplib.py(241) : [portcgen-1000-10006] score=10210279.000, opt=10166701.000, gap=0.429%, time=2272.968s
[2025-11-03 10:13:14] TSPTester_tsplib.py(242) : ===============================================================
[2025-11-03 10:13:16] TSPTester_tsplib.py(348) : problem size: 3937
[2025-11-03 11:03:48] TSPTester_tsplib.py(241) : [xua3937] score=11343.000, opt=11239.000, gap=0.925%, time=3034.661s
[2025-11-03 11:03:48] TSPTester_tsplib.py(242) : ===============================================================
[2025-11-03 11:03:50] TSPTester_tsplib.py(348) : problem size: 3694
[2025-11-03 11:52:35] TSPTester_tsplib.py(241) : [dlb3694] score=11055.000, opt=10959.000, gap=0.876%, time=2926.403s
[2025-11-03 11:52:35] TSPTester_tsplib.py(242) : ===============================================================
[2025-11-03 11:52:36] TSPTester_tsplib.py(348) : problem size: 2086
[2025-11-03 12:42:10] TSPTester_tsplib.py(241) : [dcb2086] score=6670.000, opt=6600.000, gap=1.061%, time=2974.917s
[2025-11-03 12:42:10] TSPTester_tsplib.py(242) : ===============================================================
[2025-11-03 12:42:11] TSPTester_tsplib.py(348) : problem size: 2762
[2025-11-03 13:32:45] TSPTester_tsplib.py(241) : [bch2762] score=8306.000, opt=8234.000, gap=0.874%, time=3035.285s
[2025-11-03 13:32:45] TSPTester_tsplib.py(242) : ===============================================================
[2025-11-03 13:32:45] TSPTester_tsplib.py(348) : problem size: 1083
[2025-11-03 14:12:50] TSPTester_tsplib.py(241) : [xit1083] score=3571.000, opt=3558.000, gap=0.365%, time=2405.331s
[2025-11-03 14:12:50] TSPTester_tsplib.py(242) : ===============================================================
[2025-11-03 14:12:51] TSPTester_tsplib.py(348) : problem size: 1000
[2025-11-03 14:49:06] TSPTester_tsplib.py(241) : [portcgen-1000-10003] score=11920442.000, opt=11886457.000, gap=0.286%, time=2175.955s
[2025-11-03 14:49:06] TSPTester_tsplib.py(242) : ===============================================================
[2025-11-03 14:49:09] TSPTester_tsplib.py(348) : problem size: 5557
[2025-11-03 15:39:02] TSPTester_tsplib.py(241) : [fea5557] score=15657.000, opt=15445.000, gap=1.373%, time=2995.602s
[2025-11-03 15:39:02] TSPTester_tsplib.py(242) : ===============================================================
[2025-11-03 15:39:03] TSPTester_tsplib.py(348) : problem size: 3162
[2025-11-03 16:28:53] TSPTester_tsplib.py(241) : [portcgen-3162-31622] score=19856170.000, opt=19547551.000, gap=1.579%, time=2990.786s
[2025-11-03 16:28:53] TSPTester_tsplib.py(242) : ===============================================================
[2025-11-03 16:28:56] TSPTester_tsplib.py(348) : problem size: 6880
[2025-11-03 17:19:24] TSPTester_tsplib.py(241) : [xsc6880] score=21766.000, opt=21535.000, gap=1.073%, time=3031.727s
[2025-11-03 17:19:24] TSPTester_tsplib.py(242) : ===============================================================
[2025-11-03 17:19:26] TSPTester_tsplib.py(348) : problem size: 3162
[2025-11-03 18:08:57] TSPTester_tsplib.py(241) : [portcgen-3162-3162] score=19443786.000, opt=19198258.000, gap=1.279%, time=2972.077s
[2025-11-03 18:08:57] TSPTester_tsplib.py(242) : ===============================================================
[2025-11-03 18:08:58] TSPTester_tsplib.py(348) : problem size: 3097
[2025-11-03 18:58:27] TSPTester_tsplib.py(241) : [dke3097] score=10626.000, opt=10539.000, gap=0.826%, time=2969.864s
[2025-11-03 18:58:27] TSPTester_tsplib.py(242) : ===============================================================
[2025-11-03 18:58:28] TSPTester_tsplib.py(348) : problem size: 3649
[2025-11-03 19:50:50] TSPTester_tsplib.py(241) : [fjs3649] score=9371.000, opt=9272.000, gap=1.068%, time=3143.428s
[2025-11-03 19:50:50] TSPTester_tsplib.py(242) : ===============================================================
[2025-11-03 19:50:52] TSPTester_tsplib.py(348) : problem size: 4475
[2025-11-03 20:41:23] TSPTester_tsplib.py(241) : [bgf4475] score=13460.000, opt=13221.000, gap=1.808%, time=3032.478s
[2025-11-03 20:41:23] TSPTester_tsplib.py(242) : ===============================================================
[2025-11-03 20:41:27] TSPTester_tsplib.py(348) : problem size: 9152
[2025-11-03 21:31:54] TSPTester_tsplib.py(241) : [ar9152] score=855392.000, opt=837479.000, gap=2.139%, time=3031.047s
[2025-11-03 21:31:54] TSPTester_tsplib.py(242) : ===============================================================
[2025-11-03 21:31:55] TSPTester_tsplib.py(348) : problem size: 2323
[2025-11-03 22:22:04] TSPTester_tsplib.py(241) : [ley2323] score=8425.000, opt=8352.000, gap=0.874%, time=3010.281s
[2025-11-03 22:22:04] TSPTester_tsplib.py(242) : ===============================================================
[2025-11-03 22:22:08] TSPTester_tsplib.py(348) : problem size: 8079
[2025-11-03 23:13:43] TSPTester_tsplib.py(241) : [pm8079] score=117666.000, opt=114855.000, gap=2.447%, time=3098.865s
[2025-11-03 23:13:43] TSPTester_tsplib.py(242) : ===============================================================
[2025-11-03 23:13:48] TSPTester_tsplib.py(348) : problem size: 9976
[2025-11-04 00:04:19] TSPTester_tsplib.py(241) : [kz9976] score=1076278.000, opt=1061881.000, gap=1.356%, time=3035.720s
[2025-11-04 00:04:19] TSPTester_tsplib.py(242) : ===============================================================
[2025-11-04 00:04:19] TSPTester_tsplib.py(348) : problem size: 1000
[2025-11-04 00:42:21] TSPTester_tsplib.py(241) : [portcgen-1000-10004] score=11544565.000, opt=11499958.000, gap=0.388%, time=2282.340s
[2025-11-04 00:42:21] TSPTester_tsplib.py(242) : ===============================================================
[2025-11-04 00:42:25] TSPTester_tsplib.py(348) : problem size: 7146
[2025-11-04 01:34:24] TSPTester_tsplib.py(241) : [eg7146] score=176655.000, opt=172386.000, gap=2.476%, time=3123.308s
[2025-11-04 01:34:24] TSPTester_tsplib.py(242) : ===============================================================
[2025-11-04 01:34:25] TSPTester_tsplib.py(348) : problem size: 2308
[2025-11-04 02:25:35] TSPTester_tsplib.py(241) : [xpr2308] score=7281.000, opt=7219.000, gap=0.859%, time=3070.265s
[2025-11-04 02:25:35] TSPTester_tsplib.py(242) : ===============================================================
[2025-11-04 02:25:36] TSPTester_tsplib.py(348) : problem size: 3672
[2025-11-04 03:16:57] TSPTester_tsplib.py(241) : [fjr3672] score=9721.000, opt=9601.000, gap=1.250%, time=3082.678s
[2025-11-04 03:16:57] TSPTester_tsplib.py(242) : ===============================================================
[2025-11-04 03:16:59] TSPTester_tsplib.py(348) : problem size: 3795
[2025-11-04 04:07:09] TSPTester_tsplib.py(241) : [fl3795] score=29132.000, opt=28772.000, gap=1.251%, time=3012.193s
[2025-11-04 04:07:09] TSPTester_tsplib.py(242) : ===============================================================
[2025-11-04 04:07:11] TSPTester_tsplib.py(348) : problem size: 3729
[2025-11-04 04:57:40] TSPTester_tsplib.py(241) : [ltb3729] score=12014.000, opt=11821.000, gap=1.633%, time=3030.104s
[2025-11-04 04:57:40] TSPTester_tsplib.py(242) : ===============================================================
[2025-11-04 04:57:40] TSPTester_tsplib.py(348) : problem size: 1615
[2025-11-04 05:48:31] TSPTester_tsplib.py(241) : [fnb1615] score=5007.000, opt=4956.000, gap=1.029%, time=3050.943s
[2025-11-04 05:48:31] TSPTester_tsplib.py(242) : ===============================================================
[2025-11-04 05:48:33] TSPTester_tsplib.py(348) : problem size: 4355
[2025-11-04 06:39:10] TSPTester_tsplib.py(241) : [bgb4355] score=12834.000, opt=12723.000, gap=0.872%, time=3039.227s
[2025-11-04 06:39:10] TSPTester_tsplib.py(242) : ===============================================================
[2025-11-04 06:39:15] TSPTester_tsplib.py(348) : problem size: 9698
[2025-11-04 07:29:15] TSPTester_tsplib.py(241) : [dga9698] score=28266.000, opt=27724.000, gap=1.955%, time=3005.417s
[2025-11-04 07:29:15] TSPTester_tsplib.py(242) : ===============================================================
[2025-11-04 07:29:16] TSPTester_tsplib.py(348) : problem size: 1000
[2025-11-04 08:07:44] TSPTester_tsplib.py(241) : [portcgen-1000-1000] score=11483186.000, opt=11387430.000, gap=0.841%, time=2308.699s
[2025-11-04 08:07:44] TSPTester_tsplib.py(242) : ===============================================================
[2025-11-04 08:07:45] TSPTester_tsplib.py(348) : problem size: 2993
[2025-11-04 08:57:53] TSPTester_tsplib.py(241) : [xva2993] score=8556.000, opt=8492.000, gap=0.754%, time=3009.170s
[2025-11-04 08:57:53] TSPTester_tsplib.py(242) : ===============================================================
[2025-11-04 08:57:55] TSPTester_tsplib.py(348) : problem size: 3119
[2025-11-04 09:47:56] TSPTester_tsplib.py(241) : [lsn3119] score=9213.000, opt=9114.000, gap=1.086%, time=3002.622s
[2025-11-04 09:47:56] TSPTester_tsplib.py(242) : ===============================================================
[2025-11-04 09:48:00] TSPTester_tsplib.py(348) : problem size: 7454
[2025-11-04 10:39:41] TSPTester_tsplib.py(241) : [lap7454] score=19794.000, opt=19535.000, gap=1.326%, time=3105.037s
[2025-11-04 10:39:41] TSPTester_tsplib.py(242) : ===============================================================
[2025-11-04 10:39:42] TSPTester_tsplib.py(348) : problem size: 1323
[2025-11-04 11:27:23] TSPTester_tsplib.py(241) : [rl1323] score=271443.000, opt=270199.000, gap=0.460%, time=2861.711s
[2025-11-04 11:27:23] TSPTester_tsplib.py(242) : ===============================================================
[2025-11-04 11:27:23] TSPTester_tsplib.py(348) : problem size: 1084
[2025-11-04 12:09:06] TSPTester_tsplib.py(241) : [vm1084] score=239549.000, opt=239297.000, gap=0.105%, time=2502.990s
[2025-11-04 12:09:06] TSPTester_tsplib.py(242) : ===============================================================
[2025-11-04 12:09:07] TSPTester_tsplib.py(348) : problem size: 1817
[2025-11-04 13:01:44] TSPTester_tsplib.py(241) : [u1817] score=57704.000, opt=57201.000, gap=0.879%, time=3158.630s
[2025-11-04 13:01:44] TSPTester_tsplib.py(242) : ===============================================================
[2025-11-04 13:01:47] TSPTester_tsplib.py(348) : problem size: 5934
[2025-11-04 13:52:04] TSPTester_tsplib.py(241) : [rl5934] score=563848.000, opt=556045.000, gap=1.403%, time=3019.335s
[2025-11-04 13:52:04] TSPTester_tsplib.py(242) : ===============================================================
[2025-11-04 13:52:06] TSPTester_tsplib.py(348) : problem size: 3386
[2025-11-04 14:42:07] TSPTester_tsplib.py(241) : [dhb3386] score=11189.000, opt=11137.000, gap=0.467%, time=3003.399s
[2025-11-04 14:42:07] TSPTester_tsplib.py(242) : ===============================================================
[2025-11-04 14:42:09] TSPTester_tsplib.py(348) : problem size: 3162
[2025-11-04 15:33:31] TSPTester_tsplib.py(241) : [portcgen-3162-31621] score=19463284.000, opt=19017805.000, gap=2.342%, time=3083.814s
[2025-11-04 15:33:31] TSPTester_tsplib.py(242) : ===============================================================
[2025-11-04 15:33:33] TSPTester_tsplib.py(348) : problem size: 4461
[2025-11-04 16:25:47] TSPTester_tsplib.py(241) : [fnl4461] score=184182.000, opt=182566.000, gap=0.885%, time=3136.229s
[2025-11-04 16:25:47] TSPTester_tsplib.py(242) : ===============================================================
[2025-11-04 16:25:48] TSPTester_tsplib.py(348) : problem size: 2382
[2025-11-04 17:18:24] TSPTester_tsplib.py(241) : [dea2382] score=8124.000, opt=8017.000, gap=1.335%, time=3156.882s
[2025-11-04 17:18:24] TSPTester_tsplib.py(242) : ===============================================================
[2025-11-04 17:18:25] TSPTester_tsplib.py(348) : problem size: 2481
[2025-11-04 18:08:16] TSPTester_tsplib.py(241) : [rbw2481] score=7770.000, opt=7724.000, gap=0.596%, time=2991.767s
[2025-11-04 18:08:16] TSPTester_tsplib.py(242) : ===============================================================
[2025-11-04 18:08:18] TSPTester_tsplib.py(348) : problem size: 3038
[2025-11-04 18:59:50] TSPTester_tsplib.py(241) : [pcb3038] score=138863.000, opt=137694.000, gap=0.849%, time=3093.628s
[2025-11-04 18:59:50] TSPTester_tsplib.py(242) : ===============================================================
[2025-11-04 18:59:50] TSPTester_tsplib.py(348) : problem size: 1000
[2025-11-04 19:37:43] TSPTester_tsplib.py(241) : [portcgen-1000-10009] score=10986077.000, opt=10906997.000, gap=0.725%, time=2273.856s
[2025-11-04 19:37:43] TSPTester_tsplib.py(242) : ===============================================================
[2025-11-04 19:37:44] TSPTester_tsplib.py(348) : problem size: 1973
[2025-11-04 20:29:11] TSPTester_tsplib.py(241) : [dkd1973] score=6487.000, opt=6421.000, gap=1.028%, time=3087.299s
[2025-11-04 20:29:11] TSPTester_tsplib.py(242) : ===============================================================
[2025-11-04 20:29:12] TSPTester_tsplib.py(348) : problem size: 2924
[2025-11-04 21:21:37] TSPTester_tsplib.py(241) : [dbj2924] score=10215.000, opt=10128.000, gap=0.859%, time=3146.562s
[2025-11-04 21:21:37] TSPTester_tsplib.py(242) : ===============================================================
[2025-11-04 21:21:39] TSPTester_tsplib.py(348) : problem size: 3162
[2025-11-04 22:12:56] TSPTester_tsplib.py(241) : [portcgen-3162-31623] score=19595792.000, opt=19108508.000, gap=2.550%, time=3078.963s
[2025-11-04 22:12:56] TSPTester_tsplib.py(242) : ===============================================================
[2025-11-04 22:12:57] TSPTester_tsplib.py(348) : problem size: 1000
[2025-11-04 22:51:34] TSPTester_tsplib.py(241) : [portcgen-1000-10007] score=10698546.000, opt=10664660.000, gap=0.318%, time=2318.093s
[2025-11-04 22:51:34] TSPTester_tsplib.py(242) : ===============================================================
[2025-11-04 22:51:38] TSPTester_tsplib.py(348) : problem size: 6117
[2025-11-04 23:44:02] TSPTester_tsplib.py(241) : [tz6117] score=398459.000, opt=394718.000, gap=0.948%, time=3147.364s
[2025-11-04 23:44:02] TSPTester_tsplib.py(242) : ===============================================================
[2025-11-04 23:44:03] TSPTester_tsplib.py(348) : problem size: 2392
[2025-11-05 00:34:28] TSPTester_tsplib.py(241) : [pr2392] score=379540.000, opt=378032.000, gap=0.399%, time=3026.040s
[2025-11-05 00:34:28] TSPTester_tsplib.py(242) : ===============================================================
[2025-11-05 00:34:29] TSPTester_tsplib.py(348) : problem size: 1785
[2025-11-05 01:24:52] TSPTester_tsplib.py(241) : [djc1785] score=6134.000, opt=6115.000, gap=0.311%, time=3024.232s
[2025-11-05 01:24:52] TSPTester_tsplib.py(242) : ===============================================================
[2025-11-05 01:24:54] TSPTester_tsplib.py(348) : problem size: 2802
[2025-11-05 02:16:03] TSPTester_tsplib.py(241) : [irw2802] score=8526.000, opt=8423.000, gap=1.223%, time=3070.610s
[2025-11-05 02:16:03] TSPTester_tsplib.py(242) : ===============================================================
[2025-11-05 02:16:05] TSPTester_tsplib.py(348) : problem size: 4396
[2025-11-05 03:06:49] TSPTester_tsplib.py(241) : [bgd4396] score=13207.000, opt=13009.000, gap=1.522%, time=3045.833s
[2025-11-05 03:06:49] TSPTester_tsplib.py(242) : ===============================================================
[2025-11-05 03:06:51] TSPTester_tsplib.py(348) : problem size: 3938
[2025-11-05 03:58:06] TSPTester_tsplib.py(241) : [dkc3938] score=12689.000, opt=12503.000, gap=1.488%, time=3076.906s
[2025-11-05 03:58:06] TSPTester_tsplib.py(242) : ===============================================================
[2025-11-05 03:58:08] TSPTester_tsplib.py(348) : problem size: 4410
[2025-11-05 04:47:30] TSPTester_tsplib.py(241) : [frv4410] score=10890.000, opt=10711.000, gap=1.671%, time=2963.794s
[2025-11-05 04:47:30] TSPTester_tsplib.py(242) : ===============================================================
[2025-11-05 04:47:30] TSPTester_tsplib.py(348) : problem size: 1621
[2025-11-05 05:38:26] TSPTester_tsplib.py(241) : [rw1621] score=26166.000, opt=26051.000, gap=0.441%, time=3056.711s
[2025-11-05 05:38:26] TSPTester_tsplib.py(242) : ===============================================================
[2025-11-05 05:38:28] TSPTester_tsplib.py(348) : problem size: 3496
[2025-11-05 06:30:05] TSPTester_tsplib.py(241) : [nu3496] score=97264.000, opt=96132.000, gap=1.178%, time=3098.898s
[2025-11-05 06:30:05] TSPTester_tsplib.py(242) : ===============================================================
[2025-11-05 06:30:07] TSPTester_tsplib.py(348) : problem size: 3891
[2025-11-05 07:21:14] TSPTester_tsplib.py(241) : [xqe3891] score=12119.000, opt=11995.000, gap=1.034%, time=3068.470s
[2025-11-05 07:21:14] TSPTester_tsplib.py(242) : ===============================================================
[2025-11-05 07:21:15] TSPTester_tsplib.py(348) : problem size: 3293
[2025-11-05 08:12:43] TSPTester_tsplib.py(241) : [beg3293] score=9916.000, opt=9772.000, gap=1.474%, time=3088.989s
[2025-11-05 08:12:43] TSPTester_tsplib.py(242) : ===============================================================
[2025-11-05 08:12:44] TSPTester_tsplib.py(348) : problem size: 3162
[2025-11-05 09:03:22] TSPTester_tsplib.py(241) : [portcgen-3162-31624] score=19173190.000, opt=18864046.000, gap=1.639%, time=3039.401s
[2025-11-05 09:03:22] TSPTester_tsplib.py(242) : ===============================================================
[2025-11-05 09:03:23] TSPTester_tsplib.py(348) : problem size: 2217
[2025-11-05 09:55:19] TSPTester_tsplib.py(241) : [bck2217] score=6826.000, opt=6764.000, gap=0.917%, time=3116.290s
[2025-11-05 09:55:19] TSPTester_tsplib.py(242) : ===============================================================
[2025-11-05 09:55:23] TSPTester_tsplib.py(348) : problem size: 7663
[2025-11-05 10:46:08] TSPTester_tsplib.py(241) : [ym7663] score=242841.000, opt=238314.000, gap=1.900%, time=3049.311s
[2025-11-05 10:46:08] TSPTester_tsplib.py(242) : ===============================================================
[2025-11-05 10:46:10] TSPTester_tsplib.py(348) : problem size: 3256
[2025-11-05 11:35:31] TSPTester_tsplib.py(241) : [fdp3256] score=10097.000, opt=10008.000, gap=0.889%, time=2962.976s
[2025-11-05 11:35:31] TSPTester_tsplib.py(242) : ===============================================================
[2025-11-05 11:35:32] TSPTester_tsplib.py(348) : problem size: 2319
[2025-11-05 12:28:17] TSPTester_tsplib.py(241) : [u2319] score=234601.000, opt=234256.000, gap=0.147%, time=3165.563s
[2025-11-05 12:28:17] TSPTester_tsplib.py(242) : ===============================================================
[2025-11-05 12:28:18] TSPTester_tsplib.py(348) : problem size: 1979
[2025-11-05 13:18:23] TSPTester_tsplib.py(241) : [mu1979] score=87702.000, opt=86891.000, gap=0.933%, time=3005.995s
[2025-11-05 13:18:23] TSPTester_tsplib.py(242) : ===============================================================
[2025-11-05 13:18:26] TSPTester_tsplib.py(348) : problem size: 5915
[2025-11-05 14:10:09] TSPTester_tsplib.py(241) : [rl5915] score=573379.000, opt=565530.000, gap=1.388%, time=3106.046s
[2025-11-05 14:10:09] TSPTester_tsplib.py(242) : ===============================================================
[2025-11-05 14:10:10] TSPTester_tsplib.py(348) : problem size: 1911
[2025-11-05 15:01:33] TSPTester_tsplib.py(241) : [dcc1911] score=6445.000, opt=6396.000, gap=0.766%, time=3083.922s
[2025-11-05 15:01:33] TSPTester_tsplib.py(242) : ===============================================================
[2025-11-05 15:01:34] TSPTester_tsplib.py(348) : problem size: 2597
[2025-11-05 15:52:49] TSPTester_tsplib.py(241) : [mlt2597] score=8095.000, opt=8071.000, gap=0.297%, time=3076.820s
[2025-11-05 15:52:49] TSPTester_tsplib.py(242) : ===============================================================
[2025-11-05 15:52:50] TSPTester_tsplib.py(348) : problem size: 1304
[2025-11-05 16:43:34] TSPTester_tsplib.py(241) : [rl1304] score=254931.000, opt=252948.000, gap=0.784%, time=3044.210s
[2025-11-05 16:43:34] TSPTester_tsplib.py(242) : ===============================================================
[2025-11-05 16:43:39] TSPTester_tsplib.py(348) : problem size: 9882
[2025-11-05 17:33:54] TSPTester_tsplib.py(241) : [gr9882] score=306244.000, opt=300899.000, gap=1.776%, time=3020.558s
[2025-11-05 17:33:54] TSPTester_tsplib.py(242) : ===============================================================
[2025-11-05 17:33:58] TSPTester_tsplib.py(348) : problem size: 7397
[2025-11-05 18:26:14] TSPTester_tsplib.py(241) : [pla7397] score=23469744.000, opt=23260728.000, gap=0.899%, time=3139.997s
[2025-11-05 18:26:14] TSPTester_tsplib.py(242) : ===============================================================
[2025-11-05 18:26:16] TSPTester_tsplib.py(348) : problem size: 3056
[2025-11-05 19:17:30] TSPTester_tsplib.py(241) : [pia3056] score=8319.000, opt=8258.000, gap=0.739%, time=3075.712s
[2025-11-05 19:17:30] TSPTester_tsplib.py(242) : ===============================================================
[2025-11-05 19:17:31] TSPTester_tsplib.py(348) : problem size: 1483
[2025-11-05 20:09:14] TSPTester_tsplib.py(241) : [icw1483] score=4435.000, opt=4416.000, gap=0.430%, time=3103.811s
[2025-11-05 20:09:14] TSPTester_tsplib.py(242) : ===============================================================
[2025-11-05 20:09:14] TSPTester_tsplib.py(348) : problem size: 1000
[2025-11-05 20:48:26] TSPTester_tsplib.py(241) : [portcgen-1000-10001] score=11421172.000, opt=11376735.000, gap=0.391%, time=2351.989s
[2025-11-05 20:48:26] TSPTester_tsplib.py(242) : ===============================================================
[2025-11-05 20:48:28] TSPTester_tsplib.py(348) : problem size: 4663
[2025-11-05 21:42:14] TSPTester_tsplib.py(241) : [ca4663] score=1303831.000, opt=1290319.000, gap=1.047%, time=3227.788s
[2025-11-05 21:42:14] TSPTester_tsplib.py(242) : ===============================================================
[2025-11-05 21:42:17] TSPTester_tsplib.py(348) : problem size: 7168
[2025-11-05 22:33:24] TSPTester_tsplib.py(241) : [bnd7168] score=22201.000, opt=21834.000, gap=1.681%, time=3070.166s
[2025-11-05 22:33:24] TSPTester_tsplib.py(242) : ===============================================================
[2025-11-05 22:33:25] TSPTester_tsplib.py(348) : problem size: 2144
[2025-11-05 23:24:21] TSPTester_tsplib.py(241) : [bva2144] score=6337.000, opt=6304.000, gap=0.523%, time=3057.379s
[2025-11-05 23:24:21] TSPTester_tsplib.py(242) : ===============================================================
[2025-11-05 23:24:22] TSPTester_tsplib.py(348) : problem size: 1400
[2025-11-06 00:16:09] TSPTester_tsplib.py(241) : [fl1400] score=20236.000, opt=20127.000, gap=0.542%, time=3108.268s
[2025-11-06 00:16:09] TSPTester_tsplib.py(242) : ===============================================================
[2025-11-06 00:16:10] TSPTester_tsplib.py(348) : problem size: 1583
[2025-11-06 01:09:12] TSPTester_tsplib.py(241) : [rbv1583] score=5421.000, opt=5387.000, gap=0.631%, time=3182.889s
[2025-11-06 01:09:12] TSPTester_tsplib.py(242) : ===============================================================
[2025-11-06 01:09:14] TSPTester_tsplib.py(348) : problem size: 3954
[2025-11-06 02:02:08] TSPTester_tsplib.py(241) : [dkf3954] score=12677.000, opt=12538.000, gap=1.109%, time=3175.574s
[2025-11-06 02:02:08] TSPTester_tsplib.py(242) : ===============================================================
[2025-11-06 02:02:09] TSPTester_tsplib.py(348) : problem size: 1655
[2025-11-06 02:55:02] TSPTester_tsplib.py(241) : [d1655] score=63603.000, opt=62128.000, gap=2.374%, time=3173.953s
[2025-11-06 02:55:02] TSPTester_tsplib.py(242) : ===============================================================
[2025-11-06 02:55:06] TSPTester_tsplib.py(348) : problem size: 8246
[2025-11-06 03:45:09] TSPTester_tsplib.py(241) : [ei8246] score=208447.000, opt=206171.000, gap=1.104%, time=3007.041s
[2025-11-06 03:45:09] TSPTester_tsplib.py(242) : ===============================================================
[2025-11-06 03:45:09] TSPTester_tsplib.py(266) : [Range 1000, 10000) done. solved 109/109, total 319489.42s, avg_throughput 2931.10s/inst, avg_solved_only 2931.07s/inst, avg_gap 1.035%
[2025-11-06 03:45:09] TSPTester_tsplib.py(271) : ===============================================================
[2025-11-06 03:45:34] TSPTester_tsplib.py(348) : problem size: 47608
[2025-11-06 04:37:35] TSPTester_tsplib.py(241) : [fht47608] score=131700.000, opt=125104.000, gap=5.272%, time=3146.035s
[2025-11-06 04:37:35] TSPTester_tsplib.py(242) : ===============================================================
[2025-11-06 04:37:40] TSPTester_tsplib.py(348) : problem size: 10000
[2025-11-06 05:29:40] TSPTester_tsplib.py(241) : [portcgen-10000-100002] score=34127372.000, opt=33155424.000, gap=2.931%, time=3124.397s
[2025-11-06 05:29:40] TSPTester_tsplib.py(242) : ===============================================================
[2025-11-06 05:29:58] TSPTester_tsplib.py(348) : problem size: 34656
[2025-11-06 06:22:02] TSPTester_tsplib.py(241) : [bby34656] score=101835.000, opt=99159.000, gap=2.699%, time=3141.865s
[2025-11-06 06:22:02] TSPTester_tsplib.py(242) : ===============================================================
[2025-11-06 06:22:13] TSPTester_tsplib.py(348) : problem size: 21553
[2025-11-06 07:14:53] TSPTester_tsplib.py(241) : [fma21553] score=68909.000, opt=66527.000, gap=3.581%, time=3171.784s
[2025-11-06 07:14:53] TSPTester_tsplib.py(242) : ===============================================================
[2025-11-06 07:15:04] TSPTester_tsplib.py(348) : problem size: 21215
[2025-11-06 08:07:05] TSPTester_tsplib.py(241) : [ido21215] score=64963.000, opt=63517.000, gap=2.277%, time=3131.708s
[2025-11-06 08:07:05] TSPTester_tsplib.py(242) : ===============================================================
[2025-11-06 08:07:32] TSPTester_tsplib.py(348) : problem size: 52057
[2025-11-06 09:00:26] TSPTester_tsplib.py(241) : [fna52057] score=154112.000, opt=147789.000, gap=4.278%, time=3201.083s
[2025-11-06 09:00:26] TSPTester_tsplib.py(242) : ===============================================================
[2025-11-06 09:00:31] TSPTester_tsplib.py(348) : problem size: 10000
[2025-11-06 09:50:35] TSPTester_tsplib.py(241) : [portcgen-10000-100001] score=34541448.000, opt=33186248.000, gap=4.084%, time=3008.468s
[2025-11-06 09:50:35] TSPTester_tsplib.py(242) : ===============================================================
[2025-11-06 09:51:28] TSPTester_tsplib.py(348) : problem size: 100000
[2025-11-06 10:44:27] TSPTester_tsplib.py(241) : [portcgen-100000-100000] score=113052496.000, opt=104617752.000, gap=8.062%, time=3231.686s
[2025-11-06 10:44:27] TSPTester_tsplib.py(242) : ===============================================================
[2025-11-06 10:44:39] TSPTester_tsplib.py(348) : problem size: 24104
[2025-11-06 11:35:57] TSPTester_tsplib.py(241) : [xrh24104] score=71514.000, opt=69294.000, gap=3.204%, time=3090.411s
[2025-11-06 11:35:57] TSPTester_tsplib.py(242) : ===============================================================
[2025-11-06 11:36:09] TSPTester_tsplib.py(348) : problem size: 22777
[2025-11-06 12:26:45] TSPTester_tsplib.py(241) : [lsb22777] score=62363.000, opt=60977.000, gap=2.273%, time=3047.631s
[2025-11-06 12:26:45] TSPTester_tsplib.py(242) : ===============================================================
[2025-11-06 12:26:54] TSPTester_tsplib.py(348) : problem size: 17845
[2025-11-06 13:18:41] TSPTester_tsplib.py(241) : [pjh17845] score=49256.000, opt=48092.000, gap=2.420%, time=3115.997s
[2025-11-06 13:18:41] TSPTester_tsplib.py(242) : ===============================================================
[2025-11-06 13:18:54] TSPTester_tsplib.py(348) : problem size: 24978
[2025-11-06 14:11:03] TSPTester_tsplib.py(241) : [sw24978] score=879378.000, opt=855597.000, gap=2.779%, time=3141.904s
[2025-11-06 14:11:03] TSPTester_tsplib.py(242) : ===============================================================
[2025-11-06 14:11:20] TSPTester_tsplib.py(348) : problem size: 33708
[2025-11-06 15:02:58] TSPTester_tsplib.py(241) : [bm33708] score=1003143.000, opt=959289.000, gap=4.572%, time=3114.731s
[2025-11-06 15:02:58] TSPTester_tsplib.py(242) : ===============================================================
[2025-11-06 15:03:05] TSPTester_tsplib.py(348) : problem size: 14233
[2025-11-06 15:54:40] TSPTester_tsplib.py(241) : [xrb14233] score=46431.000, opt=45462.000, gap=2.131%, time=3102.478s
[2025-11-06 15:54:40] TSPTester_tsplib.py(242) : ===============================================================
[2025-11-06 15:54:45] TSPTester_tsplib.py(348) : problem size: 10150
[2025-11-06 16:45:39] TSPTester_tsplib.py(241) : [xmc10150] score=28830.000, opt=28387.000, gap=1.561%, time=3059.140s
[2025-11-06 16:45:39] TSPTester_tsplib.py(242) : ===============================================================
[2025-11-06 16:45:47] TSPTester_tsplib.py(348) : problem size: 15112
[2025-11-06 17:36:56] TSPTester_tsplib.py(241) : [d15112] score=1596560.000, opt=1573084.000, gap=1.492%, time=3076.829s
[2025-11-06 17:36:56] TSPTester_tsplib.py(242) : ===============================================================
[2025-11-06 17:37:11] TSPTester_tsplib.py(348) : problem size: 28924
[2025-11-06 18:26:32] TSPTester_tsplib.py(241) : [boa28924] score=83154.000, opt=79622.000, gap=4.436%, time=2975.380s
[2025-11-06 18:26:32] TSPTester_tsplib.py(242) : ===============================================================
[2025-11-06 18:27:02] TSPTester_tsplib.py(348) : problem size: 59296
[2025-11-06 19:18:49] TSPTester_tsplib.py(241) : [dan59296] score=172578.000, opt=165371.000, gap=4.358%, time=3137.137s
[2025-11-06 19:18:49] TSPTester_tsplib.py(242) : ===============================================================
[2025-11-06 19:19:04] TSPTester_tsplib.py(348) : problem size: 28698
[2025-11-06 20:12:04] TSPTester_tsplib.py(241) : [icx28698] score=80845.000, opt=78087.000, gap=3.532%, time=3195.233s
[2025-11-06 20:12:04] TSPTester_tsplib.py(242) : ===============================================================
[2025-11-06 20:12:14] TSPTester_tsplib.py(348) : problem size: 18512
[2025-11-06 21:02:26] TSPTester_tsplib.py(241) : [d18512] score=656474.000, opt=645238.000, gap=1.741%, time=3021.281s
[2025-11-06 21:02:26] TSPTester_tsplib.py(242) : ===============================================================
[2025-11-06 21:02:34] TSPTester_tsplib.py(348) : problem size: 16928
[2025-11-06 21:53:57] TSPTester_tsplib.py(241) : [xia16928] score=54750.000, opt=52850.000, gap=3.595%, time=3091.804s
[2025-11-06 21:53:57] TSPTester_tsplib.py(242) : ===============================================================
[2025-11-06 21:54:05] TSPTester_tsplib.py(348) : problem size: 14185
[2025-11-06 22:45:14] TSPTester_tsplib.py(241) : [mo14185] score=438227.000, opt=427377.000, gap=2.539%, time=3076.705s
[2025-11-06 22:45:14] TSPTester_tsplib.py(242) : ===============================================================
[2025-11-06 22:45:30] TSPTester_tsplib.py(348) : problem size: 30440
[2025-11-06 23:36:01] TSPTester_tsplib.py(241) : [pbh30440] score=91510.000, opt=88313.000, gap=3.620%, time=3046.920s
[2025-11-06 23:36:01] TSPTester_tsplib.py(242) : ===============================================================
[2025-11-06 23:36:13] TSPTester_tsplib.py(348) : problem size: 22775
[2025-11-07 00:27:21] TSPTester_tsplib.py(241) : [vm22775] score=585331.000, opt=569288.000, gap=2.818%, time=3079.419s
[2025-11-07 00:27:21] TSPTester_tsplib.py(242) : ===============================================================
[2025-11-07 00:27:37] TSPTester_tsplib.py(348) : problem size: 31623
[2025-11-07 01:20:00] TSPTester_tsplib.py(241) : [portcgen-31623-31623] score=62688416.000, opt=59545390.000, gap=5.278%, time=3159.605s
[2025-11-07 01:20:00] TSPTester_tsplib.py(242) : ===============================================================
[2025-11-07 01:20:20] TSPTester_tsplib.py(348) : problem size: 38478
[2025-11-07 02:11:43] TSPTester_tsplib.py(241) : [pba38478] score=112101.000, opt=108318.000, gap=3.492%, time=3102.195s
[2025-11-07 02:11:43] TSPTester_tsplib.py(242) : ===============================================================
[2025-11-07 02:11:57] TSPTester_tsplib.py(348) : problem size: 28268
[2025-11-07 03:05:13] TSPTester_tsplib.py(241) : [irx28268] score=75355.000, opt=72607.000, gap=3.785%, time=3210.185s
[2025-11-07 03:05:13] TSPTester_tsplib.py(242) : ===============================================================
[2025-11-07 03:05:20] TSPTester_tsplib.py(348) : problem size: 13584
[2025-11-07 03:57:50] TSPTester_tsplib.py(241) : [xvb13584] score=37833.000, opt=37083.000, gap=2.022%, time=3156.906s
[2025-11-07 03:57:50] TSPTester_tsplib.py(242) : ===============================================================
[2025-11-07 03:57:57] TSPTester_tsplib.py(348) : problem size: 14051
[2025-11-07 04:50:49] TSPTester_tsplib.py(241) : [brd14051] score=476817.000, opt=469385.000, gap=1.583%, time=3178.946s
[2025-11-07 04:50:49] TSPTester_tsplib.py(242) : ===============================================================
[2025-11-07 04:51:04] TSPTester_tsplib.py(348) : problem size: 29514
[2025-11-07 05:42:16] TSPTester_tsplib.py(241) : [ird29514] score=82415.000, opt=80353.000, gap=2.566%, time=3087.489s
[2025-11-07 05:42:16] TSPTester_tsplib.py(242) : ===============================================================
[2025-11-07 05:42:53] TSPTester_tsplib.py(348) : problem size: 71009
[2025-11-07 06:34:54] TSPTester_tsplib.py(241) : [ch71009] score=4846467.000, opt=4566506.000, gap=6.131%, time=3157.875s
[2025-11-07 06:34:54] TSPTester_tsplib.py(242) : ===============================================================
[2025-11-07 06:35:11] TSPTester_tsplib.py(348) : problem size: 32892
[2025-11-07 07:25:55] TSPTester_tsplib.py(241) : [xib32892] score=100832.000, opt=96757.000, gap=4.212%, time=3060.865s
[2025-11-07 07:25:55] TSPTester_tsplib.py(242) : ===============================================================
[2025-11-07 07:26:01] TSPTester_tsplib.py(348) : problem size: 10639
[2025-11-07 08:16:18] TSPTester_tsplib.py(241) : [fi10639] score=527674.000, opt=520527.000, gap=1.373%, time=3022.877s
[2025-11-07 08:16:18] TSPTester_tsplib.py(242) : ===============================================================
[2025-11-07 08:16:34] TSPTester_tsplib.py(348) : problem size: 31623
[2025-11-07 09:08:11] TSPTester_tsplib.py(241) : [portcgen-31623-316231] score=62447112.000, opt=59293266.000, gap=5.319%, time=3113.306s
[2025-11-07 09:08:11] TSPTester_tsplib.py(242) : ===============================================================
[2025-11-07 09:08:17] TSPTester_tsplib.py(348) : problem size: 10000
[2025-11-07 09:58:31] TSPTester_tsplib.py(241) : [portcgen-10000-10000] score=33934272.000, opt=33001034.000, gap=2.828%, time=3019.780s
[2025-11-07 09:58:31] TSPTester_tsplib.py(242) : ===============================================================
[2025-11-07 09:58:38] TSPTester_tsplib.py(348) : problem size: 13509
[2025-11-07 10:51:10] TSPTester_tsplib.py(241) : [usa13509] score=20421496.000, opt=19982859.000, gap=2.195%, time=3158.175s
[2025-11-07 10:51:10] TSPTester_tsplib.py(242) : ===============================================================
[2025-11-07 10:52:02] TSPTester_tsplib.py(348) : problem size: 100000
[2025-11-07 11:43:55] TSPTester_tsplib.py(241) : [portcgen-100000-1000001] score=113880640.000, opt=105390777.000, gap=8.056%, time=3164.837s
[2025-11-07 11:43:55] TSPTester_tsplib.py(242) : ===============================================================
[2025-11-07 11:44:04] TSPTester_tsplib.py(348) : problem size: 19289
[2025-11-07 12:35:49] TSPTester_tsplib.py(241) : [frh19289] score=57115.000, opt=55798.000, gap=2.360%, time=3113.998s
[2025-11-07 12:35:49] TSPTester_tsplib.py(242) : ===============================================================
[2025-11-07 12:35:56] TSPTester_tsplib.py(348) : problem size: 14473
[2025-11-07 13:27:29] TSPTester_tsplib.py(241) : [ho14473] score=183329.000, opt=177092.000, gap=3.522%, time=3100.080s
[2025-11-07 13:27:29] TSPTester_tsplib.py(242) : ===============================================================
[2025-11-07 13:27:37] TSPTester_tsplib.py(348) : problem size: 16862
[2025-11-07 14:19:13] TSPTester_tsplib.py(241) : [it16862] score=569100.000, opt=557315.000, gap=2.115%, time=3104.724s
[2025-11-07 14:19:13] TSPTester_tsplib.py(242) : ===============================================================
[2025-11-07 14:19:36] TSPTester_tsplib.py(348) : problem size: 43748
[2025-11-07 15:11:02] TSPTester_tsplib.py(241) : [rbz43748] score=129976.000, opt=125183.000, gap=3.829%, time=3108.414s
[2025-11-07 15:11:02] TSPTester_tsplib.py(242) : ===============================================================
[2025-11-07 15:11:31] TSPTester_tsplib.py(348) : problem size: 56769
[2025-11-07 16:04:25] TSPTester_tsplib.py(241) : [bna56769] score=163868.000, opt=158078.000, gap=3.663%, time=3203.416s
[2025-11-07 16:04:25] TSPTester_tsplib.py(242) : ===============================================================
[2025-11-07 16:04:40] TSPTester_tsplib.py(348) : problem size: 28534
[2025-11-07 16:58:23] TSPTester_tsplib.py(241) : [fyg28534] score=80625.000, opt=78562.000, gap=2.626%, time=3237.554s
[2025-11-07 16:58:23] TSPTester_tsplib.py(242) : ===============================================================
[2025-11-07 16:58:41] TSPTester_tsplib.py(348) : problem size: 33810
[2025-11-07 17:51:01] TSPTester_tsplib.py(241) : [pla33810] score=67701872.000, opt=66048945.000, gap=2.503%, time=3157.606s
[2025-11-07 17:51:01] TSPTester_tsplib.py(242) : ===============================================================
[2025-11-07 17:51:45] TSPTester_tsplib.py(348) : problem size: 85900
[2025-11-07 18:44:47] TSPTester_tsplib.py(241) : [pla85900] score=148753472.000, opt=142382641.000, gap=4.474%, time=3226.566s
[2025-11-07 18:44:47] TSPTester_tsplib.py(242) : ===============================================================
[2025-11-07 18:44:58] TSPTester_tsplib.py(348) : problem size: 19402
[2025-11-07 19:38:02] TSPTester_tsplib.py(241) : [fnc19402] score=61024.000, opt=59287.000, gap=2.930%, time=3194.753s
[2025-11-07 19:38:02] TSPTester_tsplib.py(242) : ===============================================================
[2025-11-07 19:38:09] TSPTester_tsplib.py(348) : problem size: 11849
[2025-11-07 20:30:06] TSPTester_tsplib.py(241) : [rl11849] score=942191.000, opt=923288.000, gap=2.047%, time=3123.202s
[2025-11-07 20:30:06] TSPTester_tsplib.py(242) : ===============================================================
[2025-11-07 20:30:23] TSPTester_tsplib.py(348) : problem size: 33203
[2025-11-07 21:22:51] TSPTester_tsplib.py(241) : [fry33203] score=101552.000, opt=97240.000, gap=4.434%, time=3165.261s
[2025-11-07 21:22:51] TSPTester_tsplib.py(242) : ===============================================================
[2025-11-07 21:23:12] TSPTester_tsplib.py(348) : problem size: 39603
[2025-11-07 22:16:09] TSPTester_tsplib.py(241) : [ics39603] score=111296.000, opt=106819.000, gap=4.191%, time=3198.478s
[2025-11-07 22:16:09] TSPTester_tsplib.py(242) : ===============================================================
[2025-11-07 22:16:23] TSPTester_tsplib.py(348) : problem size: 25234
[2025-11-07 23:07:57] TSPTester_tsplib.py(241) : [bbz25234] score=71265.000, opt=69335.000, gap=2.784%, time=3107.104s
[2025-11-07 23:07:57] TSPTester_tsplib.py(242) : ===============================================================
[2025-11-07 23:07:57] TSPTester_tsplib.py(266) : [Range 10000, 100001) done. solved 50/50, total 156167.57s, avg_throughput 3123.35s/inst, avg_solved_only 3123.28s/inst, avg_gap 3.411%
[2025-11-07 23:07:57] TSPTester_tsplib.py(271) : ===============================================================
[2025-11-07 23:07:57] TSPTester_tsplib.py(281) : LIB all ranges done. solved 228/228, total 528218.80s, avg 2316.75s, overall_avg_gap 1.267%
[2025-11-07 23:07:57] TSPTester_tsplib.py(286) : ===============================================================
